[0.000000] (-) TimerEvent: {}
[0.000324] (autoware_planning_msgs) JobQueued: {'identifier': 'autoware_planning_msgs', 'dependencies': OrderedDict()}
[0.000356] (autoware_planning_msgs) JobStarted: {'identifier': 'autoware_planning_msgs'}
[0.034313] (autoware_planning_msgs) JobProgress: {'identifier': 'autoware_planning_msgs', 'progress': 'cmake'}
[0.035797] (autoware_planning_msgs) JobProgress: {'identifier': 'autoware_planning_msgs', 'progress': 'build'}
[0.035897] (autoware_planning_msgs) Command: {'cmd': ['/usr/local/MATLAB/R2025b/bin/glnxa64/cmake/bin/cmake', '--build', '/home/omer/custom_pure_pursuit/simulink_models/matlab_msg_gen/glnxa64/build/autoware_planning_msgs', '--', '-j8', '-l8'], 'cwd': '/home/omer/custom_pure_pursuit/simulink_models/matlab_msg_gen/glnxa64/build/autoware_planning_msgs', 'env': OrderedDict([('GJS_DEBUG_TOPICS', 'JS ERROR;JS LOG'), ('ARCH', 'glnxa64'), ('CUSTOM_LD_LIBRARY_PATH', ''), ('USER', 'omer'), ('LOCAL_PYTHON_VENV_PATH', '/home/omer/.matlab/R2025b/ros2/glnxa64/venv'), ('MEMKIND_HEAP_MANAGER', 'TBB'), ('CUSTOM_AMENT_PREFIX_PATH', '/home/omer/custom_pure_pursuit/simulink_models/matlab_msg_gen/glnxa64/install:/usr/local/MATLAB/R2025b/sys/ros2/glnxa64/ros2'), ('XDG_SESSION_TYPE', 'x11'), ('KMP_HANDLE_SIGNALS', '0'), ('SHLVL', '1'), ('ICU_TIMEZONE_FILES_DIR', '/usr/local/MATLAB/R2025b/bin/icutzdata'), ('LD_LIBRARY_PATH', ':/usr/local/MATLAB/R2025b/sys/ros2/glnxa64/ros2/lib:/usr/local/MATLAB/R2025b/sys/os/glnxa64:/usr/local/MATLAB/R2025b/bin/glnxa64:/home/omer/.MathWorks/xdJTwxKhLpLNmhsyPIrTSJYUZLtloJyItpbCjJDyqQg/bin/glnxa64:/usr/local/MATLAB/R2025b/extern/lib/glnxa64:/usr/local/MATLAB/R2025b/cefclient/sys/os/glnxa64:/usr/local/MATLAB/R2025b/runtime/glnxa64:/usr/local/MATLAB/R2025b/sys/java/jre/glnxa64/jre/lib/amd64/native_threads:/usr/local/MATLAB/R2025b/sys/java/jre/glnxa64/jre/lib/amd64/server'), ('BASEMATLABPATH', ''), ('HOME', '/home/omer'), ('AUTOMOUNT_MAP', ''), ('OLDPWD', '/usr/local/MATLAB/R2025b'), ('DESKTOP_SESSION', 'ubuntu-xorg'), ('MW_LD_SHIM', '/usr/local/MATLAB/R2025b/bin/glnxa64/ld_shim.so.2.35.ubuntu_22_04'), ('GIO_LAUNCHED_DESKTOP_FILE', '/usr/share/applications/matlab.desktop'), ('GNOME_SHELL_SESSION_MODE', 'ubuntu'), ('GTK_MODULES', 'gail:atk-bridge'), ('KMP_BLOCKTIME', '1'), ('PS1', '(venv)'), ('LIBVA_MESSAGING_LEVEL', '0'), ('MANAGERPID', '1836'), ('SYSTEMD_EXEC_PID', '2124'), ('DBUS_SESSION_BUS_ADDRESS', 'unix:path=/run/user/1000/bus'), ('GIO_LAUNCHED_DESKTOP_FILE_PID', '38783'), ('CUSTOM_SITE_PACKAGES_PATH', ''), ('COLCON_PREFIX_PATH', '/home/omer/custom_pure_pursuit/simulink_models/matlab_msg_gen/glnxa64/install:/usr/local/MATLAB/R2025b/sys/ros2/glnxa64/ros2:/usr/local/MATLAB/R2025b/sys/ros2/glnxa64/ros2'), ('MWAPIKEY', 'sqZ8OkgIixdxjcwq'), ('ROS_DISTRO', 'jazzy'), ('GTK_IM_MODULE', 'ibus'), ('LOGNAME', 'omer'), ('MATLAB_MEM_MGR_VALUE', ''), ('JOURNAL_STREAM', '8:17793'), ('_', '/home/omer/.matlab/R2025b/ros2/glnxa64/venv/bin/colcon'), ('PKG_CONFIG_PATH', '/usr/local/MATLAB/R2025b/sys/ros2/glnxa64/ros2/lib/pkgconfig'), ('XDG_SESSION_CLASS', 'user'), ('USERNAME', 'omer'), ('TERM', 'dumb'), ('GNOME_DESKTOP_SESSION_ID', 'this-is-deprecated'), ('WINDOWPATH', '2'), ('PATH', '/usr/local/MATLAB/R2025b/bin/glnxa64/cmake/bin::/usr/local/MATLAB/R2025b/sys/ros2/glnxa64/ros2/bin:/home/omer/.matlab/R2025b/ros2/glnxa64/venv/bin:/home/omer/.matlab/R2025b/ros2/glnxa64/venv/bin:/usr/local/MATLAB/R2025b/toolbox/shared/coder/ninja/glnxa64:/home/omer/.local/bin:/usr/local/sbin:/usr/local/bin:/usr/sbin:/usr/bin:/sbin:/bin:/usr/games:/usr/local/games:/snap/bin:/snap/bin:/home/omer/.local/bin'), ('SESSION_MANAGER', 'local/omer-IdeaPad-L340-15IRH-Gaming:@/tmp/.ICE-unix/2097,unix/omer-IdeaPad-L340-15IRH-Gaming:/tmp/.ICE-unix/2097'), ('INVOCATION_ID', '031fc417670c46f595f31bb322e61a03'), ('XDG_MENU_PREFIX', 'gnome-'), ('XDG_RUNTIME_DIR', '/run/user/1000'), ('TOOLBOX', '/usr/local/MATLAB/R2025b/toolbox'), ('MKL_DOMAIN_NUM_THREADS', ''), ('KMP_INIT_AT_FORK', 'false'), ('DISPLAY', ':0'), ('LD_PRELOAD', ''), ('LANG', 'en_US.UTF-8'), ('XDG_CURRENT_DESKTOP', 'ubuntu:GNOME'), ('PRE_LD_PRELOAD', ''), ('VIRTUAL_ENV_PROMPT', '(venv)'), ('RMW_IMPLEMENTATION', ''), ('XMODIFIERS', '@im=ibus'), ('XDG_SESSION_DESKTOP', 'ubuntu-xorg'), ('XAUTHORITY', '/run/user/1000/gdm/Xauthority'), ('SSH_AGENT_LAUNCHER', 'gnome-keyring'), ('SSH_AUTH_SOCK', '/run/user/1000/keyring/ssh'), ('AMENT_PREFIX_PATH', '/home/omer/custom_pure_pursuit/simulink_models/matlab_msg_gen/glnxa64/install:/usr/local/MATLAB/R2025b/sys/ros2/glnxa64/ros2:/usr/local/MATLAB/R2025b/sys/ros2/glnxa64/ros2'), ('SHELL', '/bin/bash'), ('CMAKE_PATH', '/usr/local/MATLAB/R2025b/bin/glnxa64/cmake/bin'), ('XFILESEARCHPATH', '/usr/local/MATLAB/R2025b/sys/java/jre/glnxa64/jre/lib/locale/%L/%T/%N%S:'), ('QT_ACCESSIBILITY', '1'), ('GDMSESSION', 'ubuntu-xorg'), ('OSG_LD_LIBRARY_PATH', '/usr/local/MATLAB/R2025b/sys/openscenegraph/lib/glnxa64'), ('GPG_AGENT_INFO', '/run/user/1000/gnupg/S.gpg-agent:0:1'), ('GJS_DEBUG_OUTPUT', 'stderr'), ('VIRTUAL_ENV', '/home/omer/.matlab/R2025b/ros2/glnxa64/venv'), ('CUSTOM_PATH', ''), ('KMP_STACKSIZE', '512k'), ('QT_IM_MODULE', 'ibus'), ('PWD', '/home/omer/custom_pure_pursuit/simulink_models/matlab_msg_gen/glnxa64/build/autoware_planning_msgs'), ('XDG_CONFIG_DIRS', '/etc/xdg/xdg-ubuntu-xorg:/etc/xdg'), ('DYLD_LIBRARY_PATH', ':/usr/local/MATLAB/R2025b/sys/ros2/glnxa64/ros2/lib:'), ('XDG_DATA_DIRS', '/usr/share/ubuntu-xorg:/usr/share/gnome:/usr/local/share/:/usr/share/:/var/lib/snapd/desktop'), ('MKL_NUM_THREADS', ''), ('MW_PATCH_OFFSETS', '0000117000002EA0'), ('PYTHONPATH', ':/usr/local/MATLAB/R2025b/sys/ros2/glnxa64/ros2/lib/python3.9/site-packages:/home/omer/.matlab/R2025b/ros2/glnxa64/venv/lib/python3.10/site-packages:'), ('LC_NUMERIC', 'C'), ('COLCON', '1'), ('MW_CONNECTOR_COOKIE_SETTINGS', '[{"prefix":"ch_","suffix":"_38783"}]'), ('CMAKE_PREFIX_PATH', '/home/omer/custom_pure_pursuit/simulink_models/matlab_msg_gen/glnxa64/install:/usr/local/MATLAB/R2025b/sys/ros2/glnxa64/ros2:/usr/local/MATLAB/R2025b/sys/ros2/glnxa64/ros2')]), 'shell': False}
[0.059404] (autoware_planning_msgs) StdoutLine: {'line': b'[0/1] Re-running CMake...\n'}
[0.072160] (autoware_planning_msgs) StdoutLine: {'line': b'-- Building for ROS 2 Jazzy\n'}
[0.072486] (autoware_planning_msgs) StdoutLine: {'line': b'-- Found ament_cmake: 2.5.2 (/usr/local/MATLAB/R2025b/sys/ros2/glnxa64/ros2/share/ament_cmake/cmake)\n'}
[0.099287] (-) TimerEvent: {}
[0.167951] (autoware_planning_msgs) StdoutLine: {'line': b'-- Found ament_cmake_ros: 0.12.0 (/usr/local/MATLAB/R2025b/sys/ros2/glnxa64/ros2/share/ament_cmake_ros/cmake)\n'}
[0.174573] (autoware_planning_msgs) StdoutLine: {'line': b'-- Found rosidl_typesupport_c: 3.2.2 (/usr/local/MATLAB/R2025b/sys/ros2/glnxa64/ros2/share/rosidl_typesupport_c/cmake)\n'}
[0.175690] (autoware_planning_msgs) StdoutLine: {'line': b'-- Using all available rosidl_typesupport_c: rosidl_typesupport_fastrtps_c;rosidl_typesupport_introspection_c\n'}
[0.199413] (-) TimerEvent: {}
[0.237253] (autoware_planning_msgs) StdoutLine: {'line': b'-- Found rosidl_typesupport_cpp: 3.2.2 (/usr/local/MATLAB/R2025b/sys/ros2/glnxa64/ros2/share/rosidl_typesupport_cpp/cmake)\n'}
[0.237986] (autoware_planning_msgs) StdoutLine: {'line': b'-- Using all available rosidl_typesupport_cpp: rosidl_typesupport_fastrtps_cpp;rosidl_typesupport_introspection_cpp\n'}
[0.281096] (autoware_planning_msgs) StdoutLine: {'line': b'-- Found rosidl_default_generators: 1.6.0 (/usr/local/MATLAB/R2025b/sys/ros2/glnxa64/ros2/share/rosidl_default_generators/cmake)\n'}
[0.286856] (autoware_planning_msgs) StdoutLine: {'line': b'-- Found rosidl_adapter: 4.8.1 (/usr/local/MATLAB/R2025b/sys/ros2/glnxa64/ros2/share/rosidl_adapter/cmake)\n'}
[0.290716] (autoware_planning_msgs) StdoutLine: {'line': b'-- Found class_loader: 2.7.0 (/usr/local/MATLAB/R2025b/sys/ros2/glnxa64/ros2/share/class_loader/cmake)\n'}
[0.294578] (autoware_planning_msgs) StdoutLine: {'line': b'-- Found geometry_msgs: 5.3.5 (/usr/local/MATLAB/R2025b/sys/ros2/glnxa64/ros2/share/geometry_msgs/cmake)\n'}
[0.299487] (-) TimerEvent: {}
[0.348645] (autoware_planning_msgs) StdoutLine: {'line': b'-- Found rclcpp: 28.1.3 (/usr/local/MATLAB/R2025b/sys/ros2/glnxa64/ros2/share/rclcpp/cmake)\n'}
[0.399588] (-) TimerEvent: {}
[0.413314] (autoware_planning_msgs) StdoutLine: {'line': b'-- Found rmw_implementation_cmake: 7.3.1 (/usr/local/MATLAB/R2025b/sys/ros2/glnxa64/ros2/share/rmw_implementation_cmake/cmake)\n'}
[0.416454] (autoware_planning_msgs) StdoutLine: {'line': b'-- Found rmw_fastrtps_cpp: 9.0.0 (/usr/local/MATLAB/R2025b/sys/ros2/glnxa64/ros2/share/rmw_fastrtps_cpp/cmake)\n'}
[0.466174] (autoware_planning_msgs) StdoutLine: {'line': b"-- Using RMW implementation 'rmw_fastrtps_cpp' as default\n"}
[0.499691] (-) TimerEvent: {}
[0.599951] (-) TimerEvent: {}
[0.700153] (-) TimerEvent: {}
[0.800359] (-) TimerEvent: {}
[0.900597] (-) TimerEvent: {}
[1.000802] (-) TimerEvent: {}
[1.091521] (autoware_planning_msgs) StdoutLine: {'line': b'-- Using all available rosidl_typesupport_c: rosidl_typesupport_fastrtps_c;rosidl_typesupport_introspection_c\n'}
[1.100939] (-) TimerEvent: {}
[1.201187] (-) TimerEvent: {}
[1.301446] (-) TimerEvent: {}
[1.401653] (-) TimerEvent: {}
[1.417721] (autoware_planning_msgs) StdoutLine: {'line': b'-- Using all available rosidl_typesupport_cpp: rosidl_typesupport_fastrtps_cpp;rosidl_typesupport_introspection_cpp\n'}
[1.431617] (autoware_planning_msgs) StdoutLine: {'line': b'-- Configuring done\n'}
[1.470984] (autoware_planning_msgs) StdoutLine: {'line': b'-- Generating done\n'}
[1.478690] (autoware_planning_msgs) StdoutLine: {'line': b'-- Build files have been written to: /home/omer/custom_pure_pursuit/simulink_models/matlab_msg_gen/glnxa64/build/autoware_planning_msgs\n'}
[1.501779] (-) TimerEvent: {}
[1.510452] (autoware_planning_msgs) StdoutLine: {'line': b'ninja: no work to do.\n'}
[1.511886] (autoware_planning_msgs) CommandEnded: {'returncode': 0}
[1.528468] (autoware_planning_msgs) JobProgress: {'identifier': 'autoware_planning_msgs', 'progress': 'install'}
[1.531069] (autoware_planning_msgs) Command: {'cmd': ['/usr/local/MATLAB/R2025b/bin/glnxa64/cmake/bin/cmake', '--install', '/home/omer/custom_pure_pursuit/simulink_models/matlab_msg_gen/glnxa64/build/autoware_planning_msgs'], 'cwd': '/home/omer/custom_pure_pursuit/simulink_models/matlab_msg_gen/glnxa64/build/autoware_planning_msgs', 'env': OrderedDict([('GJS_DEBUG_TOPICS', 'JS ERROR;JS LOG'), ('ARCH', 'glnxa64'), ('CUSTOM_LD_LIBRARY_PATH', ''), ('USER', 'omer'), ('LOCAL_PYTHON_VENV_PATH', '/home/omer/.matlab/R2025b/ros2/glnxa64/venv'), ('MEMKIND_HEAP_MANAGER', 'TBB'), ('CUSTOM_AMENT_PREFIX_PATH', '/home/omer/custom_pure_pursuit/simulink_models/matlab_msg_gen/glnxa64/install:/usr/local/MATLAB/R2025b/sys/ros2/glnxa64/ros2'), ('XDG_SESSION_TYPE', 'x11'), ('KMP_HANDLE_SIGNALS', '0'), ('SHLVL', '1'), ('ICU_TIMEZONE_FILES_DIR', '/usr/local/MATLAB/R2025b/bin/icutzdata'), ('LD_LIBRARY_PATH', ':/usr/local/MATLAB/R2025b/sys/ros2/glnxa64/ros2/lib:/usr/local/MATLAB/R2025b/sys/os/glnxa64:/usr/local/MATLAB/R2025b/bin/glnxa64:/home/omer/.MathWorks/xdJTwxKhLpLNmhsyPIrTSJYUZLtloJyItpbCjJDyqQg/bin/glnxa64:/usr/local/MATLAB/R2025b/extern/lib/glnxa64:/usr/local/MATLAB/R2025b/cefclient/sys/os/glnxa64:/usr/local/MATLAB/R2025b/runtime/glnxa64:/usr/local/MATLAB/R2025b/sys/java/jre/glnxa64/jre/lib/amd64/native_threads:/usr/local/MATLAB/R2025b/sys/java/jre/glnxa64/jre/lib/amd64/server'), ('BASEMATLABPATH', ''), ('HOME', '/home/omer'), ('AUTOMOUNT_MAP', ''), ('OLDPWD', '/usr/local/MATLAB/R2025b'), ('DESKTOP_SESSION', 'ubuntu-xorg'), ('MW_LD_SHIM', '/usr/local/MATLAB/R2025b/bin/glnxa64/ld_shim.so.2.35.ubuntu_22_04'), ('GIO_LAUNCHED_DESKTOP_FILE', '/usr/share/applications/matlab.desktop'), ('GNOME_SHELL_SESSION_MODE', 'ubuntu'), ('GTK_MODULES', 'gail:atk-bridge'), ('KMP_BLOCKTIME', '1'), ('PS1', '(venv)'), ('LIBVA_MESSAGING_LEVEL', '0'), ('MANAGERPID', '1836'), ('SYSTEMD_EXEC_PID', '2124'), ('DBUS_SESSION_BUS_ADDRESS', 'unix:path=/run/user/1000/bus'), ('GIO_LAUNCHED_DESKTOP_FILE_PID', '38783'), ('CUSTOM_SITE_PACKAGES_PATH', ''), ('COLCON_PREFIX_PATH', '/home/omer/custom_pure_pursuit/simulink_models/matlab_msg_gen/glnxa64/install:/usr/local/MATLAB/R2025b/sys/ros2/glnxa64/ros2:/usr/local/MATLAB/R2025b/sys/ros2/glnxa64/ros2'), ('MWAPIKEY', 'sqZ8OkgIixdxjcwq'), ('ROS_DISTRO', 'jazzy'), ('GTK_IM_MODULE', 'ibus'), ('LOGNAME', 'omer'), ('MATLAB_MEM_MGR_VALUE', ''), ('JOURNAL_STREAM', '8:17793'), ('_', '/home/omer/.matlab/R2025b/ros2/glnxa64/venv/bin/colcon'), ('PKG_CONFIG_PATH', '/usr/local/MATLAB/R2025b/sys/ros2/glnxa64/ros2/lib/pkgconfig'), ('XDG_SESSION_CLASS', 'user'), ('USERNAME', 'omer'), ('TERM', 'dumb'), ('GNOME_DESKTOP_SESSION_ID', 'this-is-deprecated'), ('WINDOWPATH', '2'), ('PATH', '/usr/local/MATLAB/R2025b/bin/glnxa64/cmake/bin::/usr/local/MATLAB/R2025b/sys/ros2/glnxa64/ros2/bin:/home/omer/.matlab/R2025b/ros2/glnxa64/venv/bin:/home/omer/.matlab/R2025b/ros2/glnxa64/venv/bin:/usr/local/MATLAB/R2025b/toolbox/shared/coder/ninja/glnxa64:/home/omer/.local/bin:/usr/local/sbin:/usr/local/bin:/usr/sbin:/usr/bin:/sbin:/bin:/usr/games:/usr/local/games:/snap/bin:/snap/bin:/home/omer/.local/bin'), ('SESSION_MANAGER', 'local/omer-IdeaPad-L340-15IRH-Gaming:@/tmp/.ICE-unix/2097,unix/omer-IdeaPad-L340-15IRH-Gaming:/tmp/.ICE-unix/2097'), ('INVOCATION_ID', '031fc417670c46f595f31bb322e61a03'), ('XDG_MENU_PREFIX', 'gnome-'), ('XDG_RUNTIME_DIR', '/run/user/1000'), ('TOOLBOX', '/usr/local/MATLAB/R2025b/toolbox'), ('MKL_DOMAIN_NUM_THREADS', ''), ('KMP_INIT_AT_FORK', 'false'), ('DISPLAY', ':0'), ('LD_PRELOAD', ''), ('LANG', 'en_US.UTF-8'), ('XDG_CURRENT_DESKTOP', 'ubuntu:GNOME'), ('PRE_LD_PRELOAD', ''), ('VIRTUAL_ENV_PROMPT', '(venv)'), ('RMW_IMPLEMENTATION', ''), ('XMODIFIERS', '@im=ibus'), ('XDG_SESSION_DESKTOP', 'ubuntu-xorg'), ('XAUTHORITY', '/run/user/1000/gdm/Xauthority'), ('SSH_AGENT_LAUNCHER', 'gnome-keyring'), ('SSH_AUTH_SOCK', '/run/user/1000/keyring/ssh'), ('AMENT_PREFIX_PATH', '/home/omer/custom_pure_pursuit/simulink_models/matlab_msg_gen/glnxa64/install:/usr/local/MATLAB/R2025b/sys/ros2/glnxa64/ros2:/usr/local/MATLAB/R2025b/sys/ros2/glnxa64/ros2'), ('SHELL', '/bin/bash'), ('CMAKE_PATH', '/usr/local/MATLAB/R2025b/bin/glnxa64/cmake/bin'), ('XFILESEARCHPATH', '/usr/local/MATLAB/R2025b/sys/java/jre/glnxa64/jre/lib/locale/%L/%T/%N%S:'), ('QT_ACCESSIBILITY', '1'), ('GDMSESSION', 'ubuntu-xorg'), ('OSG_LD_LIBRARY_PATH', '/usr/local/MATLAB/R2025b/sys/openscenegraph/lib/glnxa64'), ('GPG_AGENT_INFO', '/run/user/1000/gnupg/S.gpg-agent:0:1'), ('GJS_DEBUG_OUTPUT', 'stderr'), ('VIRTUAL_ENV', '/home/omer/.matlab/R2025b/ros2/glnxa64/venv'), ('CUSTOM_PATH', ''), ('KMP_STACKSIZE', '512k'), ('QT_IM_MODULE', 'ibus'), ('PWD', '/home/omer/custom_pure_pursuit/simulink_models/matlab_msg_gen/glnxa64/build/autoware_planning_msgs'), ('XDG_CONFIG_DIRS', '/etc/xdg/xdg-ubuntu-xorg:/etc/xdg'), ('DYLD_LIBRARY_PATH', ':/usr/local/MATLAB/R2025b/sys/ros2/glnxa64/ros2/lib:'), ('XDG_DATA_DIRS', '/usr/share/ubuntu-xorg:/usr/share/gnome:/usr/local/share/:/usr/share/:/var/lib/snapd/desktop'), ('MKL_NUM_THREADS', ''), ('MW_PATCH_OFFSETS', '0000117000002EA0'), ('PYTHONPATH', ':/usr/local/MATLAB/R2025b/sys/ros2/glnxa64/ros2/lib/python3.9/site-packages:/home/omer/.matlab/R2025b/ros2/glnxa64/venv/lib/python3.10/site-packages:'), ('LC_NUMERIC', 'C'), ('COLCON', '1'), ('MW_CONNECTOR_COOKIE_SETTINGS', '[{"prefix":"ch_","suffix":"_38783"}]'), ('CMAKE_PREFIX_PATH', '/home/omer/custom_pure_pursuit/simulink_models/matlab_msg_gen/glnxa64/install:/usr/local/MATLAB/R2025b/sys/ros2/glnxa64/ros2:/usr/local/MATLAB/R2025b/sys/ros2/glnxa64/ros2')]), 'shell': False}
[1.534290] (autoware_planning_msgs) StdoutLine: {'line': b'-- Install configuration: "Release"\n'}
[1.534487] (autoware_planning_msgs) StdoutLine: {'line': b'-- Up-to-date: /home/omer/custom_pure_pursuit/simulink_models/matlab_msg_gen/glnxa64/install/share/ament_index/resource_index/rosidl_interfaces/autoware_planning_msgs\n'}
[1.534675] (autoware_planning_msgs) StdoutLine: {'line': b'-- Up-to-date: /home/omer/custom_pure_pursuit/simulink_models/matlab_msg_gen/glnxa64/install/share/autoware_planning_msgs/msg/Path.json\n'}
[1.534903] (autoware_planning_msgs) StdoutLine: {'line': b'-- Up-to-date: /home/omer/custom_pure_pursuit/simulink_models/matlab_msg_gen/glnxa64/install/share/autoware_planning_msgs/msg/PathPoint.json\n'}
[1.535078] (autoware_planning_msgs) StdoutLine: {'line': b'-- Up-to-date: /home/omer/custom_pure_pursuit/simulink_models/matlab_msg_gen/glnxa64/install/include/autoware_planning_msgs/autoware_planning_msgs\n'}
[1.535245] (autoware_planning_msgs) StdoutLine: {'line': b'-- Up-to-date: /home/omer/custom_pure_pursuit/simulink_models/matlab_msg_gen/glnxa64/install/include/autoware_planning_msgs/autoware_planning_msgs/msg\n'}
[1.535385] (autoware_planning_msgs) StdoutLine: {'line': b'-- Up-to-date: /home/omer/custom_pure_pursuit/simulink_models/matlab_msg_gen/glnxa64/install/include/autoware_planning_msgs/autoware_planning_msgs/msg/detail\n'}
[1.535546] (autoware_planning_msgs) StdoutLine: {'line': b'-- Up-to-date: /home/omer/custom_pure_pursuit/simulink_models/matlab_msg_gen/glnxa64/install/include/autoware_planning_msgs/autoware_planning_msgs/msg/detail/path_point__description.c\n'}
[1.535667] (autoware_planning_msgs) StdoutLine: {'line': b'-- Up-to-date: /home/omer/custom_pure_pursuit/simulink_models/matlab_msg_gen/glnxa64/install/include/autoware_planning_msgs/autoware_planning_msgs/msg/detail/path_point__type_support.h\n'}
[1.535843] (autoware_planning_msgs) StdoutLine: {'line': b'-- Up-to-date: /home/omer/custom_pure_pursuit/simulink_models/matlab_msg_gen/glnxa64/install/include/autoware_planning_msgs/autoware_planning_msgs/msg/detail/path_point__struct.h\n'}
[1.536047] (autoware_planning_msgs) StdoutLine: {'line': b'-- Up-to-date: /home/omer/custom_pure_pursuit/simulink_models/matlab_msg_gen/glnxa64/install/include/autoware_planning_msgs/autoware_planning_msgs/msg/detail/path_point__type_support.c\n'}
[1.536203] (autoware_planning_msgs) StdoutLine: {'line': b'-- Up-to-date: /home/omer/custom_pure_pursuit/simulink_models/matlab_msg_gen/glnxa64/install/include/autoware_planning_msgs/autoware_planning_msgs/msg/detail/path__functions.h\n'}
[1.536367] (autoware_planning_msgs) StdoutLine: {'line': b'-- Up-to-date: /home/omer/custom_pure_pursuit/simulink_models/matlab_msg_gen/glnxa64/install/include/autoware_planning_msgs/autoware_planning_msgs/msg/detail/path__struct.h\n'}
[1.536628] (autoware_planning_msgs) StdoutLine: {'line': b'-- Up-to-date: /home/omer/custom_pure_pursuit/simulink_models/matlab_msg_gen/glnxa64/install/include/autoware_planning_msgs/autoware_planning_msgs/msg/detail/path__type_support.c\n'}
[1.536882] (autoware_planning_msgs) StdoutLine: {'line': b'-- Up-to-date: /home/omer/custom_pure_pursuit/simulink_models/matlab_msg_gen/glnxa64/install/include/autoware_planning_msgs/autoware_planning_msgs/msg/detail/path__description.c\n'}
[1.537088] (autoware_planning_msgs) StdoutLine: {'line': b'-- Up-to-date: /home/omer/custom_pure_pursuit/simulink_models/matlab_msg_gen/glnxa64/install/include/autoware_planning_msgs/autoware_planning_msgs/msg/detail/path_point__functions.c\n'}
[1.537297] (autoware_planning_msgs) StdoutLine: {'line': b'-- Up-to-date: /home/omer/custom_pure_pursuit/simulink_models/matlab_msg_gen/glnxa64/install/include/autoware_planning_msgs/autoware_planning_msgs/msg/detail/path_point__functions.h\n'}
[1.537440] (autoware_planning_msgs) StdoutLine: {'line': b'-- Up-to-date: /home/omer/custom_pure_pursuit/simulink_models/matlab_msg_gen/glnxa64/install/include/autoware_planning_msgs/autoware_planning_msgs/msg/detail/path__type_support.h\n'}
[1.537687] (autoware_planning_msgs) StdoutLine: {'line': b'-- Up-to-date: /home/omer/custom_pure_pursuit/simulink_models/matlab_msg_gen/glnxa64/install/include/autoware_planning_msgs/autoware_planning_msgs/msg/detail/path__functions.c\n'}
[1.537900] (autoware_planning_msgs) StdoutLine: {'line': b'-- Up-to-date: /home/omer/custom_pure_pursuit/simulink_models/matlab_msg_gen/glnxa64/install/include/autoware_planning_msgs/autoware_planning_msgs/msg/path.h\n'}
[1.538049] (autoware_planning_msgs) StdoutLine: {'line': b'-- Up-to-date: /home/omer/custom_pure_pursuit/simulink_models/matlab_msg_gen/glnxa64/install/include/autoware_planning_msgs/autoware_planning_msgs/msg/rosidl_generator_c__visibility_control.h\n'}
[1.538258] (autoware_planning_msgs) StdoutLine: {'line': b'-- Up-to-date: /home/omer/custom_pure_pursuit/simulink_models/matlab_msg_gen/glnxa64/install/include/autoware_planning_msgs/autoware_planning_msgs/msg/path_point.h\n'}
[1.538445] (autoware_planning_msgs) StdoutLine: {'line': b'-- Up-to-date: /home/omer/custom_pure_pursuit/simulink_models/matlab_msg_gen/glnxa64/install/share/autoware_planning_msgs/environment/library_path.sh\n'}
[1.538612] (autoware_planning_msgs) StdoutLine: {'line': b'-- Up-to-date: /home/omer/custom_pure_pursuit/simulink_models/matlab_msg_gen/glnxa64/install/share/autoware_planning_msgs/environment/library_path.dsv\n'}
[1.538819] (autoware_planning_msgs) StdoutLine: {'line': b'-- Up-to-date: /home/omer/custom_pure_pursuit/simulink_models/matlab_msg_gen/glnxa64/install/lib/libautoware_planning_msgs__rosidl_generator_c.so\n'}
[1.539029] (autoware_planning_msgs) StdoutLine: {'line': b'-- Up-to-date: /home/omer/custom_pure_pursuit/simulink_models/matlab_msg_gen/glnxa64/install/include/autoware_planning_msgs/autoware_planning_msgs\n'}
[1.539227] (autoware_planning_msgs) StdoutLine: {'line': b'-- Up-to-date: /home/omer/custom_pure_pursuit/simulink_models/matlab_msg_gen/glnxa64/install/include/autoware_planning_msgs/autoware_planning_msgs/msg\n'}
[1.539342] (autoware_planning_msgs) StdoutLine: {'line': b'-- Up-to-date: /home/omer/custom_pure_pursuit/simulink_models/matlab_msg_gen/glnxa64/install/include/autoware_planning_msgs/autoware_planning_msgs/msg/detail\n'}
[1.539497] (autoware_planning_msgs) StdoutLine: {'line': b'-- Up-to-date: /home/omer/custom_pure_pursuit/simulink_models/matlab_msg_gen/glnxa64/install/include/autoware_planning_msgs/autoware_planning_msgs/msg/detail/path_point__rosidl_typesupport_fastrtps_c.h\n'}
[1.539643] (autoware_planning_msgs) StdoutLine: {'line': b'-- Up-to-date: /home/omer/custom_pure_pursuit/simulink_models/matlab_msg_gen/glnxa64/install/include/autoware_planning_msgs/autoware_planning_msgs/msg/detail/path__rosidl_typesupport_fastrtps_c.h\n'}
[1.539805] (autoware_planning_msgs) StdoutLine: {'line': b'-- Up-to-date: /home/omer/custom_pure_pursuit/simulink_models/matlab_msg_gen/glnxa64/install/include/autoware_planning_msgs/autoware_planning_msgs/msg/rosidl_typesupport_fastrtps_c__visibility_control.h\n'}
[1.539953] (autoware_planning_msgs) StdoutLine: {'line': b'-- Up-to-date: /home/omer/custom_pure_pursuit/simulink_models/matlab_msg_gen/glnxa64/install/lib/libautoware_planning_msgs__rosidl_typesupport_fastrtps_c.so\n'}
[1.540059] (autoware_planning_msgs) StdoutLine: {'line': b'-- Up-to-date: /home/omer/custom_pure_pursuit/simulink_models/matlab_msg_gen/glnxa64/install/include/autoware_planning_msgs/autoware_planning_msgs\n'}
[1.540188] (autoware_planning_msgs) StdoutLine: {'line': b'-- Up-to-date: /home/omer/custom_pure_pursuit/simulink_models/matlab_msg_gen/glnxa64/install/include/autoware_planning_msgs/autoware_planning_msgs/msg\n'}
[1.540302] (autoware_planning_msgs) StdoutLine: {'line': b'-- Up-to-date: /home/omer/custom_pure_pursuit/simulink_models/matlab_msg_gen/glnxa64/install/include/autoware_planning_msgs/autoware_planning_msgs/msg/rosidl_typesupport_introspection_c__visibility_control.h\n'}
[1.540422] (autoware_planning_msgs) StdoutLine: {'line': b'-- Up-to-date: /home/omer/custom_pure_pursuit/simulink_models/matlab_msg_gen/glnxa64/install/include/autoware_planning_msgs/autoware_planning_msgs/msg/detail\n'}
[1.540551] (autoware_planning_msgs) StdoutLine: {'line': b'-- Up-to-date: /home/omer/custom_pure_pursuit/simulink_models/matlab_msg_gen/glnxa64/install/include/autoware_planning_msgs/autoware_planning_msgs/msg/detail/path__rosidl_typesupport_introspection_c.h\n'}
[1.540655] (autoware_planning_msgs) StdoutLine: {'line': b'-- Up-to-date: /home/omer/custom_pure_pursuit/simulink_models/matlab_msg_gen/glnxa64/install/include/autoware_planning_msgs/autoware_planning_msgs/msg/detail/path_point__type_support.c\n'}
[1.540795] (autoware_planning_msgs) StdoutLine: {'line': b'-- Up-to-date: /home/omer/custom_pure_pursuit/simulink_models/matlab_msg_gen/glnxa64/install/include/autoware_planning_msgs/autoware_planning_msgs/msg/detail/path__type_support.c\n'}
[1.540926] (autoware_planning_msgs) StdoutLine: {'line': b'-- Up-to-date: /home/omer/custom_pure_pursuit/simulink_models/matlab_msg_gen/glnxa64/install/include/autoware_planning_msgs/autoware_planning_msgs/msg/detail/path_point__rosidl_typesupport_introspection_c.h\n'}
[1.541059] (autoware_planning_msgs) StdoutLine: {'line': b'-- Up-to-date: /home/omer/custom_pure_pursuit/simulink_models/matlab_msg_gen/glnxa64/install/lib/libautoware_planning_msgs__rosidl_typesupport_introspection_c.so\n'}
[1.541196] (autoware_planning_msgs) StdoutLine: {'line': b'-- Up-to-date: /home/omer/custom_pure_pursuit/simulink_models/matlab_msg_gen/glnxa64/install/lib/libautoware_planning_msgs__rosidl_typesupport_c.so\n'}
[1.541300] (autoware_planning_msgs) StdoutLine: {'line': b'-- Up-to-date: /home/omer/custom_pure_pursuit/simulink_models/matlab_msg_gen/glnxa64/install/include/autoware_planning_msgs/autoware_planning_msgs\n'}
[1.541439] (autoware_planning_msgs) StdoutLine: {'line': b'-- Up-to-date: /home/omer/custom_pure_pursuit/simulink_models/matlab_msg_gen/glnxa64/install/include/autoware_planning_msgs/autoware_planning_msgs/msg\n'}
[1.541540] (autoware_planning_msgs) StdoutLine: {'line': b'-- Up-to-date: /home/omer/custom_pure_pursuit/simulink_models/matlab_msg_gen/glnxa64/install/include/autoware_planning_msgs/autoware_planning_msgs/msg/path.hpp\n'}
[1.541637] (autoware_planning_msgs) StdoutLine: {'line': b'-- Up-to-date: /home/omer/custom_pure_pursuit/simulink_models/matlab_msg_gen/glnxa64/install/include/autoware_planning_msgs/autoware_planning_msgs/msg/rosidl_generator_cpp__visibility_control.hpp\n'}
[1.541767] (autoware_planning_msgs) StdoutLine: {'line': b'-- Up-to-date: /home/omer/custom_pure_pursuit/simulink_models/matlab_msg_gen/glnxa64/install/include/autoware_planning_msgs/autoware_planning_msgs/msg/detail\n'}
[1.541864] (autoware_planning_msgs) StdoutLine: {'line': b'-- Up-to-date: /home/omer/custom_pure_pursuit/simulink_models/matlab_msg_gen/glnxa64/install/include/autoware_planning_msgs/autoware_planning_msgs/msg/detail/path_point__builder.hpp\n'}
[1.542008] (autoware_planning_msgs) StdoutLine: {'line': b'-- Up-to-date: /home/omer/custom_pure_pursuit/simulink_models/matlab_msg_gen/glnxa64/install/include/autoware_planning_msgs/autoware_planning_msgs/msg/detail/path__traits.hpp\n'}
[1.542114] (autoware_planning_msgs) StdoutLine: {'line': b'-- Up-to-date: /home/omer/custom_pure_pursuit/simulink_models/matlab_msg_gen/glnxa64/install/include/autoware_planning_msgs/autoware_planning_msgs/msg/detail/path__struct.hpp\n'}
[1.542253] (autoware_planning_msgs) StdoutLine: {'line': b'-- Up-to-date: /home/omer/custom_pure_pursuit/simulink_models/matlab_msg_gen/glnxa64/install/include/autoware_planning_msgs/autoware_planning_msgs/msg/detail/path__builder.hpp\n'}
[1.542374] (autoware_planning_msgs) StdoutLine: {'line': b'-- Up-to-date: /home/omer/custom_pure_pursuit/simulink_models/matlab_msg_gen/glnxa64/install/include/autoware_planning_msgs/autoware_planning_msgs/msg/detail/path_point__struct.hpp\n'}
[1.542483] (autoware_planning_msgs) StdoutLine: {'line': b'-- Up-to-date: /home/omer/custom_pure_pursuit/simulink_models/matlab_msg_gen/glnxa64/install/include/autoware_planning_msgs/autoware_planning_msgs/msg/detail/path_point__traits.hpp\n'}
[1.542644] (autoware_planning_msgs) StdoutLine: {'line': b'-- Up-to-date: /home/omer/custom_pure_pursuit/simulink_models/matlab_msg_gen/glnxa64/install/include/autoware_planning_msgs/autoware_planning_msgs/msg/detail/path__type_support.hpp\n'}
[1.542792] (autoware_planning_msgs) StdoutLine: {'line': b'-- Up-to-date: /home/omer/custom_pure_pursuit/simulink_models/matlab_msg_gen/glnxa64/install/include/autoware_planning_msgs/autoware_planning_msgs/msg/detail/path_point__type_support.hpp\n'}
[1.542945] (autoware_planning_msgs) StdoutLine: {'line': b'-- Up-to-date: /home/omer/custom_pure_pursuit/simulink_models/matlab_msg_gen/glnxa64/install/include/autoware_planning_msgs/autoware_planning_msgs/msg/path_point.hpp\n'}
[1.543092] (autoware_planning_msgs) StdoutLine: {'line': b'-- Up-to-date: /home/omer/custom_pure_pursuit/simulink_models/matlab_msg_gen/glnxa64/install/include/autoware_planning_msgs/autoware_planning_msgs\n'}
[1.543250] (autoware_planning_msgs) StdoutLine: {'line': b'-- Up-to-date: /home/omer/custom_pure_pursuit/simulink_models/matlab_msg_gen/glnxa64/install/include/autoware_planning_msgs/autoware_planning_msgs/msg\n'}
[1.543367] (autoware_planning_msgs) StdoutLine: {'line': b'-- Up-to-date: /home/omer/custom_pure_pursuit/simulink_models/matlab_msg_gen/glnxa64/install/include/autoware_planning_msgs/autoware_planning_msgs/msg/detail\n'}
[1.543470] (autoware_planning_msgs) StdoutLine: {'line': b'-- Up-to-date: /home/omer/custom_pure_pursuit/simulink_models/matlab_msg_gen/glnxa64/install/include/autoware_planning_msgs/autoware_planning_msgs/msg/detail/dds_fastrtps\n'}
[1.543573] (autoware_planning_msgs) StdoutLine: {'line': b'-- Up-to-date: /home/omer/custom_pure_pursuit/simulink_models/matlab_msg_gen/glnxa64/install/include/autoware_planning_msgs/autoware_planning_msgs/msg/detail/path__rosidl_typesupport_fastrtps_cpp.hpp\n'}
[1.543684] (autoware_planning_msgs) StdoutLine: {'line': b'-- Up-to-date: /home/omer/custom_pure_pursuit/simulink_models/matlab_msg_gen/glnxa64/install/include/autoware_planning_msgs/autoware_planning_msgs/msg/detail/path_point__rosidl_typesupport_fastrtps_cpp.hpp\n'}
[1.543822] (autoware_planning_msgs) StdoutLine: {'line': b'-- Up-to-date: /home/omer/custom_pure_pursuit/simulink_models/matlab_msg_gen/glnxa64/install/include/autoware_planning_msgs/autoware_planning_msgs/msg/rosidl_typesupport_fastrtps_cpp__visibility_control.h\n'}
[1.543922] (autoware_planning_msgs) StdoutLine: {'line': b'-- Up-to-date: /home/omer/custom_pure_pursuit/simulink_models/matlab_msg_gen/glnxa64/install/lib/libautoware_planning_msgs__rosidl_typesupport_fastrtps_cpp.so\n'}
[1.544024] (autoware_planning_msgs) StdoutLine: {'line': b'-- Up-to-date: /home/omer/custom_pure_pursuit/simulink_models/matlab_msg_gen/glnxa64/install/include/autoware_planning_msgs/autoware_planning_msgs\n'}
[1.544133] (autoware_planning_msgs) StdoutLine: {'line': b'-- Up-to-date: /home/omer/custom_pure_pursuit/simulink_models/matlab_msg_gen/glnxa64/install/include/autoware_planning_msgs/autoware_planning_msgs/msg\n'}
[1.544450] (autoware_planning_msgs) StdoutLine: {'line': b'-- Up-to-date: /home/omer/custom_pure_pursuit/simulink_models/matlab_msg_gen/glnxa64/install/include/autoware_planning_msgs/autoware_planning_msgs/msg/detail\n'}
[1.547096] (autoware_planning_msgs) StdoutLine: {'line': b'-- Up-to-date: /home/omer/custom_pure_pursuit/simulink_models/matlab_msg_gen/glnxa64/install/include/autoware_planning_msgs/autoware_planning_msgs/msg/detail/path__type_support.cpp\n'}
[1.547355] (autoware_planning_msgs) StdoutLine: {'line': b'-- Up-to-date: /home/omer/custom_pure_pursuit/simulink_models/matlab_msg_gen/glnxa64/install/include/autoware_planning_msgs/autoware_planning_msgs/msg/detail/path__rosidl_typesupport_introspection_cpp.hpp\n'}
[1.547489] (autoware_planning_msgs) StdoutLine: {'line': b'-- Up-to-date: /home/omer/custom_pure_pursuit/simulink_models/matlab_msg_gen/glnxa64/install/include/autoware_planning_msgs/autoware_planning_msgs/msg/detail/path_point__rosidl_typesupport_introspection_cpp.hpp\n'}
[1.547675] (autoware_planning_msgs) StdoutLine: {'line': b'-- Up-to-date: /home/omer/custom_pure_pursuit/simulink_models/matlab_msg_gen/glnxa64/install/include/autoware_planning_msgs/autoware_planning_msgs/msg/detail/path_point__type_support.cpp\n'}
[1.547799] (autoware_planning_msgs) StdoutLine: {'line': b'-- Up-to-date: /home/omer/custom_pure_pursuit/simulink_models/matlab_msg_gen/glnxa64/install/lib/libautoware_planning_msgs__rosidl_typesupport_introspection_cpp.so\n'}
[1.548007] (autoware_planning_msgs) StdoutLine: {'line': b'-- Up-to-date: /home/omer/custom_pure_pursuit/simulink_models/matlab_msg_gen/glnxa64/install/lib/libautoware_planning_msgs__rosidl_typesupport_cpp.so\n'}
[1.548144] (autoware_planning_msgs) StdoutLine: {'line': b'-- Up-to-date: /home/omer/custom_pure_pursuit/simulink_models/matlab_msg_gen/glnxa64/install/share/autoware_planning_msgs/msg/Path.idl\n'}
[1.550483] (autoware_planning_msgs) StdoutLine: {'line': b'-- Up-to-date: /home/omer/custom_pure_pursuit/simulink_models/matlab_msg_gen/glnxa64/install/share/autoware_planning_msgs/msg/PathPoint.idl\n'}
[1.550607] (autoware_planning_msgs) StdoutLine: {'line': b'-- Up-to-date: /home/omer/custom_pure_pursuit/simulink_models/matlab_msg_gen/glnxa64/install/share/autoware_planning_msgs/msg/Path.msg\n'}
[1.552605] (autoware_planning_msgs) StdoutLine: {'line': b'-- Up-to-date: /home/omer/custom_pure_pursuit/simulink_models/matlab_msg_gen/glnxa64/install/share/autoware_planning_msgs/msg/PathPoint.msg\n'}
[1.552774] (autoware_planning_msgs) StdoutLine: {'line': b'-- Up-to-date: /home/omer/custom_pure_pursuit/simulink_models/matlab_msg_gen/glnxa64/install/include\n'}
[1.552965] (autoware_planning_msgs) StdoutLine: {'line': b'-- Up-to-date: /home/omer/custom_pure_pursuit/simulink_models/matlab_msg_gen/glnxa64/install/include/autoware_planning_msgs\n'}
[1.553088] (autoware_planning_msgs) StdoutLine: {'line': b'-- Up-to-date: /home/omer/custom_pure_pursuit/simulink_models/matlab_msg_gen/glnxa64/install/include/autoware_planning_msgs/visibility_control.h\n'}
[1.555376] (autoware_planning_msgs) StdoutLine: {'line': b'-- Up-to-date: /home/omer/custom_pure_pursuit/simulink_models/matlab_msg_gen/glnxa64/install/lib/libautoware_planning_msgs_matlab.so\n'}
[1.555515] (autoware_planning_msgs) StdoutLine: {'line': b'-- Up-to-date: /home/omer/custom_pure_pursuit/simulink_models/matlab_msg_gen/glnxa64/install/m/\n'}
[1.559496] (autoware_planning_msgs) StdoutLine: {'line': b'-- Up-to-date: /home/omer/custom_pure_pursuit/simulink_models/matlab_msg_gen/glnxa64/install/m//+ros\n'}
[1.559693] (autoware_planning_msgs) StdoutLine: {'line': b'-- Up-to-date: /home/omer/custom_pure_pursuit/simulink_models/matlab_msg_gen/glnxa64/install/m//+ros/+internal\n'}
[1.559898] (autoware_planning_msgs) StdoutLine: {'line': b'-- Up-to-date: /home/omer/custom_pure_pursuit/simulink_models/matlab_msg_gen/glnxa64/install/m//+ros/+internal/+ros2\n'}
[1.560000] (autoware_planning_msgs) StdoutLine: {'line': b'-- Up-to-date: /home/omer/custom_pure_pursuit/simulink_models/matlab_msg_gen/glnxa64/install/m//+ros/+internal/+ros2/+custommessages\n'}
[1.560203] (autoware_planning_msgs) StdoutLine: {'line': b'-- Up-to-date: /home/omer/custom_pure_pursuit/simulink_models/matlab_msg_gen/glnxa64/install/m//+ros/+internal/+ros2/+custommessages/+autoware_planning_msgs\n'}
[1.560362] (autoware_planning_msgs) StdoutLine: {'line': b'-- Up-to-date: /home/omer/custom_pure_pursuit/simulink_models/matlab_msg_gen/glnxa64/install/m//+ros/+internal/+ros2/+custommessages/+autoware_planning_msgs/pathPoint.m\n'}
[1.560545] (autoware_planning_msgs) StdoutLine: {'line': b'-- Up-to-date: /home/omer/custom_pure_pursuit/simulink_models/matlab_msg_gen/glnxa64/install/m//+ros/+internal/+ros2/+custommessages/+autoware_planning_msgs/path.m\n'}
[1.560736] (autoware_planning_msgs) StdoutLine: {'line': b'-- Up-to-date: /home/omer/custom_pure_pursuit/simulink_models/matlab_msg_gen/glnxa64/install/share/ament_index/resource_index/package_run_dependencies/autoware_planning_msgs\n'}
[1.560872] (autoware_planning_msgs) StdoutLine: {'line': b'-- Installing: /home/omer/custom_pure_pursuit/simulink_models/matlab_msg_gen/glnxa64/install/share/ament_index/resource_index/parent_prefix_path/autoware_planning_msgs\n'}
[1.561055] (autoware_planning_msgs) StdoutLine: {'line': b'-- Up-to-date: /home/omer/custom_pure_pursuit/simulink_models/matlab_msg_gen/glnxa64/install/share/autoware_planning_msgs/environment/ament_prefix_path.sh\n'}
[1.563171] (autoware_planning_msgs) StdoutLine: {'line': b'-- Up-to-date: /home/omer/custom_pure_pursuit/simulink_models/matlab_msg_gen/glnxa64/install/share/autoware_planning_msgs/environment/ament_prefix_path.dsv\n'}
[1.563395] (autoware_planning_msgs) StdoutLine: {'line': b'-- Up-to-date: /home/omer/custom_pure_pursuit/simulink_models/matlab_msg_gen/glnxa64/install/share/autoware_planning_msgs/environment/path.sh\n'}
[1.563518] (autoware_planning_msgs) StdoutLine: {'line': b'-- Up-to-date: /home/omer/custom_pure_pursuit/simulink_models/matlab_msg_gen/glnxa64/install/share/autoware_planning_msgs/environment/path.dsv\n'}
[1.563719] (autoware_planning_msgs) StdoutLine: {'line': b'-- Up-to-date: /home/omer/custom_pure_pursuit/simulink_models/matlab_msg_gen/glnxa64/install/share/autoware_planning_msgs/local_setup.bash\n'}
[1.563864] (autoware_planning_msgs) StdoutLine: {'line': b'-- Up-to-date: /home/omer/custom_pure_pursuit/simulink_models/matlab_msg_gen/glnxa64/install/share/autoware_planning_msgs/local_setup.sh\n'}
[1.564053] (autoware_planning_msgs) StdoutLine: {'line': b'-- Up-to-date: /home/omer/custom_pure_pursuit/simulink_models/matlab_msg_gen/glnxa64/install/share/autoware_planning_msgs/local_setup.zsh\n'}
[1.564192] (autoware_planning_msgs) StdoutLine: {'line': b'-- Up-to-date: /home/omer/custom_pure_pursuit/simulink_models/matlab_msg_gen/glnxa64/install/share/autoware_planning_msgs/local_setup.dsv\n'}
[1.564395] (autoware_planning_msgs) StdoutLine: {'line': b'-- Installing: /home/omer/custom_pure_pursuit/simulink_models/matlab_msg_gen/glnxa64/install/share/autoware_planning_msgs/package.dsv\n'}
[1.564505] (autoware_planning_msgs) StdoutLine: {'line': b'-- Up-to-date: /home/omer/custom_pure_pursuit/simulink_models/matlab_msg_gen/glnxa64/install/share/ament_index/resource_index/packages/autoware_planning_msgs\n'}
[1.564701] (autoware_planning_msgs) StdoutLine: {'line': b'-- Up-to-date: /home/omer/custom_pure_pursuit/simulink_models/matlab_msg_gen/glnxa64/install/share/autoware_planning_msgs/cmake/export_autoware_planning_msgs__rosidl_generator_cExport.cmake\n'}
[1.564817] (autoware_planning_msgs) StdoutLine: {'line': b'-- Up-to-date: /home/omer/custom_pure_pursuit/simulink_models/matlab_msg_gen/glnxa64/install/share/autoware_planning_msgs/cmake/export_autoware_planning_msgs__rosidl_generator_cExport-release.cmake\n'}
[1.565695] (autoware_planning_msgs) StdoutLine: {'line': b'-- Up-to-date: /home/omer/custom_pure_pursuit/simulink_models/matlab_msg_gen/glnxa64/install/share/autoware_planning_msgs/cmake/export_autoware_planning_msgs__rosidl_typesupport_fastrtps_cExport.cmake\n'}
[1.565917] (autoware_planning_msgs) StdoutLine: {'line': b'-- Up-to-date: /home/omer/custom_pure_pursuit/simulink_models/matlab_msg_gen/glnxa64/install/share/autoware_planning_msgs/cmake/export_autoware_planning_msgs__rosidl_typesupport_fastrtps_cExport-release.cmake\n'}
[1.566078] (autoware_planning_msgs) StdoutLine: {'line': b'-- Up-to-date: /home/omer/custom_pure_pursuit/simulink_models/matlab_msg_gen/glnxa64/install/share/autoware_planning_msgs/cmake/autoware_planning_msgs__rosidl_typesupport_introspection_cExport.cmake\n'}
[1.566451] (autoware_planning_msgs) StdoutLine: {'line': b'-- Up-to-date: /home/omer/custom_pure_pursuit/simulink_models/matlab_msg_gen/glnxa64/install/share/autoware_planning_msgs/cmake/autoware_planning_msgs__rosidl_typesupport_introspection_cExport-release.cmake\n'}
[1.566707] (autoware_planning_msgs) StdoutLine: {'line': b'-- Up-to-date: /home/omer/custom_pure_pursuit/simulink_models/matlab_msg_gen/glnxa64/install/share/autoware_planning_msgs/cmake/autoware_planning_msgs__rosidl_typesupport_cExport.cmake\n'}
[1.567072] (autoware_planning_msgs) StdoutLine: {'line': b'-- Up-to-date: /home/omer/custom_pure_pursuit/simulink_models/matlab_msg_gen/glnxa64/install/share/autoware_planning_msgs/cmake/autoware_planning_msgs__rosidl_typesupport_cExport-release.cmake\n'}
[1.567269] (autoware_planning_msgs) StdoutLine: {'line': b'-- Up-to-date: /home/omer/custom_pure_pursuit/simulink_models/matlab_msg_gen/glnxa64/install/share/autoware_planning_msgs/cmake/export_autoware_planning_msgs__rosidl_generator_cppExport.cmake\n'}
[1.567419] (autoware_planning_msgs) StdoutLine: {'line': b'-- Up-to-date: /home/omer/custom_pure_pursuit/simulink_models/matlab_msg_gen/glnxa64/install/share/autoware_planning_msgs/cmake/export_autoware_planning_msgs__rosidl_typesupport_fastrtps_cppExport.cmake\n'}
[1.567585] (autoware_planning_msgs) StdoutLine: {'line': b'-- Up-to-date: /home/omer/custom_pure_pursuit/simulink_models/matlab_msg_gen/glnxa64/install/share/autoware_planning_msgs/cmake/export_autoware_planning_msgs__rosidl_typesupport_fastrtps_cppExport-release.cmake\n'}
[1.567738] (autoware_planning_msgs) StdoutLine: {'line': b'-- Up-to-date: /home/omer/custom_pure_pursuit/simulink_models/matlab_msg_gen/glnxa64/install/share/autoware_planning_msgs/cmake/autoware_planning_msgs__rosidl_typesupport_introspection_cppExport.cmake\n'}
[1.567904] (autoware_planning_msgs) StdoutLine: {'line': b'-- Up-to-date: /home/omer/custom_pure_pursuit/simulink_models/matlab_msg_gen/glnxa64/install/share/autoware_planning_msgs/cmake/autoware_planning_msgs__rosidl_typesupport_introspection_cppExport-release.cmake\n'}
[1.568028] (autoware_planning_msgs) StdoutLine: {'line': b'-- Up-to-date: /home/omer/custom_pure_pursuit/simulink_models/matlab_msg_gen/glnxa64/install/share/autoware_planning_msgs/cmake/autoware_planning_msgs__rosidl_typesupport_cppExport.cmake\n'}
[1.568209] (autoware_planning_msgs) StdoutLine: {'line': b'-- Up-to-date: /home/omer/custom_pure_pursuit/simulink_models/matlab_msg_gen/glnxa64/install/share/autoware_planning_msgs/cmake/autoware_planning_msgs__rosidl_typesupport_cppExport-release.cmake\n'}
[1.574523] (autoware_planning_msgs) StdoutLine: {'line': b'-- Up-to-date: /home/omer/custom_pure_pursuit/simulink_models/matlab_msg_gen/glnxa64/install/share/autoware_planning_msgs/cmake/rosidl_cmake-extras.cmake\n'}
[1.574747] (autoware_planning_msgs) StdoutLine: {'line': b'-- Up-to-date: /home/omer/custom_pure_pursuit/simulink_models/matlab_msg_gen/glnxa64/install/share/autoware_planning_msgs/cmake/ament_cmake_export_dependencies-extras.cmake\n'}
[1.575201] (autoware_planning_msgs) StdoutLine: {'line': b'-- Up-to-date: /home/omer/custom_pure_pursuit/simulink_models/matlab_msg_gen/glnxa64/install/share/autoware_planning_msgs/cmake/ament_cmake_export_include_directories-extras.cmake\n'}
[1.575355] (autoware_planning_msgs) StdoutLine: {'line': b'-- Up-to-date: /home/omer/custom_pure_pursuit/simulink_models/matlab_msg_gen/glnxa64/install/share/autoware_planning_msgs/cmake/ament_cmake_export_libraries-extras.cmake\n'}
[1.575596] (autoware_planning_msgs) StdoutLine: {'line': b'-- Up-to-date: /home/omer/custom_pure_pursuit/simulink_models/matlab_msg_gen/glnxa64/install/share/autoware_planning_msgs/cmake/ament_cmake_export_targets-extras.cmake\n'}
[1.575728] (autoware_planning_msgs) StdoutLine: {'line': b'-- Up-to-date: /home/omer/custom_pure_pursuit/simulink_models/matlab_msg_gen/glnxa64/install/share/autoware_planning_msgs/cmake/rosidl_cmake_export_typesupport_targets-extras.cmake\n'}
[1.576048] (autoware_planning_msgs) StdoutLine: {'line': b'-- Up-to-date: /home/omer/custom_pure_pursuit/simulink_models/matlab_msg_gen/glnxa64/install/share/autoware_planning_msgs/cmake/rosidl_cmake_export_typesupport_libraries-extras.cmake\n'}
[1.576267] (autoware_planning_msgs) StdoutLine: {'line': b'-- Up-to-date: /home/omer/custom_pure_pursuit/simulink_models/matlab_msg_gen/glnxa64/install/share/autoware_planning_msgs/cmake/autoware_planning_msgsConfig.cmake\n'}
[1.576471] (autoware_planning_msgs) StdoutLine: {'line': b'-- Up-to-date: /home/omer/custom_pure_pursuit/simulink_models/matlab_msg_gen/glnxa64/install/share/autoware_planning_msgs/cmake/autoware_planning_msgsConfig-version.cmake\n'}
[1.576577] (autoware_planning_msgs) StdoutLine: {'line': b'-- Installing: /home/omer/custom_pure_pursuit/simulink_models/matlab_msg_gen/glnxa64/install/share/autoware_planning_msgs/package.xml\n'}
[1.577272] (autoware_planning_msgs) CommandEnded: {'returncode': 0}
[1.601877] (-) TimerEvent: {}
[1.677657] (autoware_planning_msgs) JobEnded: {'identifier': 'autoware_planning_msgs', 'rc': 0}
[1.678548] (-) EventReactorShutdown: {}
