[0.000000] (-) TimerEvent: {}
[0.000101] (autoware_planning_msgs) JobQueued: {'identifier': 'autoware_planning_msgs', 'dependencies': OrderedDict()}
[0.000685] (autoware_planning_msgs) JobStarted: {'identifier': 'autoware_planning_msgs'}
[0.032225] (autoware_planning_msgs) JobProgress: {'identifier': 'autoware_planning_msgs', 'progress': 'cmake'}
[0.033550] (autoware_planning_msgs) JobProgress: {'identifier': 'autoware_planning_msgs', 'progress': 'build'}
[0.033628] (autoware_planning_msgs) Command: {'cmd': ['/usr/local/MATLAB/R2025b/bin/glnxa64/cmake/bin/cmake', '--build', '/home/omer/custom_pure_pursuit/simulink_models/matlab_msg_gen/glnxa64/build/autoware_planning_msgs', '--', '-j8', '-l8'], 'cwd': '/home/omer/custom_pure_pursuit/simulink_models/matlab_msg_gen/glnxa64/build/autoware_planning_msgs', 'env': OrderedDict([('GJS_DEBUG_TOPICS', 'JS ERROR;JS LOG'), ('ARCH', 'glnxa64'), ('CUSTOM_LD_LIBRARY_PATH', ''), ('USER', 'omer'), ('LOCAL_PYTHON_VENV_PATH', '/home/omer/.matlab/R2025b/ros2/glnxa64/venv'), ('MEMKIND_HEAP_MANAGER', 'TBB'), ('CUSTOM_AMENT_PREFIX_PATH', '/home/omer/custom_pure_pursuit/simulink_models/matlab_msg_gen/glnxa64/install:/usr/local/MATLAB/R2025b/sys/ros2/glnxa64/ros2'), ('XDG_SESSION_TYPE', 'x11'), ('KMP_HANDLE_SIGNALS', '0'), ('SHLVL', '1'), ('ICU_TIMEZONE_FILES_DIR', '/usr/local/MATLAB/R2025b/bin/icutzdata'), ('LD_LIBRARY_PATH', ':/usr/local/MATLAB/R2025b/sys/ros2/glnxa64/ros2/lib:/usr/local/MATLAB/R2025b/sys/os/glnxa64:/usr/local/MATLAB/R2025b/bin/glnxa64:/home/omer/.MathWorks/xdJTwxKhLpLNmhsyPIrTSJYUZLtloJyItpbCjJDyqQg/bin/glnxa64:/usr/local/MATLAB/R2025b/extern/lib/glnxa64:/usr/local/MATLAB/R2025b/cefclient/sys/os/glnxa64:/usr/local/MATLAB/R2025b/runtime/glnxa64:/usr/local/MATLAB/R2025b/sys/java/jre/glnxa64/jre/lib/amd64/native_threads:/usr/local/MATLAB/R2025b/sys/java/jre/glnxa64/jre/lib/amd64/server'), ('BASEMATLABPATH', ''), ('HOME', '/home/omer'), ('AUTOMOUNT_MAP', ''), ('OLDPWD', '/usr/local/MATLAB/R2025b'), ('DESKTOP_SESSION', 'ubuntu-xorg'), ('MW_LD_SHIM', '/usr/local/MATLAB/R2025b/bin/glnxa64/ld_shim.so.2.35.ubuntu_22_04'), ('GIO_LAUNCHED_DESKTOP_FILE', '/usr/share/applications/matlab.desktop'), ('GNOME_SHELL_SESSION_MODE', 'ubuntu'), ('GTK_MODULES', 'gail:atk-bridge'), ('KMP_BLOCKTIME', '1'), ('PS1', '(venv)'), ('LIBVA_MESSAGING_LEVEL', '0'), ('MANAGERPID', '1879'), ('SYSTEMD_EXEC_PID', '2148'), ('DBUS_SESSION_BUS_ADDRESS', 'unix:path=/run/user/1000/bus'), ('GIO_LAUNCHED_DESKTOP_FILE_PID', '13097'), ('CUSTOM_SITE_PACKAGES_PATH', ''), ('COLCON_PREFIX_PATH', '/home/omer/custom_pure_pursuit/simulink_models/matlab_msg_gen/glnxa64/install:/usr/local/MATLAB/R2025b/sys/ros2/glnxa64/ros2:/usr/local/MATLAB/R2025b/sys/ros2/glnxa64/ros2'), ('MWAPIKEY', 'ddScujargwtFYUBR'), ('ROS_DISTRO', 'jazzy'), ('GTK_IM_MODULE', 'ibus'), ('LOGNAME', 'omer'), ('MATLAB_MEM_MGR_VALUE', ''), ('JOURNAL_STREAM', '8:13108'), ('_', '/home/omer/.matlab/R2025b/ros2/glnxa64/venv/bin/colcon'), ('PKG_CONFIG_PATH', '/usr/local/MATLAB/R2025b/sys/ros2/glnxa64/ros2/lib/pkgconfig'), ('XDG_SESSION_CLASS', 'user'), ('USERNAME', 'omer'), ('TERM', 'dumb'), ('GNOME_DESKTOP_SESSION_ID', 'this-is-deprecated'), ('WINDOWPATH', '2'), ('PATH', '/usr/local/MATLAB/R2025b/bin/glnxa64/cmake/bin::/usr/local/MATLAB/R2025b/sys/ros2/glnxa64/ros2/bin:/home/omer/.matlab/R2025b/ros2/glnxa64/venv/bin:/home/omer/.matlab/R2025b/ros2/glnxa64/venv/bin:/usr/local/MATLAB/R2025b/toolbox/shared/coder/ninja/glnxa64:/home/omer/.local/bin:/usr/local/sbin:/usr/local/bin:/usr/sbin:/usr/bin:/sbin:/bin:/usr/games:/usr/local/games:/snap/bin:/snap/bin:/home/omer/.local/bin'), ('SESSION_MANAGER', 'local/omer-IdeaPad-L340-15IRH-Gaming:@/tmp/.ICE-unix/2121,unix/omer-IdeaPad-L340-15IRH-Gaming:/tmp/.ICE-unix/2121'), ('INVOCATION_ID', '528103d0f5034dbdb0c967cacf182e99'), ('XDG_MENU_PREFIX', 'gnome-'), ('XDG_RUNTIME_DIR', '/run/user/1000'), ('TOOLBOX', '/usr/local/MATLAB/R2025b/toolbox'), ('MKL_DOMAIN_NUM_THREADS', ''), ('KMP_INIT_AT_FORK', 'false'), ('DISPLAY', ':0'), ('LD_PRELOAD', ''), ('LANG', 'en_US.UTF-8'), ('XDG_CURRENT_DESKTOP', 'ubuntu:GNOME'), ('PRE_LD_PRELOAD', ''), ('VIRTUAL_ENV_PROMPT', '(venv)'), ('XMODIFIERS', '@im=ibus'), ('XDG_SESSION_DESKTOP', 'ubuntu-xorg'), ('XAUTHORITY', '/run/user/1000/gdm/Xauthority'), ('SSH_AGENT_LAUNCHER', 'gnome-keyring'), ('SSH_AUTH_SOCK', '/run/user/1000/keyring/ssh'), ('AMENT_PREFIX_PATH', '/home/omer/custom_pure_pursuit/simulink_models/matlab_msg_gen/glnxa64/install:/usr/local/MATLAB/R2025b/sys/ros2/glnxa64/ros2:/usr/local/MATLAB/R2025b/sys/ros2/glnxa64/ros2'), ('SHELL', '/bin/bash'), ('CMAKE_PATH', '/usr/local/MATLAB/R2025b/bin/glnxa64/cmake/bin'), ('XFILESEARCHPATH', '/usr/local/MATLAB/R2025b/sys/java/jre/glnxa64/jre/lib/locale/%L/%T/%N%S:'), ('QT_ACCESSIBILITY', '1'), ('GDMSESSION', 'ubuntu-xorg'), ('OSG_LD_LIBRARY_PATH', '/usr/local/MATLAB/R2025b/sys/openscenegraph/lib/glnxa64'), ('GPG_AGENT_INFO', '/run/user/1000/gnupg/S.gpg-agent:0:1'), ('GJS_DEBUG_OUTPUT', 'stderr'), ('VIRTUAL_ENV', '/home/omer/.matlab/R2025b/ros2/glnxa64/venv'), ('CUSTOM_PATH', ''), ('KMP_STACKSIZE', '512k'), ('QT_IM_MODULE', 'ibus'), ('PWD', '/home/omer/custom_pure_pursuit/simulink_models/matlab_msg_gen/glnxa64/build/autoware_planning_msgs'), ('XDG_CONFIG_DIRS', '/etc/xdg/xdg-ubuntu-xorg:/etc/xdg'), ('DYLD_LIBRARY_PATH', ':/usr/local/MATLAB/R2025b/sys/ros2/glnxa64/ros2/lib:'), ('XDG_DATA_DIRS', '/usr/share/ubuntu-xorg:/usr/share/gnome:/usr/local/share/:/usr/share/:/var/lib/snapd/desktop'), ('MKL_NUM_THREADS', ''), ('MW_PATCH_OFFSETS', '0000117000002EA0'), ('PYTHONPATH', ':/usr/local/MATLAB/R2025b/sys/ros2/glnxa64/ros2/lib/python3.9/site-packages:/home/omer/.matlab/R2025b/ros2/glnxa64/venv/lib/python3.10/site-packages:'), ('LC_NUMERIC', 'C'), ('COLCON', '1'), ('MW_CONNECTOR_COOKIE_SETTINGS', '[{"prefix":"ch_","suffix":"_13097"}]'), ('CMAKE_PREFIX_PATH', '/home/omer/custom_pure_pursuit/simulink_models/matlab_msg_gen/glnxa64/install:/usr/local/MATLAB/R2025b/sys/ros2/glnxa64/ros2:/usr/local/MATLAB/R2025b/sys/ros2/glnxa64/ros2')]), 'shell': False}
[0.046206] (autoware_planning_msgs) StdoutLine: {'line': b'[0/1] Re-running CMake...\n'}
[0.058297] (autoware_planning_msgs) StdoutLine: {'line': b'-- Building for ROS 2 Jazzy\n'}
[0.058626] (autoware_planning_msgs) StdoutLine: {'line': b'-- Found ament_cmake: 2.5.2 (/usr/local/MATLAB/R2025b/sys/ros2/glnxa64/ros2/share/ament_cmake/cmake)\n'}
[0.099791] (-) TimerEvent: {}
[0.141016] (autoware_planning_msgs) StdoutLine: {'line': b'-- Found ament_cmake_ros: 0.12.0 (/usr/local/MATLAB/R2025b/sys/ros2/glnxa64/ros2/share/ament_cmake_ros/cmake)\n'}
[0.144059] (autoware_planning_msgs) StdoutLine: {'line': b'-- Found rosidl_typesupport_c: 3.2.2 (/usr/local/MATLAB/R2025b/sys/ros2/glnxa64/ros2/share/rosidl_typesupport_c/cmake)\n'}
[0.144420] (autoware_planning_msgs) StdoutLine: {'line': b'-- Using all available rosidl_typesupport_c: rosidl_typesupport_fastrtps_c;rosidl_typesupport_introspection_c\n'}
[0.188233] (autoware_planning_msgs) StdoutLine: {'line': b'-- Found rosidl_typesupport_cpp: 3.2.2 (/usr/local/MATLAB/R2025b/sys/ros2/glnxa64/ros2/share/rosidl_typesupport_cpp/cmake)\n'}
[0.188774] (autoware_planning_msgs) StdoutLine: {'line': b'-- Using all available rosidl_typesupport_cpp: rosidl_typesupport_fastrtps_cpp;rosidl_typesupport_introspection_cpp\n'}
[0.199901] (-) TimerEvent: {}
[0.225143] (autoware_planning_msgs) StdoutLine: {'line': b'-- Found rosidl_default_generators: 1.6.0 (/usr/local/MATLAB/R2025b/sys/ros2/glnxa64/ros2/share/rosidl_default_generators/cmake)\n'}
[0.230288] (autoware_planning_msgs) StdoutLine: {'line': b'-- Found rosidl_adapter: 4.8.1 (/usr/local/MATLAB/R2025b/sys/ros2/glnxa64/ros2/share/rosidl_adapter/cmake)\n'}
[0.233020] (autoware_planning_msgs) StdoutLine: {'line': b'-- Found class_loader: 2.7.0 (/usr/local/MATLAB/R2025b/sys/ros2/glnxa64/ros2/share/class_loader/cmake)\n'}
[0.236613] (autoware_planning_msgs) StdoutLine: {'line': b'-- Found geometry_msgs: 5.3.5 (/usr/local/MATLAB/R2025b/sys/ros2/glnxa64/ros2/share/geometry_msgs/cmake)\n'}
[0.283086] (autoware_planning_msgs) StdoutLine: {'line': b'-- Found rclcpp: 28.1.3 (/usr/local/MATLAB/R2025b/sys/ros2/glnxa64/ros2/share/rclcpp/cmake)\n'}
[0.300027] (-) TimerEvent: {}
[0.343825] (autoware_planning_msgs) StdoutLine: {'line': b'-- Found rmw_implementation_cmake: 7.3.1 (/usr/local/MATLAB/R2025b/sys/ros2/glnxa64/ros2/share/rmw_implementation_cmake/cmake)\n'}
[0.345438] (autoware_planning_msgs) StdoutLine: {'line': b'-- Found rmw_fastrtps_cpp: 9.0.0 (/usr/local/MATLAB/R2025b/sys/ros2/glnxa64/ros2/share/rmw_fastrtps_cpp/cmake)\n'}
[0.397355] (autoware_planning_msgs) StdoutLine: {'line': b"-- Using RMW implementation 'rmw_fastrtps_cpp' as default\n"}
[0.400118] (-) TimerEvent: {}
[0.500381] (-) TimerEvent: {}
[0.600572] (-) TimerEvent: {}
[0.700795] (-) TimerEvent: {}
[0.801014] (-) TimerEvent: {}
[0.901278] (-) TimerEvent: {}
[0.984148] (autoware_planning_msgs) StdoutLine: {'line': b'-- Using all available rosidl_typesupport_c: rosidl_typesupport_fastrtps_c;rosidl_typesupport_introspection_c\n'}
[1.001369] (-) TimerEvent: {}
[1.101574] (-) TimerEvent: {}
[1.201781] (-) TimerEvent: {}
[1.291972] (autoware_planning_msgs) StdoutLine: {'line': b'-- Using all available rosidl_typesupport_cpp: rosidl_typesupport_fastrtps_cpp;rosidl_typesupport_introspection_cpp\n'}
[1.300297] (autoware_planning_msgs) StdoutLine: {'line': b'-- Configuring done\n'}
[1.301871] (-) TimerEvent: {}
[1.336460] (autoware_planning_msgs) StdoutLine: {'line': b'-- Generating done\n'}
[1.343769] (autoware_planning_msgs) StdoutLine: {'line': b'-- Build files have been written to: /home/omer/custom_pure_pursuit/simulink_models/matlab_msg_gen/glnxa64/build/autoware_planning_msgs\n'}
[1.359958] (autoware_planning_msgs) StdoutLine: {'line': b'ninja: no work to do.\n'}
[1.361217] (autoware_planning_msgs) CommandEnded: {'returncode': 0}
[1.376246] (autoware_planning_msgs) JobProgress: {'identifier': 'autoware_planning_msgs', 'progress': 'install'}
[1.378740] (autoware_planning_msgs) Command: {'cmd': ['/usr/local/MATLAB/R2025b/bin/glnxa64/cmake/bin/cmake', '--install', '/home/omer/custom_pure_pursuit/simulink_models/matlab_msg_gen/glnxa64/build/autoware_planning_msgs'], 'cwd': '/home/omer/custom_pure_pursuit/simulink_models/matlab_msg_gen/glnxa64/build/autoware_planning_msgs', 'env': OrderedDict([('GJS_DEBUG_TOPICS', 'JS ERROR;JS LOG'), ('ARCH', 'glnxa64'), ('CUSTOM_LD_LIBRARY_PATH', ''), ('USER', 'omer'), ('LOCAL_PYTHON_VENV_PATH', '/home/omer/.matlab/R2025b/ros2/glnxa64/venv'), ('MEMKIND_HEAP_MANAGER', 'TBB'), ('CUSTOM_AMENT_PREFIX_PATH', '/home/omer/custom_pure_pursuit/simulink_models/matlab_msg_gen/glnxa64/install:/usr/local/MATLAB/R2025b/sys/ros2/glnxa64/ros2'), ('XDG_SESSION_TYPE', 'x11'), ('KMP_HANDLE_SIGNALS', '0'), ('SHLVL', '1'), ('ICU_TIMEZONE_FILES_DIR', '/usr/local/MATLAB/R2025b/bin/icutzdata'), ('LD_LIBRARY_PATH', ':/usr/local/MATLAB/R2025b/sys/ros2/glnxa64/ros2/lib:/usr/local/MATLAB/R2025b/sys/os/glnxa64:/usr/local/MATLAB/R2025b/bin/glnxa64:/home/omer/.MathWorks/xdJTwxKhLpLNmhsyPIrTSJYUZLtloJyItpbCjJDyqQg/bin/glnxa64:/usr/local/MATLAB/R2025b/extern/lib/glnxa64:/usr/local/MATLAB/R2025b/cefclient/sys/os/glnxa64:/usr/local/MATLAB/R2025b/runtime/glnxa64:/usr/local/MATLAB/R2025b/sys/java/jre/glnxa64/jre/lib/amd64/native_threads:/usr/local/MATLAB/R2025b/sys/java/jre/glnxa64/jre/lib/amd64/server'), ('BASEMATLABPATH', ''), ('HOME', '/home/omer'), ('AUTOMOUNT_MAP', ''), ('OLDPWD', '/usr/local/MATLAB/R2025b'), ('DESKTOP_SESSION', 'ubuntu-xorg'), ('MW_LD_SHIM', '/usr/local/MATLAB/R2025b/bin/glnxa64/ld_shim.so.2.35.ubuntu_22_04'), ('GIO_LAUNCHED_DESKTOP_FILE', '/usr/share/applications/matlab.desktop'), ('GNOME_SHELL_SESSION_MODE', 'ubuntu'), ('GTK_MODULES', 'gail:atk-bridge'), ('KMP_BLOCKTIME', '1'), ('PS1', '(venv)'), ('LIBVA_MESSAGING_LEVEL', '0'), ('MANAGERPID', '1879'), ('SYSTEMD_EXEC_PID', '2148'), ('DBUS_SESSION_BUS_ADDRESS', 'unix:path=/run/user/1000/bus'), ('GIO_LAUNCHED_DESKTOP_FILE_PID', '13097'), ('CUSTOM_SITE_PACKAGES_PATH', ''), ('COLCON_PREFIX_PATH', '/home/omer/custom_pure_pursuit/simulink_models/matlab_msg_gen/glnxa64/install:/usr/local/MATLAB/R2025b/sys/ros2/glnxa64/ros2:/usr/local/MATLAB/R2025b/sys/ros2/glnxa64/ros2'), ('MWAPIKEY', 'ddScujargwtFYUBR'), ('ROS_DISTRO', 'jazzy'), ('GTK_IM_MODULE', 'ibus'), ('LOGNAME', 'omer'), ('MATLAB_MEM_MGR_VALUE', ''), ('JOURNAL_STREAM', '8:13108'), ('_', '/home/omer/.matlab/R2025b/ros2/glnxa64/venv/bin/colcon'), ('PKG_CONFIG_PATH', '/usr/local/MATLAB/R2025b/sys/ros2/glnxa64/ros2/lib/pkgconfig'), ('XDG_SESSION_CLASS', 'user'), ('USERNAME', 'omer'), ('TERM', 'dumb'), ('GNOME_DESKTOP_SESSION_ID', 'this-is-deprecated'), ('WINDOWPATH', '2'), ('PATH', '/usr/local/MATLAB/R2025b/bin/glnxa64/cmake/bin::/usr/local/MATLAB/R2025b/sys/ros2/glnxa64/ros2/bin:/home/omer/.matlab/R2025b/ros2/glnxa64/venv/bin:/home/omer/.matlab/R2025b/ros2/glnxa64/venv/bin:/usr/local/MATLAB/R2025b/toolbox/shared/coder/ninja/glnxa64:/home/omer/.local/bin:/usr/local/sbin:/usr/local/bin:/usr/sbin:/usr/bin:/sbin:/bin:/usr/games:/usr/local/games:/snap/bin:/snap/bin:/home/omer/.local/bin'), ('SESSION_MANAGER', 'local/omer-IdeaPad-L340-15IRH-Gaming:@/tmp/.ICE-unix/2121,unix/omer-IdeaPad-L340-15IRH-Gaming:/tmp/.ICE-unix/2121'), ('INVOCATION_ID', '528103d0f5034dbdb0c967cacf182e99'), ('XDG_MENU_PREFIX', 'gnome-'), ('XDG_RUNTIME_DIR', '/run/user/1000'), ('TOOLBOX', '/usr/local/MATLAB/R2025b/toolbox'), ('MKL_DOMAIN_NUM_THREADS', ''), ('KMP_INIT_AT_FORK', 'false'), ('DISPLAY', ':0'), ('LD_PRELOAD', ''), ('LANG', 'en_US.UTF-8'), ('XDG_CURRENT_DESKTOP', 'ubuntu:GNOME'), ('PRE_LD_PRELOAD', ''), ('VIRTUAL_ENV_PROMPT', '(venv)'), ('XMODIFIERS', '@im=ibus'), ('XDG_SESSION_DESKTOP', 'ubuntu-xorg'), ('XAUTHORITY', '/run/user/1000/gdm/Xauthority'), ('SSH_AGENT_LAUNCHER', 'gnome-keyring'), ('SSH_AUTH_SOCK', '/run/user/1000/keyring/ssh'), ('AMENT_PREFIX_PATH', '/home/omer/custom_pure_pursuit/simulink_models/matlab_msg_gen/glnxa64/install:/usr/local/MATLAB/R2025b/sys/ros2/glnxa64/ros2:/usr/local/MATLAB/R2025b/sys/ros2/glnxa64/ros2'), ('SHELL', '/bin/bash'), ('CMAKE_PATH', '/usr/local/MATLAB/R2025b/bin/glnxa64/cmake/bin'), ('XFILESEARCHPATH', '/usr/local/MATLAB/R2025b/sys/java/jre/glnxa64/jre/lib/locale/%L/%T/%N%S:'), ('QT_ACCESSIBILITY', '1'), ('GDMSESSION', 'ubuntu-xorg'), ('OSG_LD_LIBRARY_PATH', '/usr/local/MATLAB/R2025b/sys/openscenegraph/lib/glnxa64'), ('GPG_AGENT_INFO', '/run/user/1000/gnupg/S.gpg-agent:0:1'), ('GJS_DEBUG_OUTPUT', 'stderr'), ('VIRTUAL_ENV', '/home/omer/.matlab/R2025b/ros2/glnxa64/venv'), ('CUSTOM_PATH', ''), ('KMP_STACKSIZE', '512k'), ('QT_IM_MODULE', 'ibus'), ('PWD', '/home/omer/custom_pure_pursuit/simulink_models/matlab_msg_gen/glnxa64/build/autoware_planning_msgs'), ('XDG_CONFIG_DIRS', '/etc/xdg/xdg-ubuntu-xorg:/etc/xdg'), ('DYLD_LIBRARY_PATH', ':/usr/local/MATLAB/R2025b/sys/ros2/glnxa64/ros2/lib:'), ('XDG_DATA_DIRS', '/usr/share/ubuntu-xorg:/usr/share/gnome:/usr/local/share/:/usr/share/:/var/lib/snapd/desktop'), ('MKL_NUM_THREADS', ''), ('MW_PATCH_OFFSETS', '0000117000002EA0'), ('PYTHONPATH', ':/usr/local/MATLAB/R2025b/sys/ros2/glnxa64/ros2/lib/python3.9/site-packages:/home/omer/.matlab/R2025b/ros2/glnxa64/venv/lib/python3.10/site-packages:'), ('LC_NUMERIC', 'C'), ('COLCON', '1'), ('MW_CONNECTOR_COOKIE_SETTINGS', '[{"prefix":"ch_","suffix":"_13097"}]'), ('CMAKE_PREFIX_PATH', '/home/omer/custom_pure_pursuit/simulink_models/matlab_msg_gen/glnxa64/install:/usr/local/MATLAB/R2025b/sys/ros2/glnxa64/ros2:/usr/local/MATLAB/R2025b/sys/ros2/glnxa64/ros2')]), 'shell': False}
[1.382129] (autoware_planning_msgs) StdoutLine: {'line': b'-- Install configuration: "Release"\n'}
[1.382358] (autoware_planning_msgs) StdoutLine: {'line': b'-- Up-to-date: /home/omer/custom_pure_pursuit/simulink_models/matlab_msg_gen/glnxa64/install/share/ament_index/resource_index/rosidl_interfaces/autoware_planning_msgs\n'}
[1.382549] (autoware_planning_msgs) StdoutLine: {'line': b'-- Up-to-date: /home/omer/custom_pure_pursuit/simulink_models/matlab_msg_gen/glnxa64/install/share/autoware_planning_msgs/msg/Path.json\n'}
[1.382693] (autoware_planning_msgs) StdoutLine: {'line': b'-- Up-to-date: /home/omer/custom_pure_pursuit/simulink_models/matlab_msg_gen/glnxa64/install/share/autoware_planning_msgs/msg/PathPoint.json\n'}
[1.382789] (autoware_planning_msgs) StdoutLine: {'line': b'-- Up-to-date: /home/omer/custom_pure_pursuit/simulink_models/matlab_msg_gen/glnxa64/install/include/autoware_planning_msgs/autoware_planning_msgs\n'}
[1.382889] (autoware_planning_msgs) StdoutLine: {'line': b'-- Up-to-date: /home/omer/custom_pure_pursuit/simulink_models/matlab_msg_gen/glnxa64/install/include/autoware_planning_msgs/autoware_planning_msgs/msg\n'}
[1.382978] (autoware_planning_msgs) StdoutLine: {'line': b'-- Up-to-date: /home/omer/custom_pure_pursuit/simulink_models/matlab_msg_gen/glnxa64/install/include/autoware_planning_msgs/autoware_planning_msgs/msg/detail\n'}
[1.383071] (autoware_planning_msgs) StdoutLine: {'line': b'-- Up-to-date: /home/omer/custom_pure_pursuit/simulink_models/matlab_msg_gen/glnxa64/install/include/autoware_planning_msgs/autoware_planning_msgs/msg/detail/path_point__description.c\n'}
[1.383439] (autoware_planning_msgs) StdoutLine: {'line': b'-- Up-to-date: /home/omer/custom_pure_pursuit/simulink_models/matlab_msg_gen/glnxa64/install/include/autoware_planning_msgs/autoware_planning_msgs/msg/detail/path_point__type_support.h\n'}
[1.383647] (autoware_planning_msgs) StdoutLine: {'line': b'-- Up-to-date: /home/omer/custom_pure_pursuit/simulink_models/matlab_msg_gen/glnxa64/install/include/autoware_planning_msgs/autoware_planning_msgs/msg/detail/path_point__struct.h\n'}
[1.383819] (autoware_planning_msgs) StdoutLine: {'line': b'-- Up-to-date: /home/omer/custom_pure_pursuit/simulink_models/matlab_msg_gen/glnxa64/install/include/autoware_planning_msgs/autoware_planning_msgs/msg/detail/path_point__type_support.c\n'}
[1.383974] (autoware_planning_msgs) StdoutLine: {'line': b'-- Up-to-date: /home/omer/custom_pure_pursuit/simulink_models/matlab_msg_gen/glnxa64/install/include/autoware_planning_msgs/autoware_planning_msgs/msg/detail/path__functions.h\n'}
[1.384068] (autoware_planning_msgs) StdoutLine: {'line': b'-- Up-to-date: /home/omer/custom_pure_pursuit/simulink_models/matlab_msg_gen/glnxa64/install/include/autoware_planning_msgs/autoware_planning_msgs/msg/detail/path__struct.h\n'}
[1.384230] (autoware_planning_msgs) StdoutLine: {'line': b'-- Up-to-date: /home/omer/custom_pure_pursuit/simulink_models/matlab_msg_gen/glnxa64/install/include/autoware_planning_msgs/autoware_planning_msgs/msg/detail/path__type_support.c\n'}
[1.384409] (autoware_planning_msgs) StdoutLine: {'line': b'-- Up-to-date: /home/omer/custom_pure_pursuit/simulink_models/matlab_msg_gen/glnxa64/install/include/autoware_planning_msgs/autoware_planning_msgs/msg/detail/path__description.c\n'}
[1.384608] (autoware_planning_msgs) StdoutLine: {'line': b'-- Up-to-date: /home/omer/custom_pure_pursuit/simulink_models/matlab_msg_gen/glnxa64/install/include/autoware_planning_msgs/autoware_planning_msgs/msg/detail/path_point__functions.c\n'}
[1.384760] (autoware_planning_msgs) StdoutLine: {'line': b'-- Up-to-date: /home/omer/custom_pure_pursuit/simulink_models/matlab_msg_gen/glnxa64/install/include/autoware_planning_msgs/autoware_planning_msgs/msg/detail/path_point__functions.h\n'}
[1.384857] (autoware_planning_msgs) StdoutLine: {'line': b'-- Up-to-date: /home/omer/custom_pure_pursuit/simulink_models/matlab_msg_gen/glnxa64/install/include/autoware_planning_msgs/autoware_planning_msgs/msg/detail/path__type_support.h\n'}
[1.384947] (autoware_planning_msgs) StdoutLine: {'line': b'-- Up-to-date: /home/omer/custom_pure_pursuit/simulink_models/matlab_msg_gen/glnxa64/install/include/autoware_planning_msgs/autoware_planning_msgs/msg/detail/path__functions.c\n'}
[1.385040] (autoware_planning_msgs) StdoutLine: {'line': b'-- Up-to-date: /home/omer/custom_pure_pursuit/simulink_models/matlab_msg_gen/glnxa64/install/include/autoware_planning_msgs/autoware_planning_msgs/msg/path.h\n'}
[1.385132] (autoware_planning_msgs) StdoutLine: {'line': b'-- Up-to-date: /home/omer/custom_pure_pursuit/simulink_models/matlab_msg_gen/glnxa64/install/include/autoware_planning_msgs/autoware_planning_msgs/msg/rosidl_generator_c__visibility_control.h\n'}
[1.385225] (autoware_planning_msgs) StdoutLine: {'line': b'-- Up-to-date: /home/omer/custom_pure_pursuit/simulink_models/matlab_msg_gen/glnxa64/install/include/autoware_planning_msgs/autoware_planning_msgs/msg/path_point.h\n'}
[1.385324] (autoware_planning_msgs) StdoutLine: {'line': b'-- Up-to-date: /home/omer/custom_pure_pursuit/simulink_models/matlab_msg_gen/glnxa64/install/share/autoware_planning_msgs/environment/library_path.sh\n'}
[1.385429] (autoware_planning_msgs) StdoutLine: {'line': b'-- Up-to-date: /home/omer/custom_pure_pursuit/simulink_models/matlab_msg_gen/glnxa64/install/share/autoware_planning_msgs/environment/library_path.dsv\n'}
[1.385523] (autoware_planning_msgs) StdoutLine: {'line': b'-- Up-to-date: /home/omer/custom_pure_pursuit/simulink_models/matlab_msg_gen/glnxa64/install/lib/libautoware_planning_msgs__rosidl_generator_c.so\n'}
[1.385614] (autoware_planning_msgs) StdoutLine: {'line': b'-- Up-to-date: /home/omer/custom_pure_pursuit/simulink_models/matlab_msg_gen/glnxa64/install/include/autoware_planning_msgs/autoware_planning_msgs\n'}
[1.385704] (autoware_planning_msgs) StdoutLine: {'line': b'-- Up-to-date: /home/omer/custom_pure_pursuit/simulink_models/matlab_msg_gen/glnxa64/install/include/autoware_planning_msgs/autoware_planning_msgs/msg\n'}
[1.385795] (autoware_planning_msgs) StdoutLine: {'line': b'-- Up-to-date: /home/omer/custom_pure_pursuit/simulink_models/matlab_msg_gen/glnxa64/install/include/autoware_planning_msgs/autoware_planning_msgs/msg/detail\n'}
[1.385920] (autoware_planning_msgs) StdoutLine: {'line': b'-- Up-to-date: /home/omer/custom_pure_pursuit/simulink_models/matlab_msg_gen/glnxa64/install/include/autoware_planning_msgs/autoware_planning_msgs/msg/detail/path_point__rosidl_typesupport_fastrtps_c.h\n'}
[1.386186] (autoware_planning_msgs) StdoutLine: {'line': b'-- Up-to-date: /home/omer/custom_pure_pursuit/simulink_models/matlab_msg_gen/glnxa64/install/include/autoware_planning_msgs/autoware_planning_msgs/msg/detail/path__rosidl_typesupport_fastrtps_c.h\n'}
[1.386378] (autoware_planning_msgs) StdoutLine: {'line': b'-- Up-to-date: /home/omer/custom_pure_pursuit/simulink_models/matlab_msg_gen/glnxa64/install/include/autoware_planning_msgs/autoware_planning_msgs/msg/rosidl_typesupport_fastrtps_c__visibility_control.h\n'}
[1.386572] (autoware_planning_msgs) StdoutLine: {'line': b'-- Up-to-date: /home/omer/custom_pure_pursuit/simulink_models/matlab_msg_gen/glnxa64/install/lib/libautoware_planning_msgs__rosidl_typesupport_fastrtps_c.so\n'}
[1.386724] (autoware_planning_msgs) StdoutLine: {'line': b'-- Up-to-date: /home/omer/custom_pure_pursuit/simulink_models/matlab_msg_gen/glnxa64/install/include/autoware_planning_msgs/autoware_planning_msgs\n'}
[1.386851] (autoware_planning_msgs) StdoutLine: {'line': b'-- Up-to-date: /home/omer/custom_pure_pursuit/simulink_models/matlab_msg_gen/glnxa64/install/include/autoware_planning_msgs/autoware_planning_msgs/msg\n'}
[1.386985] (autoware_planning_msgs) StdoutLine: {'line': b'-- Up-to-date: /home/omer/custom_pure_pursuit/simulink_models/matlab_msg_gen/glnxa64/install/include/autoware_planning_msgs/autoware_planning_msgs/msg/rosidl_typesupport_introspection_c__visibility_control.h\n'}
[1.387148] (autoware_planning_msgs) StdoutLine: {'line': b'-- Up-to-date: /home/omer/custom_pure_pursuit/simulink_models/matlab_msg_gen/glnxa64/install/include/autoware_planning_msgs/autoware_planning_msgs/msg/detail\n'}
[1.387280] (autoware_planning_msgs) StdoutLine: {'line': b'-- Up-to-date: /home/omer/custom_pure_pursuit/simulink_models/matlab_msg_gen/glnxa64/install/include/autoware_planning_msgs/autoware_planning_msgs/msg/detail/path__rosidl_typesupport_introspection_c.h\n'}
[1.387372] (autoware_planning_msgs) StdoutLine: {'line': b'-- Up-to-date: /home/omer/custom_pure_pursuit/simulink_models/matlab_msg_gen/glnxa64/install/include/autoware_planning_msgs/autoware_planning_msgs/msg/detail/path_point__type_support.c\n'}
[1.387496] (autoware_planning_msgs) StdoutLine: {'line': b'-- Up-to-date: /home/omer/custom_pure_pursuit/simulink_models/matlab_msg_gen/glnxa64/install/include/autoware_planning_msgs/autoware_planning_msgs/msg/detail/path__type_support.c\n'}
[1.387585] (autoware_planning_msgs) StdoutLine: {'line': b'-- Up-to-date: /home/omer/custom_pure_pursuit/simulink_models/matlab_msg_gen/glnxa64/install/include/autoware_planning_msgs/autoware_planning_msgs/msg/detail/path_point__rosidl_typesupport_introspection_c.h\n'}
[1.387720] (autoware_planning_msgs) StdoutLine: {'line': b'-- Up-to-date: /home/omer/custom_pure_pursuit/simulink_models/matlab_msg_gen/glnxa64/install/lib/libautoware_planning_msgs__rosidl_typesupport_introspection_c.so\n'}
[1.387811] (autoware_planning_msgs) StdoutLine: {'line': b'-- Up-to-date: /home/omer/custom_pure_pursuit/simulink_models/matlab_msg_gen/glnxa64/install/lib/libautoware_planning_msgs__rosidl_typesupport_c.so\n'}
[1.387895] (autoware_planning_msgs) StdoutLine: {'line': b'-- Up-to-date: /home/omer/custom_pure_pursuit/simulink_models/matlab_msg_gen/glnxa64/install/include/autoware_planning_msgs/autoware_planning_msgs\n'}
[1.387978] (autoware_planning_msgs) StdoutLine: {'line': b'-- Up-to-date: /home/omer/custom_pure_pursuit/simulink_models/matlab_msg_gen/glnxa64/install/include/autoware_planning_msgs/autoware_planning_msgs/msg\n'}
[1.388063] (autoware_planning_msgs) StdoutLine: {'line': b'-- Up-to-date: /home/omer/custom_pure_pursuit/simulink_models/matlab_msg_gen/glnxa64/install/include/autoware_planning_msgs/autoware_planning_msgs/msg/path.hpp\n'}
[1.388148] (autoware_planning_msgs) StdoutLine: {'line': b'-- Up-to-date: /home/omer/custom_pure_pursuit/simulink_models/matlab_msg_gen/glnxa64/install/include/autoware_planning_msgs/autoware_planning_msgs/msg/rosidl_generator_cpp__visibility_control.hpp\n'}
[1.388233] (autoware_planning_msgs) StdoutLine: {'line': b'-- Up-to-date: /home/omer/custom_pure_pursuit/simulink_models/matlab_msg_gen/glnxa64/install/include/autoware_planning_msgs/autoware_planning_msgs/msg/detail\n'}
[1.388316] (autoware_planning_msgs) StdoutLine: {'line': b'-- Up-to-date: /home/omer/custom_pure_pursuit/simulink_models/matlab_msg_gen/glnxa64/install/include/autoware_planning_msgs/autoware_planning_msgs/msg/detail/path_point__builder.hpp\n'}
[1.388412] (autoware_planning_msgs) StdoutLine: {'line': b'-- Up-to-date: /home/omer/custom_pure_pursuit/simulink_models/matlab_msg_gen/glnxa64/install/include/autoware_planning_msgs/autoware_planning_msgs/msg/detail/path__traits.hpp\n'}
[1.388497] (autoware_planning_msgs) StdoutLine: {'line': b'-- Up-to-date: /home/omer/custom_pure_pursuit/simulink_models/matlab_msg_gen/glnxa64/install/include/autoware_planning_msgs/autoware_planning_msgs/msg/detail/path__struct.hpp\n'}
[1.388579] (autoware_planning_msgs) StdoutLine: {'line': b'-- Up-to-date: /home/omer/custom_pure_pursuit/simulink_models/matlab_msg_gen/glnxa64/install/include/autoware_planning_msgs/autoware_planning_msgs/msg/detail/path__builder.hpp\n'}
[1.388659] (autoware_planning_msgs) StdoutLine: {'line': b'-- Up-to-date: /home/omer/custom_pure_pursuit/simulink_models/matlab_msg_gen/glnxa64/install/include/autoware_planning_msgs/autoware_planning_msgs/msg/detail/path_point__struct.hpp\n'}
[1.388746] (autoware_planning_msgs) StdoutLine: {'line': b'-- Up-to-date: /home/omer/custom_pure_pursuit/simulink_models/matlab_msg_gen/glnxa64/install/include/autoware_planning_msgs/autoware_planning_msgs/msg/detail/path_point__traits.hpp\n'}
[1.388827] (autoware_planning_msgs) StdoutLine: {'line': b'-- Up-to-date: /home/omer/custom_pure_pursuit/simulink_models/matlab_msg_gen/glnxa64/install/include/autoware_planning_msgs/autoware_planning_msgs/msg/detail/path__type_support.hpp\n'}
[1.388908] (autoware_planning_msgs) StdoutLine: {'line': b'-- Up-to-date: /home/omer/custom_pure_pursuit/simulink_models/matlab_msg_gen/glnxa64/install/include/autoware_planning_msgs/autoware_planning_msgs/msg/detail/path_point__type_support.hpp\n'}
[1.388991] (autoware_planning_msgs) StdoutLine: {'line': b'-- Up-to-date: /home/omer/custom_pure_pursuit/simulink_models/matlab_msg_gen/glnxa64/install/include/autoware_planning_msgs/autoware_planning_msgs/msg/path_point.hpp\n'}
[1.389076] (autoware_planning_msgs) StdoutLine: {'line': b'-- Up-to-date: /home/omer/custom_pure_pursuit/simulink_models/matlab_msg_gen/glnxa64/install/include/autoware_planning_msgs/autoware_planning_msgs\n'}
[1.389165] (autoware_planning_msgs) StdoutLine: {'line': b'-- Up-to-date: /home/omer/custom_pure_pursuit/simulink_models/matlab_msg_gen/glnxa64/install/include/autoware_planning_msgs/autoware_planning_msgs/msg\n'}
[1.389258] (autoware_planning_msgs) StdoutLine: {'line': b'-- Up-to-date: /home/omer/custom_pure_pursuit/simulink_models/matlab_msg_gen/glnxa64/install/include/autoware_planning_msgs/autoware_planning_msgs/msg/detail\n'}
[1.389340] (autoware_planning_msgs) StdoutLine: {'line': b'-- Up-to-date: /home/omer/custom_pure_pursuit/simulink_models/matlab_msg_gen/glnxa64/install/include/autoware_planning_msgs/autoware_planning_msgs/msg/detail/dds_fastrtps\n'}
[1.389609] (autoware_planning_msgs) StdoutLine: {'line': b'-- Up-to-date: /home/omer/custom_pure_pursuit/simulink_models/matlab_msg_gen/glnxa64/install/include/autoware_planning_msgs/autoware_planning_msgs/msg/detail/path__rosidl_typesupport_fastrtps_cpp.hpp\n'}
[1.389749] (autoware_planning_msgs) StdoutLine: {'line': b'-- Up-to-date: /home/omer/custom_pure_pursuit/simulink_models/matlab_msg_gen/glnxa64/install/include/autoware_planning_msgs/autoware_planning_msgs/msg/detail/path_point__rosidl_typesupport_fastrtps_cpp.hpp\n'}
[1.389864] (autoware_planning_msgs) StdoutLine: {'line': b'-- Up-to-date: /home/omer/custom_pure_pursuit/simulink_models/matlab_msg_gen/glnxa64/install/include/autoware_planning_msgs/autoware_planning_msgs/msg/rosidl_typesupport_fastrtps_cpp__visibility_control.h\n'}
[1.389975] (autoware_planning_msgs) StdoutLine: {'line': b'-- Up-to-date: /home/omer/custom_pure_pursuit/simulink_models/matlab_msg_gen/glnxa64/install/lib/libautoware_planning_msgs__rosidl_typesupport_fastrtps_cpp.so\n'}
[1.390080] (autoware_planning_msgs) StdoutLine: {'line': b'-- Up-to-date: /home/omer/custom_pure_pursuit/simulink_models/matlab_msg_gen/glnxa64/install/include/autoware_planning_msgs/autoware_planning_msgs\n'}
[1.390186] (autoware_planning_msgs) StdoutLine: {'line': b'-- Up-to-date: /home/omer/custom_pure_pursuit/simulink_models/matlab_msg_gen/glnxa64/install/include/autoware_planning_msgs/autoware_planning_msgs/msg\n'}
[1.390293] (autoware_planning_msgs) StdoutLine: {'line': b'-- Up-to-date: /home/omer/custom_pure_pursuit/simulink_models/matlab_msg_gen/glnxa64/install/include/autoware_planning_msgs/autoware_planning_msgs/msg/detail\n'}
[1.390410] (autoware_planning_msgs) StdoutLine: {'line': b'-- Up-to-date: /home/omer/custom_pure_pursuit/simulink_models/matlab_msg_gen/glnxa64/install/include/autoware_planning_msgs/autoware_planning_msgs/msg/detail/path__type_support.cpp\n'}
[1.390515] (autoware_planning_msgs) StdoutLine: {'line': b'-- Up-to-date: /home/omer/custom_pure_pursuit/simulink_models/matlab_msg_gen/glnxa64/install/include/autoware_planning_msgs/autoware_planning_msgs/msg/detail/path__rosidl_typesupport_introspection_cpp.hpp\n'}
[1.390611] (autoware_planning_msgs) StdoutLine: {'line': b'-- Up-to-date: /home/omer/custom_pure_pursuit/simulink_models/matlab_msg_gen/glnxa64/install/include/autoware_planning_msgs/autoware_planning_msgs/msg/detail/path_point__rosidl_typesupport_introspection_cpp.hpp\n'}
[1.390750] (autoware_planning_msgs) StdoutLine: {'line': b'-- Up-to-date: /home/omer/custom_pure_pursuit/simulink_models/matlab_msg_gen/glnxa64/install/include/autoware_planning_msgs/autoware_planning_msgs/msg/detail/path_point__type_support.cpp\n'}
[1.390854] (autoware_planning_msgs) StdoutLine: {'line': b'-- Up-to-date: /home/omer/custom_pure_pursuit/simulink_models/matlab_msg_gen/glnxa64/install/lib/libautoware_planning_msgs__rosidl_typesupport_introspection_cpp.so\n'}
[1.390960] (autoware_planning_msgs) StdoutLine: {'line': b'-- Up-to-date: /home/omer/custom_pure_pursuit/simulink_models/matlab_msg_gen/glnxa64/install/lib/libautoware_planning_msgs__rosidl_typesupport_cpp.so\n'}
[1.391125] (autoware_planning_msgs) StdoutLine: {'line': b'-- Up-to-date: /home/omer/custom_pure_pursuit/simulink_models/matlab_msg_gen/glnxa64/install/share/autoware_planning_msgs/msg/Path.idl\n'}
[1.391354] (autoware_planning_msgs) StdoutLine: {'line': b'-- Up-to-date: /home/omer/custom_pure_pursuit/simulink_models/matlab_msg_gen/glnxa64/install/share/autoware_planning_msgs/msg/PathPoint.idl\n'}
[1.391877] (autoware_planning_msgs) StdoutLine: {'line': b'-- Up-to-date: /home/omer/custom_pure_pursuit/simulink_models/matlab_msg_gen/glnxa64/install/share/autoware_planning_msgs/msg/Path.msg\n'}
[1.391976] (autoware_planning_msgs) StdoutLine: {'line': b'-- Up-to-date: /home/omer/custom_pure_pursuit/simulink_models/matlab_msg_gen/glnxa64/install/share/autoware_planning_msgs/msg/PathPoint.msg\n'}
[1.394266] (autoware_planning_msgs) StdoutLine: {'line': b'-- Up-to-date: /home/omer/custom_pure_pursuit/simulink_models/matlab_msg_gen/glnxa64/install/include\n'}
[1.394451] (autoware_planning_msgs) StdoutLine: {'line': b'-- Up-to-date: /home/omer/custom_pure_pursuit/simulink_models/matlab_msg_gen/glnxa64/install/include/autoware_planning_msgs\n'}
[1.394615] (autoware_planning_msgs) StdoutLine: {'line': b'-- Up-to-date: /home/omer/custom_pure_pursuit/simulink_models/matlab_msg_gen/glnxa64/install/include/autoware_planning_msgs/visibility_control.h\n'}
[1.394749] (autoware_planning_msgs) StdoutLine: {'line': b'-- Up-to-date: /home/omer/custom_pure_pursuit/simulink_models/matlab_msg_gen/glnxa64/install/lib/libautoware_planning_msgs_matlab.so\n'}
[1.394881] (autoware_planning_msgs) StdoutLine: {'line': b'-- Up-to-date: /home/omer/custom_pure_pursuit/simulink_models/matlab_msg_gen/glnxa64/install/m/\n'}
[1.395006] (autoware_planning_msgs) StdoutLine: {'line': b'-- Up-to-date: /home/omer/custom_pure_pursuit/simulink_models/matlab_msg_gen/glnxa64/install/m//+ros\n'}
[1.395236] (autoware_planning_msgs) StdoutLine: {'line': b'-- Up-to-date: /home/omer/custom_pure_pursuit/simulink_models/matlab_msg_gen/glnxa64/install/m//+ros/+internal\n'}
[1.397625] (autoware_planning_msgs) StdoutLine: {'line': b'-- Up-to-date: /home/omer/custom_pure_pursuit/simulink_models/matlab_msg_gen/glnxa64/install/m//+ros/+internal/+ros2\n'}
[1.397852] (autoware_planning_msgs) StdoutLine: {'line': b'-- Up-to-date: /home/omer/custom_pure_pursuit/simulink_models/matlab_msg_gen/glnxa64/install/m//+ros/+internal/+ros2/+custommessages\n'}
[1.399728] (autoware_planning_msgs) StdoutLine: {'line': b'-- Up-to-date: /home/omer/custom_pure_pursuit/simulink_models/matlab_msg_gen/glnxa64/install/m//+ros/+internal/+ros2/+custommessages/+autoware_planning_msgs\n'}
[1.399943] (autoware_planning_msgs) StdoutLine: {'line': b'-- Up-to-date: /home/omer/custom_pure_pursuit/simulink_models/matlab_msg_gen/glnxa64/install/m//+ros/+internal/+ros2/+custommessages/+autoware_planning_msgs/pathPoint.m\n'}
[1.400081] (autoware_planning_msgs) StdoutLine: {'line': b'-- Up-to-date: /home/omer/custom_pure_pursuit/simulink_models/matlab_msg_gen/glnxa64/install/m//+ros/+internal/+ros2/+custommessages/+autoware_planning_msgs/path.m\n'}
[1.400316] (autoware_planning_msgs) StdoutLine: {'line': b'-- Up-to-date: /home/omer/custom_pure_pursuit/simulink_models/matlab_msg_gen/glnxa64/install/share/ament_index/resource_index/package_run_dependencies/autoware_planning_msgs\n'}
[1.402445] (-) TimerEvent: {}
[1.402543] (autoware_planning_msgs) StdoutLine: {'line': b'-- Up-to-date: /home/omer/custom_pure_pursuit/simulink_models/matlab_msg_gen/glnxa64/install/share/ament_index/resource_index/parent_prefix_path/autoware_planning_msgs\n'}
[1.406485] (autoware_planning_msgs) StdoutLine: {'line': b'-- Up-to-date: /home/omer/custom_pure_pursuit/simulink_models/matlab_msg_gen/glnxa64/install/share/autoware_planning_msgs/environment/ament_prefix_path.sh\n'}
[1.406623] (autoware_planning_msgs) StdoutLine: {'line': b'-- Up-to-date: /home/omer/custom_pure_pursuit/simulink_models/matlab_msg_gen/glnxa64/install/share/autoware_planning_msgs/environment/ament_prefix_path.dsv\n'}
[1.406724] (autoware_planning_msgs) StdoutLine: {'line': b'-- Up-to-date: /home/omer/custom_pure_pursuit/simulink_models/matlab_msg_gen/glnxa64/install/share/autoware_planning_msgs/environment/path.sh\n'}
[1.406814] (autoware_planning_msgs) StdoutLine: {'line': b'-- Up-to-date: /home/omer/custom_pure_pursuit/simulink_models/matlab_msg_gen/glnxa64/install/share/autoware_planning_msgs/environment/path.dsv\n'}
[1.406944] (autoware_planning_msgs) StdoutLine: {'line': b'-- Up-to-date: /home/omer/custom_pure_pursuit/simulink_models/matlab_msg_gen/glnxa64/install/share/autoware_planning_msgs/local_setup.bash\n'}
[1.407034] (autoware_planning_msgs) StdoutLine: {'line': b'-- Up-to-date: /home/omer/custom_pure_pursuit/simulink_models/matlab_msg_gen/glnxa64/install/share/autoware_planning_msgs/local_setup.sh\n'}
[1.407126] (autoware_planning_msgs) StdoutLine: {'line': b'-- Up-to-date: /home/omer/custom_pure_pursuit/simulink_models/matlab_msg_gen/glnxa64/install/share/autoware_planning_msgs/local_setup.zsh\n'}
[1.407209] (autoware_planning_msgs) StdoutLine: {'line': b'-- Up-to-date: /home/omer/custom_pure_pursuit/simulink_models/matlab_msg_gen/glnxa64/install/share/autoware_planning_msgs/local_setup.dsv\n'}
[1.407301] (autoware_planning_msgs) StdoutLine: {'line': b'-- Installing: /home/omer/custom_pure_pursuit/simulink_models/matlab_msg_gen/glnxa64/install/share/autoware_planning_msgs/package.dsv\n'}
[1.407402] (autoware_planning_msgs) StdoutLine: {'line': b'-- Up-to-date: /home/omer/custom_pure_pursuit/simulink_models/matlab_msg_gen/glnxa64/install/share/ament_index/resource_index/packages/autoware_planning_msgs\n'}
[1.407497] (autoware_planning_msgs) StdoutLine: {'line': b'-- Up-to-date: /home/omer/custom_pure_pursuit/simulink_models/matlab_msg_gen/glnxa64/install/share/autoware_planning_msgs/cmake/export_autoware_planning_msgs__rosidl_generator_cExport.cmake\n'}
[1.407590] (autoware_planning_msgs) StdoutLine: {'line': b'-- Up-to-date: /home/omer/custom_pure_pursuit/simulink_models/matlab_msg_gen/glnxa64/install/share/autoware_planning_msgs/cmake/export_autoware_planning_msgs__rosidl_generator_cExport-release.cmake\n'}
[1.407681] (autoware_planning_msgs) StdoutLine: {'line': b'-- Up-to-date: /home/omer/custom_pure_pursuit/simulink_models/matlab_msg_gen/glnxa64/install/share/autoware_planning_msgs/cmake/export_autoware_planning_msgs__rosidl_typesupport_fastrtps_cExport.cmake\n'}
[1.407766] (autoware_planning_msgs) StdoutLine: {'line': b'-- Up-to-date: /home/omer/custom_pure_pursuit/simulink_models/matlab_msg_gen/glnxa64/install/share/autoware_planning_msgs/cmake/export_autoware_planning_msgs__rosidl_typesupport_fastrtps_cExport-release.cmake\n'}
[1.407864] (autoware_planning_msgs) StdoutLine: {'line': b'-- Up-to-date: /home/omer/custom_pure_pursuit/simulink_models/matlab_msg_gen/glnxa64/install/share/autoware_planning_msgs/cmake/autoware_planning_msgs__rosidl_typesupport_introspection_cExport.cmake\n'}
[1.407954] (autoware_planning_msgs) StdoutLine: {'line': b'-- Up-to-date: /home/omer/custom_pure_pursuit/simulink_models/matlab_msg_gen/glnxa64/install/share/autoware_planning_msgs/cmake/autoware_planning_msgs__rosidl_typesupport_introspection_cExport-release.cmake\n'}
[1.408103] (autoware_planning_msgs) StdoutLine: {'line': b'-- Up-to-date: /home/omer/custom_pure_pursuit/simulink_models/matlab_msg_gen/glnxa64/install/share/autoware_planning_msgs/cmake/autoware_planning_msgs__rosidl_typesupport_cExport.cmake\n'}
[1.408273] (autoware_planning_msgs) StdoutLine: {'line': b'-- Up-to-date: /home/omer/custom_pure_pursuit/simulink_models/matlab_msg_gen/glnxa64/install/share/autoware_planning_msgs/cmake/autoware_planning_msgs__rosidl_typesupport_cExport-release.cmake\n'}
[1.408508] (autoware_planning_msgs) StdoutLine: {'line': b'-- Up-to-date: /home/omer/custom_pure_pursuit/simulink_models/matlab_msg_gen/glnxa64/install/share/autoware_planning_msgs/cmake/export_autoware_planning_msgs__rosidl_generator_cppExport.cmake\n'}
[1.408680] (autoware_planning_msgs) StdoutLine: {'line': b'-- Up-to-date: /home/omer/custom_pure_pursuit/simulink_models/matlab_msg_gen/glnxa64/install/share/autoware_planning_msgs/cmake/export_autoware_planning_msgs__rosidl_typesupport_fastrtps_cppExport.cmake\n'}
[1.408819] (autoware_planning_msgs) StdoutLine: {'line': b'-- Up-to-date: /home/omer/custom_pure_pursuit/simulink_models/matlab_msg_gen/glnxa64/install/share/autoware_planning_msgs/cmake/export_autoware_planning_msgs__rosidl_typesupport_fastrtps_cppExport-release.cmake\n'}
[1.409096] (autoware_planning_msgs) StdoutLine: {'line': b'-- Up-to-date: /home/omer/custom_pure_pursuit/simulink_models/matlab_msg_gen/glnxa64/install/share/autoware_planning_msgs/cmake/autoware_planning_msgs__rosidl_typesupport_introspection_cppExport.cmake\n'}
[1.409371] (autoware_planning_msgs) StdoutLine: {'line': b'-- Up-to-date: /home/omer/custom_pure_pursuit/simulink_models/matlab_msg_gen/glnxa64/install/share/autoware_planning_msgs/cmake/autoware_planning_msgs__rosidl_typesupport_introspection_cppExport-release.cmake\n'}
[1.409602] (autoware_planning_msgs) StdoutLine: {'line': b'-- Up-to-date: /home/omer/custom_pure_pursuit/simulink_models/matlab_msg_gen/glnxa64/install/share/autoware_planning_msgs/cmake/autoware_planning_msgs__rosidl_typesupport_cppExport.cmake\n'}
[1.411718] (autoware_planning_msgs) StdoutLine: {'line': b'-- Up-to-date: /home/omer/custom_pure_pursuit/simulink_models/matlab_msg_gen/glnxa64/install/share/autoware_planning_msgs/cmake/autoware_planning_msgs__rosidl_typesupport_cppExport-release.cmake\n'}
[1.411945] (autoware_planning_msgs) StdoutLine: {'line': b'-- Up-to-date: /home/omer/custom_pure_pursuit/simulink_models/matlab_msg_gen/glnxa64/install/share/autoware_planning_msgs/cmake/rosidl_cmake-extras.cmake\n'}
[1.412020] (autoware_planning_msgs) StdoutLine: {'line': b'-- Up-to-date: /home/omer/custom_pure_pursuit/simulink_models/matlab_msg_gen/glnxa64/install/share/autoware_planning_msgs/cmake/ament_cmake_export_dependencies-extras.cmake\n'}
[1.412131] (autoware_planning_msgs) StdoutLine: {'line': b'-- Up-to-date: /home/omer/custom_pure_pursuit/simulink_models/matlab_msg_gen/glnxa64/install/share/autoware_planning_msgs/cmake/ament_cmake_export_include_directories-extras.cmake\n'}
[1.412258] (autoware_planning_msgs) StdoutLine: {'line': b'-- Up-to-date: /home/omer/custom_pure_pursuit/simulink_models/matlab_msg_gen/glnxa64/install/share/autoware_planning_msgs/cmake/ament_cmake_export_libraries-extras.cmake\n'}
[1.412400] (autoware_planning_msgs) StdoutLine: {'line': b'-- Up-to-date: /home/omer/custom_pure_pursuit/simulink_models/matlab_msg_gen/glnxa64/install/share/autoware_planning_msgs/cmake/ament_cmake_export_targets-extras.cmake\n'}
[1.412488] (autoware_planning_msgs) StdoutLine: {'line': b'-- Up-to-date: /home/omer/custom_pure_pursuit/simulink_models/matlab_msg_gen/glnxa64/install/share/autoware_planning_msgs/cmake/rosidl_cmake_export_typesupport_targets-extras.cmake\n'}
[1.412651] (autoware_planning_msgs) StdoutLine: {'line': b'-- Up-to-date: /home/omer/custom_pure_pursuit/simulink_models/matlab_msg_gen/glnxa64/install/share/autoware_planning_msgs/cmake/rosidl_cmake_export_typesupport_libraries-extras.cmake\n'}
[1.412740] (autoware_planning_msgs) StdoutLine: {'line': b'-- Up-to-date: /home/omer/custom_pure_pursuit/simulink_models/matlab_msg_gen/glnxa64/install/share/autoware_planning_msgs/cmake/autoware_planning_msgsConfig.cmake\n'}
[1.412836] (autoware_planning_msgs) StdoutLine: {'line': b'-- Up-to-date: /home/omer/custom_pure_pursuit/simulink_models/matlab_msg_gen/glnxa64/install/share/autoware_planning_msgs/cmake/autoware_planning_msgsConfig-version.cmake\n'}
[1.412899] (autoware_planning_msgs) StdoutLine: {'line': b'-- Installing: /home/omer/custom_pure_pursuit/simulink_models/matlab_msg_gen/glnxa64/install/share/autoware_planning_msgs/package.xml\n'}
[1.412958] (autoware_planning_msgs) CommandEnded: {'returncode': 0}
[1.505298] (-) TimerEvent: {}
[1.516621] (autoware_planning_msgs) JobEnded: {'identifier': 'autoware_planning_msgs', 'rc': 0}
[1.517291] (-) EventReactorShutdown: {}
