[0/1] Re-running CMake...
-- Building for ROS 2 Jazzy
-- Found ament_cmake: 2.5.2 (/usr/local/MATLAB/R2025b/sys/ros2/glnxa64/ros2/share/ament_cmake/cmake)
-- Found ament_cmake_ros: 0.12.0 (/usr/local/MATLAB/R2025b/sys/ros2/glnxa64/ros2/share/ament_cmake_ros/cmake)
-- Found rosidl_typesupport_c: 3.2.2 (/usr/local/MATLAB/R2025b/sys/ros2/glnxa64/ros2/share/rosidl_typesupport_c/cmake)
-- Using all available rosidl_typesupport_c: rosidl_typesupport_fastrtps_c;rosidl_typesupport_introspection_c
-- Found rosidl_typesupport_cpp: 3.2.2 (/usr/local/MATLAB/R2025b/sys/ros2/glnxa64/ros2/share/rosidl_typesupport_cpp/cmake)
-- Using all available rosidl_typesupport_cpp: rosidl_typesupport_fastrtps_cpp;rosidl_typesupport_introspection_cpp
-- Found rosidl_default_generators: 1.6.0 (/usr/local/MATLAB/R2025b/sys/ros2/glnxa64/ros2/share/rosidl_default_generators/cmake)
-- Found rosidl_adapter: 4.8.1 (/usr/local/MATLAB/R2025b/sys/ros2/glnxa64/ros2/share/rosidl_adapter/cmake)
-- Found class_loader: 2.7.0 (/usr/local/MATLAB/R2025b/sys/ros2/glnxa64/ros2/share/class_loader/cmake)
-- Found geometry_msgs: 5.3.5 (/usr/local/MATLAB/R2025b/sys/ros2/glnxa64/ros2/share/geometry_msgs/cmake)
-- Found rclcpp: 28.1.3 (/usr/local/MATLAB/R2025b/sys/ros2/glnxa64/ros2/share/rclcpp/cmake)
-- Found rmw_implementation_cmake: 7.3.1 (/usr/local/MATLAB/R2025b/sys/ros2/glnxa64/ros2/share/rmw_implementation_cmake/cmake)
-- Found rmw_fastrtps_cpp: 9.0.0 (/usr/local/MATLAB/R2025b/sys/ros2/glnxa64/ros2/share/rmw_fastrtps_cpp/cmake)
-- Using RMW implementation 'rmw_fastrtps_cpp' as default
-- Using all available rosidl_typesupport_c: rosidl_typesupport_fastrtps_c;rosidl_typesupport_introspection_c
-- Using all available rosidl_typesupport_cpp: rosidl_typesupport_fastrtps_cpp;rosidl_typesupport_introspection_cpp
-- Configuring done
-- Generating done
-- Build files have been written to: /home/omer/custom_pure_pursuit/simulink_models/matlab_msg_gen/glnxa64/build/autoware_planning_msgs
ninja: no work to do.
-- Install configuration: "Release"
-- Up-to-date: /home/omer/custom_pure_pursuit/simulink_models/matlab_msg_gen/glnxa64/install/share/ament_index/resource_index/rosidl_interfaces/autoware_planning_msgs
-- Up-to-date: /home/omer/custom_pure_pursuit/simulink_models/matlab_msg_gen/glnxa64/install/share/autoware_planning_msgs/msg/Path.json
-- Up-to-date: /home/omer/custom_pure_pursuit/simulink_models/matlab_msg_gen/glnxa64/install/share/autoware_planning_msgs/msg/PathPoint.json
-- Up-to-date: /home/omer/custom_pure_pursuit/simulink_models/matlab_msg_gen/glnxa64/install/include/autoware_planning_msgs/autoware_planning_msgs
-- Up-to-date: /home/omer/custom_pure_pursuit/simulink_models/matlab_msg_gen/glnxa64/install/include/autoware_planning_msgs/autoware_planning_msgs/msg
-- Up-to-date: /home/omer/custom_pure_pursuit/simulink_models/matlab_msg_gen/glnxa64/install/include/autoware_planning_msgs/autoware_planning_msgs/msg/detail
-- Up-to-date: /home/omer/custom_pure_pursuit/simulink_models/matlab_msg_gen/glnxa64/install/include/autoware_planning_msgs/autoware_planning_msgs/msg/detail/path_point__description.c
-- Up-to-date: /home/omer/custom_pure_pursuit/simulink_models/matlab_msg_gen/glnxa64/install/include/autoware_planning_msgs/autoware_planning_msgs/msg/detail/path_point__type_support.h
-- Up-to-date: /home/omer/custom_pure_pursuit/simulink_models/matlab_msg_gen/glnxa64/install/include/autoware_planning_msgs/autoware_planning_msgs/msg/detail/path_point__struct.h
-- Up-to-date: /home/omer/custom_pure_pursuit/simulink_models/matlab_msg_gen/glnxa64/install/include/autoware_planning_msgs/autoware_planning_msgs/msg/detail/path_point__type_support.c
-- Up-to-date: /home/omer/custom_pure_pursuit/simulink_models/matlab_msg_gen/glnxa64/install/include/autoware_planning_msgs/autoware_planning_msgs/msg/detail/path__functions.h
-- Up-to-date: /home/omer/custom_pure_pursuit/simulink_models/matlab_msg_gen/glnxa64/install/include/autoware_planning_msgs/autoware_planning_msgs/msg/detail/path__struct.h
-- Up-to-date: /home/omer/custom_pure_pursuit/simulink_models/matlab_msg_gen/glnxa64/install/include/autoware_planning_msgs/autoware_planning_msgs/msg/detail/path__type_support.c
-- Up-to-date: /home/omer/custom_pure_pursuit/simulink_models/matlab_msg_gen/glnxa64/install/include/autoware_planning_msgs/autoware_planning_msgs/msg/detail/path__description.c
-- Up-to-date: /home/omer/custom_pure_pursuit/simulink_models/matlab_msg_gen/glnxa64/install/include/autoware_planning_msgs/autoware_planning_msgs/msg/detail/path_point__functions.c
-- Up-to-date: /home/omer/custom_pure_pursuit/simulink_models/matlab_msg_gen/glnxa64/install/include/autoware_planning_msgs/autoware_planning_msgs/msg/detail/path_point__functions.h
-- Up-to-date: /home/omer/custom_pure_pursuit/simulink_models/matlab_msg_gen/glnxa64/install/include/autoware_planning_msgs/autoware_planning_msgs/msg/detail/path__type_support.h
-- Up-to-date: /home/omer/custom_pure_pursuit/simulink_models/matlab_msg_gen/glnxa64/install/include/autoware_planning_msgs/autoware_planning_msgs/msg/detail/path__functions.c
-- Up-to-date: /home/omer/custom_pure_pursuit/simulink_models/matlab_msg_gen/glnxa64/install/include/autoware_planning_msgs/autoware_planning_msgs/msg/path.h
-- Up-to-date: /home/omer/custom_pure_pursuit/simulink_models/matlab_msg_gen/glnxa64/install/include/autoware_planning_msgs/autoware_planning_msgs/msg/rosidl_generator_c__visibility_control.h
-- Up-to-date: /home/omer/custom_pure_pursuit/simulink_models/matlab_msg_gen/glnxa64/install/include/autoware_planning_msgs/autoware_planning_msgs/msg/path_point.h
-- Up-to-date: /home/omer/custom_pure_pursuit/simulink_models/matlab_msg_gen/glnxa64/install/share/autoware_planning_msgs/environment/library_path.sh
-- Up-to-date: /home/omer/custom_pure_pursuit/simulink_models/matlab_msg_gen/glnxa64/install/share/autoware_planning_msgs/environment/library_path.dsv
-- Up-to-date: /home/omer/custom_pure_pursuit/simulink_models/matlab_msg_gen/glnxa64/install/lib/libautoware_planning_msgs__rosidl_generator_c.so
-- Up-to-date: /home/omer/custom_pure_pursuit/simulink_models/matlab_msg_gen/glnxa64/install/include/autoware_planning_msgs/autoware_planning_msgs
-- Up-to-date: /home/omer/custom_pure_pursuit/simulink_models/matlab_msg_gen/glnxa64/install/include/autoware_planning_msgs/autoware_planning_msgs/msg
-- Up-to-date: /home/omer/custom_pure_pursuit/simulink_models/matlab_msg_gen/glnxa64/install/include/autoware_planning_msgs/autoware_planning_msgs/msg/detail
-- Up-to-date: /home/omer/custom_pure_pursuit/simulink_models/matlab_msg_gen/glnxa64/install/include/autoware_planning_msgs/autoware_planning_msgs/msg/detail/path_point__rosidl_typesupport_fastrtps_c.h
-- Up-to-date: /home/omer/custom_pure_pursuit/simulink_models/matlab_msg_gen/glnxa64/install/include/autoware_planning_msgs/autoware_planning_msgs/msg/detail/path__rosidl_typesupport_fastrtps_c.h
-- Up-to-date: /home/omer/custom_pure_pursuit/simulink_models/matlab_msg_gen/glnxa64/install/include/autoware_planning_msgs/autoware_planning_msgs/msg/rosidl_typesupport_fastrtps_c__visibility_control.h
-- Up-to-date: /home/omer/custom_pure_pursuit/simulink_models/matlab_msg_gen/glnxa64/install/lib/libautoware_planning_msgs__rosidl_typesupport_fastrtps_c.so
-- Up-to-date: /home/omer/custom_pure_pursuit/simulink_models/matlab_msg_gen/glnxa64/install/include/autoware_planning_msgs/autoware_planning_msgs
-- Up-to-date: /home/omer/custom_pure_pursuit/simulink_models/matlab_msg_gen/glnxa64/install/include/autoware_planning_msgs/autoware_planning_msgs/msg
-- Up-to-date: /home/omer/custom_pure_pursuit/simulink_models/matlab_msg_gen/glnxa64/install/include/autoware_planning_msgs/autoware_planning_msgs/msg/rosidl_typesupport_introspection_c__visibility_control.h
-- Up-to-date: /home/omer/custom_pure_pursuit/simulink_models/matlab_msg_gen/glnxa64/install/include/autoware_planning_msgs/autoware_planning_msgs/msg/detail
-- Up-to-date: /home/omer/custom_pure_pursuit/simulink_models/matlab_msg_gen/glnxa64/install/include/autoware_planning_msgs/autoware_planning_msgs/msg/detail/path__rosidl_typesupport_introspection_c.h
-- Up-to-date: /home/omer/custom_pure_pursuit/simulink_models/matlab_msg_gen/glnxa64/install/include/autoware_planning_msgs/autoware_planning_msgs/msg/detail/path_point__type_support.c
-- Up-to-date: /home/omer/custom_pure_pursuit/simulink_models/matlab_msg_gen/glnxa64/install/include/autoware_planning_msgs/autoware_planning_msgs/msg/detail/path__type_support.c
-- Up-to-date: /home/omer/custom_pure_pursuit/simulink_models/matlab_msg_gen/glnxa64/install/include/autoware_planning_msgs/autoware_planning_msgs/msg/detail/path_point__rosidl_typesupport_introspection_c.h
-- Up-to-date: /home/omer/custom_pure_pursuit/simulink_models/matlab_msg_gen/glnxa64/install/lib/libautoware_planning_msgs__rosidl_typesupport_introspection_c.so
-- Up-to-date: /home/omer/custom_pure_pursuit/simulink_models/matlab_msg_gen/glnxa64/install/lib/libautoware_planning_msgs__rosidl_typesupport_c.so
-- Up-to-date: /home/omer/custom_pure_pursuit/simulink_models/matlab_msg_gen/glnxa64/install/include/autoware_planning_msgs/autoware_planning_msgs
-- Up-to-date: /home/omer/custom_pure_pursuit/simulink_models/matlab_msg_gen/glnxa64/install/include/autoware_planning_msgs/autoware_planning_msgs/msg
-- Up-to-date: /home/omer/custom_pure_pursuit/simulink_models/matlab_msg_gen/glnxa64/install/include/autoware_planning_msgs/autoware_planning_msgs/msg/path.hpp
-- Up-to-date: /home/omer/custom_pure_pursuit/simulink_models/matlab_msg_gen/glnxa64/install/include/autoware_planning_msgs/autoware_planning_msgs/msg/rosidl_generator_cpp__visibility_control.hpp
-- Up-to-date: /home/omer/custom_pure_pursuit/simulink_models/matlab_msg_gen/glnxa64/install/include/autoware_planning_msgs/autoware_planning_msgs/msg/detail
-- Up-to-date: /home/omer/custom_pure_pursuit/simulink_models/matlab_msg_gen/glnxa64/install/include/autoware_planning_msgs/autoware_planning_msgs/msg/detail/path_point__builder.hpp
-- Up-to-date: /home/omer/custom_pure_pursuit/simulink_models/matlab_msg_gen/glnxa64/install/include/autoware_planning_msgs/autoware_planning_msgs/msg/detail/path__traits.hpp
-- Up-to-date: /home/omer/custom_pure_pursuit/simulink_models/matlab_msg_gen/glnxa64/install/include/autoware_planning_msgs/autoware_planning_msgs/msg/detail/path__struct.hpp
-- Up-to-date: /home/omer/custom_pure_pursuit/simulink_models/matlab_msg_gen/glnxa64/install/include/autoware_planning_msgs/autoware_planning_msgs/msg/detail/path__builder.hpp
-- Up-to-date: /home/omer/custom_pure_pursuit/simulink_models/matlab_msg_gen/glnxa64/install/include/autoware_planning_msgs/autoware_planning_msgs/msg/detail/path_point__struct.hpp
-- Up-to-date: /home/omer/custom_pure_pursuit/simulink_models/matlab_msg_gen/glnxa64/install/include/autoware_planning_msgs/autoware_planning_msgs/msg/detail/path_point__traits.hpp
-- Up-to-date: /home/omer/custom_pure_pursuit/simulink_models/matlab_msg_gen/glnxa64/install/include/autoware_planning_msgs/autoware_planning_msgs/msg/detail/path__type_support.hpp
-- Up-to-date: /home/omer/custom_pure_pursuit/simulink_models/matlab_msg_gen/glnxa64/install/include/autoware_planning_msgs/autoware_planning_msgs/msg/detail/path_point__type_support.hpp
-- Up-to-date: /home/omer/custom_pure_pursuit/simulink_models/matlab_msg_gen/glnxa64/install/include/autoware_planning_msgs/autoware_planning_msgs/msg/path_point.hpp
-- Up-to-date: /home/omer/custom_pure_pursuit/simulink_models/matlab_msg_gen/glnxa64/install/include/autoware_planning_msgs/autoware_planning_msgs
-- Up-to-date: /home/omer/custom_pure_pursuit/simulink_models/matlab_msg_gen/glnxa64/install/include/autoware_planning_msgs/autoware_planning_msgs/msg
-- Up-to-date: /home/omer/custom_pure_pursuit/simulink_models/matlab_msg_gen/glnxa64/install/include/autoware_planning_msgs/autoware_planning_msgs/msg/detail
-- Up-to-date: /home/omer/custom_pure_pursuit/simulink_models/matlab_msg_gen/glnxa64/install/include/autoware_planning_msgs/autoware_planning_msgs/msg/detail/dds_fastrtps
-- Up-to-date: /home/omer/custom_pure_pursuit/simulink_models/matlab_msg_gen/glnxa64/install/include/autoware_planning_msgs/autoware_planning_msgs/msg/detail/path__rosidl_typesupport_fastrtps_cpp.hpp
-- Up-to-date: /home/omer/custom_pure_pursuit/simulink_models/matlab_msg_gen/glnxa64/install/include/autoware_planning_msgs/autoware_planning_msgs/msg/detail/path_point__rosidl_typesupport_fastrtps_cpp.hpp
-- Up-to-date: /home/omer/custom_pure_pursuit/simulink_models/matlab_msg_gen/glnxa64/install/include/autoware_planning_msgs/autoware_planning_msgs/msg/rosidl_typesupport_fastrtps_cpp__visibility_control.h
-- Up-to-date: /home/omer/custom_pure_pursuit/simulink_models/matlab_msg_gen/glnxa64/install/lib/libautoware_planning_msgs__rosidl_typesupport_fastrtps_cpp.so
-- Up-to-date: /home/omer/custom_pure_pursuit/simulink_models/matlab_msg_gen/glnxa64/install/include/autoware_planning_msgs/autoware_planning_msgs
-- Up-to-date: /home/omer/custom_pure_pursuit/simulink_models/matlab_msg_gen/glnxa64/install/include/autoware_planning_msgs/autoware_planning_msgs/msg
-- Up-to-date: /home/omer/custom_pure_pursuit/simulink_models/matlab_msg_gen/glnxa64/install/include/autoware_planning_msgs/autoware_planning_msgs/msg/detail
-- Up-to-date: /home/omer/custom_pure_pursuit/simulink_models/matlab_msg_gen/glnxa64/install/include/autoware_planning_msgs/autoware_planning_msgs/msg/detail/path__type_support.cpp
-- Up-to-date: /home/omer/custom_pure_pursuit/simulink_models/matlab_msg_gen/glnxa64/install/include/autoware_planning_msgs/autoware_planning_msgs/msg/detail/path__rosidl_typesupport_introspection_cpp.hpp
-- Up-to-date: /home/omer/custom_pure_pursuit/simulink_models/matlab_msg_gen/glnxa64/install/include/autoware_planning_msgs/autoware_planning_msgs/msg/detail/path_point__rosidl_typesupport_introspection_cpp.hpp
-- Up-to-date: /home/omer/custom_pure_pursuit/simulink_models/matlab_msg_gen/glnxa64/install/include/autoware_planning_msgs/autoware_planning_msgs/msg/detail/path_point__type_support.cpp
-- Up-to-date: /home/omer/custom_pure_pursuit/simulink_models/matlab_msg_gen/glnxa64/install/lib/libautoware_planning_msgs__rosidl_typesupport_introspection_cpp.so
-- Up-to-date: /home/omer/custom_pure_pursuit/simulink_models/matlab_msg_gen/glnxa64/install/lib/libautoware_planning_msgs__rosidl_typesupport_cpp.so
-- Up-to-date: /home/omer/custom_pure_pursuit/simulink_models/matlab_msg_gen/glnxa64/install/share/autoware_planning_msgs/msg/Path.idl
-- Up-to-date: /home/omer/custom_pure_pursuit/simulink_models/matlab_msg_gen/glnxa64/install/share/autoware_planning_msgs/msg/PathPoint.idl
-- Up-to-date: /home/omer/custom_pure_pursuit/simulink_models/matlab_msg_gen/glnxa64/install/share/autoware_planning_msgs/msg/Path.msg
-- Up-to-date: /home/omer/custom_pure_pursuit/simulink_models/matlab_msg_gen/glnxa64/install/share/autoware_planning_msgs/msg/PathPoint.msg
-- Up-to-date: /home/omer/custom_pure_pursuit/simulink_models/matlab_msg_gen/glnxa64/install/include
-- Up-to-date: /home/omer/custom_pure_pursuit/simulink_models/matlab_msg_gen/glnxa64/install/include/autoware_planning_msgs
-- Up-to-date: /home/omer/custom_pure_pursuit/simulink_models/matlab_msg_gen/glnxa64/install/include/autoware_planning_msgs/visibility_control.h
-- Up-to-date: /home/omer/custom_pure_pursuit/simulink_models/matlab_msg_gen/glnxa64/install/lib/libautoware_planning_msgs_matlab.so
-- Up-to-date: /home/omer/custom_pure_pursuit/simulink_models/matlab_msg_gen/glnxa64/install/m/
-- Up-to-date: /home/omer/custom_pure_pursuit/simulink_models/matlab_msg_gen/glnxa64/install/m//+ros
-- Up-to-date: /home/omer/custom_pure_pursuit/simulink_models/matlab_msg_gen/glnxa64/install/m//+ros/+internal
-- Up-to-date: /home/omer/custom_pure_pursuit/simulink_models/matlab_msg_gen/glnxa64/install/m//+ros/+internal/+ros2
-- Up-to-date: /home/omer/custom_pure_pursuit/simulink_models/matlab_msg_gen/glnxa64/install/m//+ros/+internal/+ros2/+custommessages
-- Up-to-date: /home/omer/custom_pure_pursuit/simulink_models/matlab_msg_gen/glnxa64/install/m//+ros/+internal/+ros2/+custommessages/+autoware_planning_msgs
-- Up-to-date: /home/omer/custom_pure_pursuit/simulink_models/matlab_msg_gen/glnxa64/install/m//+ros/+internal/+ros2/+custommessages/+autoware_planning_msgs/pathPoint.m
-- Up-to-date: /home/omer/custom_pure_pursuit/simulink_models/matlab_msg_gen/glnxa64/install/m//+ros/+internal/+ros2/+custommessages/+autoware_planning_msgs/path.m
-- Up-to-date: /home/omer/custom_pure_pursuit/simulink_models/matlab_msg_gen/glnxa64/install/share/ament_index/resource_index/package_run_dependencies/autoware_planning_msgs
-- Installing: /home/omer/custom_pure_pursuit/simulink_models/matlab_msg_gen/glnxa64/install/share/ament_index/resource_index/parent_prefix_path/autoware_planning_msgs
-- Up-to-date: /home/omer/custom_pure_pursuit/simulink_models/matlab_msg_gen/glnxa64/install/share/autoware_planning_msgs/environment/ament_prefix_path.sh
-- Up-to-date: /home/omer/custom_pure_pursuit/simulink_models/matlab_msg_gen/glnxa64/install/share/autoware_planning_msgs/environment/ament_prefix_path.dsv
-- Up-to-date: /home/omer/custom_pure_pursuit/simulink_models/matlab_msg_gen/glnxa64/install/share/autoware_planning_msgs/environment/path.sh
-- Up-to-date: /home/omer/custom_pure_pursuit/simulink_models/matlab_msg_gen/glnxa64/install/share/autoware_planning_msgs/environment/path.dsv
-- Up-to-date: /home/omer/custom_pure_pursuit/simulink_models/matlab_msg_gen/glnxa64/install/share/autoware_planning_msgs/local_setup.bash
-- Up-to-date: /home/omer/custom_pure_pursuit/simulink_models/matlab_msg_gen/glnxa64/install/share/autoware_planning_msgs/local_setup.sh
-- Up-to-date: /home/omer/custom_pure_pursuit/simulink_models/matlab_msg_gen/glnxa64/install/share/autoware_planning_msgs/local_setup.zsh
-- Up-to-date: /home/omer/custom_pure_pursuit/simulink_models/matlab_msg_gen/glnxa64/install/share/autoware_planning_msgs/local_setup.dsv
-- Installing: /home/omer/custom_pure_pursuit/simulink_models/matlab_msg_gen/glnxa64/install/share/autoware_planning_msgs/package.dsv
-- Up-to-date: /home/omer/custom_pure_pursuit/simulink_models/matlab_msg_gen/glnxa64/install/share/ament_index/resource_index/packages/autoware_planning_msgs
-- Up-to-date: /home/omer/custom_pure_pursuit/simulink_models/matlab_msg_gen/glnxa64/install/share/autoware_planning_msgs/cmake/export_autoware_planning_msgs__rosidl_generator_cExport.cmake
-- Up-to-date: /home/omer/custom_pure_pursuit/simulink_models/matlab_msg_gen/glnxa64/install/share/autoware_planning_msgs/cmake/export_autoware_planning_msgs__rosidl_generator_cExport-release.cmake
-- Up-to-date: /home/omer/custom_pure_pursuit/simulink_models/matlab_msg_gen/glnxa64/install/share/autoware_planning_msgs/cmake/export_autoware_planning_msgs__rosidl_typesupport_fastrtps_cExport.cmake
-- Up-to-date: /home/omer/custom_pure_pursuit/simulink_models/matlab_msg_gen/glnxa64/install/share/autoware_planning_msgs/cmake/export_autoware_planning_msgs__rosidl_typesupport_fastrtps_cExport-release.cmake
-- Up-to-date: /home/omer/custom_pure_pursuit/simulink_models/matlab_msg_gen/glnxa64/install/share/autoware_planning_msgs/cmake/autoware_planning_msgs__rosidl_typesupport_introspection_cExport.cmake
-- Up-to-date: /home/omer/custom_pure_pursuit/simulink_models/matlab_msg_gen/glnxa64/install/share/autoware_planning_msgs/cmake/autoware_planning_msgs__rosidl_typesupport_introspection_cExport-release.cmake
-- Up-to-date: /home/omer/custom_pure_pursuit/simulink_models/matlab_msg_gen/glnxa64/install/share/autoware_planning_msgs/cmake/autoware_planning_msgs__rosidl_typesupport_cExport.cmake
-- Up-to-date: /home/omer/custom_pure_pursuit/simulink_models/matlab_msg_gen/glnxa64/install/share/autoware_planning_msgs/cmake/autoware_planning_msgs__rosidl_typesupport_cExport-release.cmake
-- Up-to-date: /home/omer/custom_pure_pursuit/simulink_models/matlab_msg_gen/glnxa64/install/share/autoware_planning_msgs/cmake/export_autoware_planning_msgs__rosidl_generator_cppExport.cmake
-- Up-to-date: /home/omer/custom_pure_pursuit/simulink_models/matlab_msg_gen/glnxa64/install/share/autoware_planning_msgs/cmake/export_autoware_planning_msgs__rosidl_typesupport_fastrtps_cppExport.cmake
-- Up-to-date: /home/omer/custom_pure_pursuit/simulink_models/matlab_msg_gen/glnxa64/install/share/autoware_planning_msgs/cmake/export_autoware_planning_msgs__rosidl_typesupport_fastrtps_cppExport-release.cmake
-- Up-to-date: /home/omer/custom_pure_pursuit/simulink_models/matlab_msg_gen/glnxa64/install/share/autoware_planning_msgs/cmake/autoware_planning_msgs__rosidl_typesupport_introspection_cppExport.cmake
-- Up-to-date: /home/omer/custom_pure_pursuit/simulink_models/matlab_msg_gen/glnxa64/install/share/autoware_planning_msgs/cmake/autoware_planning_msgs__rosidl_typesupport_introspection_cppExport-release.cmake
-- Up-to-date: /home/omer/custom_pure_pursuit/simulink_models/matlab_msg_gen/glnxa64/install/share/autoware_planning_msgs/cmake/autoware_planning_msgs__rosidl_typesupport_cppExport.cmake
-- Up-to-date: /home/omer/custom_pure_pursuit/simulink_models/matlab_msg_gen/glnxa64/install/share/autoware_planning_msgs/cmake/autoware_planning_msgs__rosidl_typesupport_cppExport-release.cmake
-- Up-to-date: /home/omer/custom_pure_pursuit/simulink_models/matlab_msg_gen/glnxa64/install/share/autoware_planning_msgs/cmake/rosidl_cmake-extras.cmake
-- Up-to-date: /home/omer/custom_pure_pursuit/simulink_models/matlab_msg_gen/glnxa64/install/share/autoware_planning_msgs/cmake/ament_cmake_export_dependencies-extras.cmake
-- Up-to-date: /home/omer/custom_pure_pursuit/simulink_models/matlab_msg_gen/glnxa64/install/share/autoware_planning_msgs/cmake/ament_cmake_export_include_directories-extras.cmake
-- Up-to-date: /home/omer/custom_pure_pursuit/simulink_models/matlab_msg_gen/glnxa64/install/share/autoware_planning_msgs/cmake/ament_cmake_export_libraries-extras.cmake
-- Up-to-date: /home/omer/custom_pure_pursuit/simulink_models/matlab_msg_gen/glnxa64/install/share/autoware_planning_msgs/cmake/ament_cmake_export_targets-extras.cmake
-- Up-to-date: /home/omer/custom_pure_pursuit/simulink_models/matlab_msg_gen/glnxa64/install/share/autoware_planning_msgs/cmake/rosidl_cmake_export_typesupport_targets-extras.cmake
-- Up-to-date: /home/omer/custom_pure_pursuit/simulink_models/matlab_msg_gen/glnxa64/install/share/autoware_planning_msgs/cmake/rosidl_cmake_export_typesupport_libraries-extras.cmake
-- Up-to-date: /home/omer/custom_pure_pursuit/simulink_models/matlab_msg_gen/glnxa64/install/share/autoware_planning_msgs/cmake/autoware_planning_msgsConfig.cmake
-- Up-to-date: /home/omer/custom_pure_pursuit/simulink_models/matlab_msg_gen/glnxa64/install/share/autoware_planning_msgs/cmake/autoware_planning_msgsConfig-version.cmake
-- Installing: /home/omer/custom_pure_pursuit/simulink_models/matlab_msg_gen/glnxa64/install/share/autoware_planning_msgs/package.xml
