[0.000000] (-) TimerEvent: {}
[0.000265] (autoware_planning_msgs) JobQueued: {'identifier': 'autoware_planning_msgs', 'dependencies': OrderedDict()}
[0.000308] (autoware_planning_msgs) JobStarted: {'identifier': 'autoware_planning_msgs'}
[0.036632] (autoware_planning_msgs) JobProgress: {'identifier': 'autoware_planning_msgs', 'progress': 'cmake'}
[0.037728] (autoware_planning_msgs) JobProgress: {'identifier': 'autoware_planning_msgs', 'progress': 'build'}
[0.037807] (autoware_planning_msgs) Command: {'cmd': ['/usr/local/MATLAB/R2025b/bin/glnxa64/cmake/bin/cmake', '--build', '/home/omer/custom_pure_pursuit/simulink_models/matlab_msg_gen/glnxa64/build/autoware_planning_msgs', '--', '-j8', '-l8'], 'cwd': '/home/omer/custom_pure_pursuit/simulink_models/matlab_msg_gen/glnxa64/build/autoware_planning_msgs', 'env': OrderedDict([('GJS_DEBUG_TOPICS', 'JS ERROR;JS LOG'), ('ARCH', 'glnxa64'), ('CUSTOM_LD_LIBRARY_PATH', ''), ('USER', 'omer'), ('LOCAL_PYTHON_VENV_PATH', '/home/omer/.matlab/R2025b/ros2/glnxa64/venv'), ('MEMKIND_HEAP_MANAGER', 'TBB'), ('CUSTOM_AMENT_PREFIX_PATH', '/home/omer/custom_pure_pursuit/simulink_models/matlab_msg_gen/glnxa64/install:/usr/local/MATLAB/R2025b/sys/ros2/glnxa64/ros2'), ('XDG_SESSION_TYPE', 'x11'), ('KMP_HANDLE_SIGNALS', '0'), ('SHLVL', '1'), ('ICU_TIMEZONE_FILES_DIR', '/usr/local/MATLAB/R2025b/bin/icutzdata'), ('LD_LIBRARY_PATH', ':/usr/local/MATLAB/R2025b/sys/ros2/glnxa64/ros2/lib:/usr/local/MATLAB/R2025b/sys/os/glnxa64:/usr/local/MATLAB/R2025b/bin/glnxa64:/home/omer/.MathWorks/xdJTwxKhLpLNmhsyPIrTSJYUZLtloJyItpbCjJDyqQg/bin/glnxa64:/usr/local/MATLAB/R2025b/extern/lib/glnxa64:/usr/local/MATLAB/R2025b/cefclient/sys/os/glnxa64:/usr/local/MATLAB/R2025b/runtime/glnxa64:/usr/local/MATLAB/R2025b/sys/java/jre/glnxa64/jre/lib/amd64/native_threads:/usr/local/MATLAB/R2025b/sys/java/jre/glnxa64/jre/lib/amd64/server'), ('BASEMATLABPATH', ''), ('HOME', '/home/omer'), ('AUTOMOUNT_MAP', ''), ('OLDPWD', '/usr/local/MATLAB/R2025b'), ('DESKTOP_SESSION', 'ubuntu-xorg'), ('MW_LD_SHIM', '/usr/local/MATLAB/R2025b/bin/glnxa64/ld_shim.so.2.35.ubuntu_22_04'), ('GIO_LAUNCHED_DESKTOP_FILE', '/usr/share/applications/matlab.desktop'), ('GNOME_SHELL_SESSION_MODE', 'ubuntu'), ('GTK_MODULES', 'gail:atk-bridge'), ('KMP_BLOCKTIME', '1'), ('PS1', '(venv)'), ('MANAGERPID', '1879'), ('SYSTEMD_EXEC_PID', '2148'), ('DBUS_SESSION_BUS_ADDRESS', 'unix:path=/run/user/1000/bus'), ('GIO_LAUNCHED_DESKTOP_FILE_PID', '13097'), ('CUSTOM_SITE_PACKAGES_PATH', ''), ('COLCON_PREFIX_PATH', '/home/omer/custom_pure_pursuit/simulink_models/matlab_msg_gen/glnxa64/install:/usr/local/MATLAB/R2025b/sys/ros2/glnxa64/ros2:/usr/local/MATLAB/R2025b/sys/ros2/glnxa64/ros2'), ('MWAPIKEY', 'ddScujargwtFYUBR'), ('ROS_DISTRO', 'jazzy'), ('GTK_IM_MODULE', 'ibus'), ('LOGNAME', 'omer'), ('MATLAB_MEM_MGR_VALUE', ''), ('JOURNAL_STREAM', '8:13108'), ('_', '/home/omer/.matlab/R2025b/ros2/glnxa64/venv/bin/colcon'), ('PKG_CONFIG_PATH', '/usr/local/MATLAB/R2025b/sys/ros2/glnxa64/ros2/lib/pkgconfig'), ('XDG_SESSION_CLASS', 'user'), ('USERNAME', 'omer'), ('TERM', 'dumb'), ('GNOME_DESKTOP_SESSION_ID', 'this-is-deprecated'), ('WINDOWPATH', '2'), ('PATH', '/usr/local/MATLAB/R2025b/bin/glnxa64/cmake/bin::/usr/local/MATLAB/R2025b/sys/ros2/glnxa64/ros2/bin:/home/omer/.matlab/R2025b/ros2/glnxa64/venv/bin:/home/omer/.matlab/R2025b/ros2/glnxa64/venv/bin:/usr/local/MATLAB/R2025b/toolbox/shared/coder/ninja/glnxa64:/home/omer/.local/bin:/usr/local/sbin:/usr/local/bin:/usr/sbin:/usr/bin:/sbin:/bin:/usr/games:/usr/local/games:/snap/bin:/snap/bin:/home/omer/.local/bin'), ('SESSION_MANAGER', 'local/omer-IdeaPad-L340-15IRH-Gaming:@/tmp/.ICE-unix/2121,unix/omer-IdeaPad-L340-15IRH-Gaming:/tmp/.ICE-unix/2121'), ('INVOCATION_ID', '528103d0f5034dbdb0c967cacf182e99'), ('XDG_MENU_PREFIX', 'gnome-'), ('XDG_RUNTIME_DIR', '/run/user/1000'), ('TOOLBOX', '/usr/local/MATLAB/R2025b/toolbox'), ('MKL_DOMAIN_NUM_THREADS', ''), ('KMP_INIT_AT_FORK', 'false'), ('DISPLAY', ':0'), ('LD_PRELOAD', ''), ('LANG', 'en_US.UTF-8'), ('XDG_CURRENT_DESKTOP', 'ubuntu:GNOME'), ('PRE_LD_PRELOAD', ''), ('VIRTUAL_ENV_PROMPT', '(venv)'), ('XMODIFIERS', '@im=ibus'), ('XDG_SESSION_DESKTOP', 'ubuntu-xorg'), ('XAUTHORITY', '/run/user/1000/gdm/Xauthority'), ('SSH_AGENT_LAUNCHER', 'gnome-keyring'), ('SSH_AUTH_SOCK', '/run/user/1000/keyring/ssh'), ('AMENT_PREFIX_PATH', '/home/omer/custom_pure_pursuit/simulink_models/matlab_msg_gen/glnxa64/install:/usr/local/MATLAB/R2025b/sys/ros2/glnxa64/ros2:/usr/local/MATLAB/R2025b/sys/ros2/glnxa64/ros2'), ('SHELL', '/bin/bash'), ('CMAKE_PATH', '/usr/local/MATLAB/R2025b/bin/glnxa64/cmake/bin'), ('XFILESEARCHPATH', '/usr/local/MATLAB/R2025b/sys/java/jre/glnxa64/jre/lib/locale/%L/%T/%N%S:'), ('QT_ACCESSIBILITY', '1'), ('GDMSESSION', 'ubuntu-xorg'), ('OSG_LD_LIBRARY_PATH', '/usr/local/MATLAB/R2025b/sys/openscenegraph/lib/glnxa64'), ('GPG_AGENT_INFO', '/run/user/1000/gnupg/S.gpg-agent:0:1'), ('GJS_DEBUG_OUTPUT', 'stderr'), ('VIRTUAL_ENV', '/home/omer/.matlab/R2025b/ros2/glnxa64/venv'), ('CUSTOM_PATH', ''), ('KMP_STACKSIZE', '512k'), ('QT_IM_MODULE', 'ibus'), ('PWD', '/home/omer/custom_pure_pursuit/simulink_models/matlab_msg_gen/glnxa64/build/autoware_planning_msgs'), ('XDG_CONFIG_DIRS', '/etc/xdg/xdg-ubuntu-xorg:/etc/xdg'), ('DYLD_LIBRARY_PATH', ':/usr/local/MATLAB/R2025b/sys/ros2/glnxa64/ros2/lib:'), ('XDG_DATA_DIRS', '/usr/share/ubuntu-xorg:/usr/share/gnome:/usr/local/share/:/usr/share/:/var/lib/snapd/desktop'), ('MKL_NUM_THREADS', ''), ('MW_PATCH_OFFSETS', '0000117000002EA0'), ('PYTHONPATH', ':/usr/local/MATLAB/R2025b/sys/ros2/glnxa64/ros2/lib/python3.9/site-packages:/home/omer/.matlab/R2025b/ros2/glnxa64/venv/lib/python3.10/site-packages:'), ('LC_NUMERIC', 'C'), ('COLCON', '1'), ('MW_CONNECTOR_COOKIE_SETTINGS', '[{"prefix":"ch_","suffix":"_13097"}]'), ('CMAKE_PREFIX_PATH', '/home/omer/custom_pure_pursuit/simulink_models/matlab_msg_gen/glnxa64/install:/usr/local/MATLAB/R2025b/sys/ros2/glnxa64/ros2:/usr/local/MATLAB/R2025b/sys/ros2/glnxa64/ros2')]), 'shell': False}
[0.061678] (autoware_planning_msgs) StdoutLine: {'line': b'[0/1] Re-running CMake...\n'}
[0.074933] (autoware_planning_msgs) StdoutLine: {'line': b'-- Building for ROS 2 Jazzy\n'}
[0.075281] (autoware_planning_msgs) StdoutLine: {'line': b'-- Found ament_cmake: 2.5.2 (/usr/local/MATLAB/R2025b/sys/ros2/glnxa64/ros2/share/ament_cmake/cmake)\n'}
[0.099454] (-) TimerEvent: {}
[0.178061] (autoware_planning_msgs) StdoutLine: {'line': b'-- Found ament_cmake_ros: 0.12.0 (/usr/local/MATLAB/R2025b/sys/ros2/glnxa64/ros2/share/ament_cmake_ros/cmake)\n'}
[0.185063] (autoware_planning_msgs) StdoutLine: {'line': b'-- Found rosidl_typesupport_c: 3.2.2 (/usr/local/MATLAB/R2025b/sys/ros2/glnxa64/ros2/share/rosidl_typesupport_c/cmake)\n'}
[0.186091] (autoware_planning_msgs) StdoutLine: {'line': b'-- Using all available rosidl_typesupport_c: rosidl_typesupport_fastrtps_c;rosidl_typesupport_introspection_c\n'}
[0.199582] (-) TimerEvent: {}
[0.239995] (autoware_planning_msgs) StdoutLine: {'line': b'-- Found rosidl_typesupport_cpp: 3.2.2 (/usr/local/MATLAB/R2025b/sys/ros2/glnxa64/ros2/share/rosidl_typesupport_cpp/cmake)\n'}
[0.240961] (autoware_planning_msgs) StdoutLine: {'line': b'-- Using all available rosidl_typesupport_cpp: rosidl_typesupport_fastrtps_cpp;rosidl_typesupport_introspection_cpp\n'}
[0.277615] (autoware_planning_msgs) StdoutLine: {'line': b'-- Found rosidl_default_generators: 1.6.0 (/usr/local/MATLAB/R2025b/sys/ros2/glnxa64/ros2/share/rosidl_default_generators/cmake)\n'}
[0.284308] (autoware_planning_msgs) StdoutLine: {'line': b'-- Found rosidl_adapter: 4.8.1 (/usr/local/MATLAB/R2025b/sys/ros2/glnxa64/ros2/share/rosidl_adapter/cmake)\n'}
[0.287070] (autoware_planning_msgs) StdoutLine: {'line': b'-- Found class_loader: 2.7.0 (/usr/local/MATLAB/R2025b/sys/ros2/glnxa64/ros2/share/class_loader/cmake)\n'}
[0.291270] (autoware_planning_msgs) StdoutLine: {'line': b'-- Found geometry_msgs: 5.3.5 (/usr/local/MATLAB/R2025b/sys/ros2/glnxa64/ros2/share/geometry_msgs/cmake)\n'}
[0.299695] (-) TimerEvent: {}
[0.346683] (autoware_planning_msgs) StdoutLine: {'line': b'-- Found rclcpp: 28.1.3 (/usr/local/MATLAB/R2025b/sys/ros2/glnxa64/ros2/share/rclcpp/cmake)\n'}
[0.399825] (-) TimerEvent: {}
[0.412717] (autoware_planning_msgs) StdoutLine: {'line': b'-- Found rmw_implementation_cmake: 7.3.1 (/usr/local/MATLAB/R2025b/sys/ros2/glnxa64/ros2/share/rmw_implementation_cmake/cmake)\n'}
[0.415137] (autoware_planning_msgs) StdoutLine: {'line': b'-- Found rmw_fastrtps_cpp: 9.0.0 (/usr/local/MATLAB/R2025b/sys/ros2/glnxa64/ros2/share/rmw_fastrtps_cpp/cmake)\n'}
[0.465594] (autoware_planning_msgs) StdoutLine: {'line': b"-- Using RMW implementation 'rmw_fastrtps_cpp' as default\n"}
[0.499948] (-) TimerEvent: {}
[0.600161] (-) TimerEvent: {}
[0.700391] (-) TimerEvent: {}
[0.800632] (-) TimerEvent: {}
[0.900909] (-) TimerEvent: {}
[1.001222] (-) TimerEvent: {}
[1.101441] (-) TimerEvent: {}
[1.115098] (autoware_planning_msgs) StdoutLine: {'line': b'-- Using all available rosidl_typesupport_c: rosidl_typesupport_fastrtps_c;rosidl_typesupport_introspection_c\n'}
[1.201552] (-) TimerEvent: {}
[1.301810] (-) TimerEvent: {}
[1.402056] (-) TimerEvent: {}
[1.441260] (autoware_planning_msgs) StdoutLine: {'line': b'-- Using all available rosidl_typesupport_cpp: rosidl_typesupport_fastrtps_cpp;rosidl_typesupport_introspection_cpp\n'}
[1.455760] (autoware_planning_msgs) StdoutLine: {'line': b'-- Configuring done\n'}
[1.499907] (autoware_planning_msgs) StdoutLine: {'line': b'-- Generating done\n'}
[1.502147] (-) TimerEvent: {}
[1.508376] (autoware_planning_msgs) StdoutLine: {'line': b'-- Build files have been written to: /home/omer/custom_pure_pursuit/simulink_models/matlab_msg_gen/glnxa64/build/autoware_planning_msgs\n'}
[1.541629] (autoware_planning_msgs) StdoutLine: {'line': b'ninja: no work to do.\n'}
[1.543044] (autoware_planning_msgs) CommandEnded: {'returncode': 0}
[1.557965] (autoware_planning_msgs) JobProgress: {'identifier': 'autoware_planning_msgs', 'progress': 'install'}
[1.560571] (autoware_planning_msgs) Command: {'cmd': ['/usr/local/MATLAB/R2025b/bin/glnxa64/cmake/bin/cmake', '--install', '/home/omer/custom_pure_pursuit/simulink_models/matlab_msg_gen/glnxa64/build/autoware_planning_msgs'], 'cwd': '/home/omer/custom_pure_pursuit/simulink_models/matlab_msg_gen/glnxa64/build/autoware_planning_msgs', 'env': OrderedDict([('GJS_DEBUG_TOPICS', 'JS ERROR;JS LOG'), ('ARCH', 'glnxa64'), ('CUSTOM_LD_LIBRARY_PATH', ''), ('USER', 'omer'), ('LOCAL_PYTHON_VENV_PATH', '/home/omer/.matlab/R2025b/ros2/glnxa64/venv'), ('MEMKIND_HEAP_MANAGER', 'TBB'), ('CUSTOM_AMENT_PREFIX_PATH', '/home/omer/custom_pure_pursuit/simulink_models/matlab_msg_gen/glnxa64/install:/usr/local/MATLAB/R2025b/sys/ros2/glnxa64/ros2'), ('XDG_SESSION_TYPE', 'x11'), ('KMP_HANDLE_SIGNALS', '0'), ('SHLVL', '1'), ('ICU_TIMEZONE_FILES_DIR', '/usr/local/MATLAB/R2025b/bin/icutzdata'), ('LD_LIBRARY_PATH', ':/usr/local/MATLAB/R2025b/sys/ros2/glnxa64/ros2/lib:/usr/local/MATLAB/R2025b/sys/os/glnxa64:/usr/local/MATLAB/R2025b/bin/glnxa64:/home/omer/.MathWorks/xdJTwxKhLpLNmhsyPIrTSJYUZLtloJyItpbCjJDyqQg/bin/glnxa64:/usr/local/MATLAB/R2025b/extern/lib/glnxa64:/usr/local/MATLAB/R2025b/cefclient/sys/os/glnxa64:/usr/local/MATLAB/R2025b/runtime/glnxa64:/usr/local/MATLAB/R2025b/sys/java/jre/glnxa64/jre/lib/amd64/native_threads:/usr/local/MATLAB/R2025b/sys/java/jre/glnxa64/jre/lib/amd64/server'), ('BASEMATLABPATH', ''), ('HOME', '/home/omer'), ('AUTOMOUNT_MAP', ''), ('OLDPWD', '/usr/local/MATLAB/R2025b'), ('DESKTOP_SESSION', 'ubuntu-xorg'), ('MW_LD_SHIM', '/usr/local/MATLAB/R2025b/bin/glnxa64/ld_shim.so.2.35.ubuntu_22_04'), ('GIO_LAUNCHED_DESKTOP_FILE', '/usr/share/applications/matlab.desktop'), ('GNOME_SHELL_SESSION_MODE', 'ubuntu'), ('GTK_MODULES', 'gail:atk-bridge'), ('KMP_BLOCKTIME', '1'), ('PS1', '(venv)'), ('MANAGERPID', '1879'), ('SYSTEMD_EXEC_PID', '2148'), ('DBUS_SESSION_BUS_ADDRESS', 'unix:path=/run/user/1000/bus'), ('GIO_LAUNCHED_DESKTOP_FILE_PID', '13097'), ('CUSTOM_SITE_PACKAGES_PATH', ''), ('COLCON_PREFIX_PATH', '/home/omer/custom_pure_pursuit/simulink_models/matlab_msg_gen/glnxa64/install:/usr/local/MATLAB/R2025b/sys/ros2/glnxa64/ros2:/usr/local/MATLAB/R2025b/sys/ros2/glnxa64/ros2'), ('MWAPIKEY', 'ddScujargwtFYUBR'), ('ROS_DISTRO', 'jazzy'), ('GTK_IM_MODULE', 'ibus'), ('LOGNAME', 'omer'), ('MATLAB_MEM_MGR_VALUE', ''), ('JOURNAL_STREAM', '8:13108'), ('_', '/home/omer/.matlab/R2025b/ros2/glnxa64/venv/bin/colcon'), ('PKG_CONFIG_PATH', '/usr/local/MATLAB/R2025b/sys/ros2/glnxa64/ros2/lib/pkgconfig'), ('XDG_SESSION_CLASS', 'user'), ('USERNAME', 'omer'), ('TERM', 'dumb'), ('GNOME_DESKTOP_SESSION_ID', 'this-is-deprecated'), ('WINDOWPATH', '2'), ('PATH', '/usr/local/MATLAB/R2025b/bin/glnxa64/cmake/bin::/usr/local/MATLAB/R2025b/sys/ros2/glnxa64/ros2/bin:/home/omer/.matlab/R2025b/ros2/glnxa64/venv/bin:/home/omer/.matlab/R2025b/ros2/glnxa64/venv/bin:/usr/local/MATLAB/R2025b/toolbox/shared/coder/ninja/glnxa64:/home/omer/.local/bin:/usr/local/sbin:/usr/local/bin:/usr/sbin:/usr/bin:/sbin:/bin:/usr/games:/usr/local/games:/snap/bin:/snap/bin:/home/omer/.local/bin'), ('SESSION_MANAGER', 'local/omer-IdeaPad-L340-15IRH-Gaming:@/tmp/.ICE-unix/2121,unix/omer-IdeaPad-L340-15IRH-Gaming:/tmp/.ICE-unix/2121'), ('INVOCATION_ID', '528103d0f5034dbdb0c967cacf182e99'), ('XDG_MENU_PREFIX', 'gnome-'), ('XDG_RUNTIME_DIR', '/run/user/1000'), ('TOOLBOX', '/usr/local/MATLAB/R2025b/toolbox'), ('MKL_DOMAIN_NUM_THREADS', ''), ('KMP_INIT_AT_FORK', 'false'), ('DISPLAY', ':0'), ('LD_PRELOAD', ''), ('LANG', 'en_US.UTF-8'), ('XDG_CURRENT_DESKTOP', 'ubuntu:GNOME'), ('PRE_LD_PRELOAD', ''), ('VIRTUAL_ENV_PROMPT', '(venv)'), ('XMODIFIERS', '@im=ibus'), ('XDG_SESSION_DESKTOP', 'ubuntu-xorg'), ('XAUTHORITY', '/run/user/1000/gdm/Xauthority'), ('SSH_AGENT_LAUNCHER', 'gnome-keyring'), ('SSH_AUTH_SOCK', '/run/user/1000/keyring/ssh'), ('AMENT_PREFIX_PATH', '/home/omer/custom_pure_pursuit/simulink_models/matlab_msg_gen/glnxa64/install:/usr/local/MATLAB/R2025b/sys/ros2/glnxa64/ros2:/usr/local/MATLAB/R2025b/sys/ros2/glnxa64/ros2'), ('SHELL', '/bin/bash'), ('CMAKE_PATH', '/usr/local/MATLAB/R2025b/bin/glnxa64/cmake/bin'), ('XFILESEARCHPATH', '/usr/local/MATLAB/R2025b/sys/java/jre/glnxa64/jre/lib/locale/%L/%T/%N%S:'), ('QT_ACCESSIBILITY', '1'), ('GDMSESSION', 'ubuntu-xorg'), ('OSG_LD_LIBRARY_PATH', '/usr/local/MATLAB/R2025b/sys/openscenegraph/lib/glnxa64'), ('GPG_AGENT_INFO', '/run/user/1000/gnupg/S.gpg-agent:0:1'), ('GJS_DEBUG_OUTPUT', 'stderr'), ('VIRTUAL_ENV', '/home/omer/.matlab/R2025b/ros2/glnxa64/venv'), ('CUSTOM_PATH', ''), ('KMP_STACKSIZE', '512k'), ('QT_IM_MODULE', 'ibus'), ('PWD', '/home/omer/custom_pure_pursuit/simulink_models/matlab_msg_gen/glnxa64/build/autoware_planning_msgs'), ('XDG_CONFIG_DIRS', '/etc/xdg/xdg-ubuntu-xorg:/etc/xdg'), ('DYLD_LIBRARY_PATH', ':/usr/local/MATLAB/R2025b/sys/ros2/glnxa64/ros2/lib:'), ('XDG_DATA_DIRS', '/usr/share/ubuntu-xorg:/usr/share/gnome:/usr/local/share/:/usr/share/:/var/lib/snapd/desktop'), ('MKL_NUM_THREADS', ''), ('MW_PATCH_OFFSETS', '0000117000002EA0'), ('PYTHONPATH', ':/usr/local/MATLAB/R2025b/sys/ros2/glnxa64/ros2/lib/python3.9/site-packages:/home/omer/.matlab/R2025b/ros2/glnxa64/venv/lib/python3.10/site-packages:'), ('LC_NUMERIC', 'C'), ('COLCON', '1'), ('MW_CONNECTOR_COOKIE_SETTINGS', '[{"prefix":"ch_","suffix":"_13097"}]'), ('CMAKE_PREFIX_PATH', '/home/omer/custom_pure_pursuit/simulink_models/matlab_msg_gen/glnxa64/install:/usr/local/MATLAB/R2025b/sys/ros2/glnxa64/ros2:/usr/local/MATLAB/R2025b/sys/ros2/glnxa64/ros2')]), 'shell': False}
[1.563333] (autoware_planning_msgs) StdoutLine: {'line': b'-- Install configuration: "Release"\n'}
[1.563519] (autoware_planning_msgs) StdoutLine: {'line': b'-- Up-to-date: /home/omer/custom_pure_pursuit/simulink_models/matlab_msg_gen/glnxa64/install/share/ament_index/resource_index/rosidl_interfaces/autoware_planning_msgs\n'}
[1.563683] (autoware_planning_msgs) StdoutLine: {'line': b'-- Up-to-date: /home/omer/custom_pure_pursuit/simulink_models/matlab_msg_gen/glnxa64/install/share/autoware_planning_msgs/msg/Path.json\n'}
[1.563867] (autoware_planning_msgs) StdoutLine: {'line': b'-- Up-to-date: /home/omer/custom_pure_pursuit/simulink_models/matlab_msg_gen/glnxa64/install/share/autoware_planning_msgs/msg/PathPoint.json\n'}
[1.564047] (autoware_planning_msgs) StdoutLine: {'line': b'-- Up-to-date: /home/omer/custom_pure_pursuit/simulink_models/matlab_msg_gen/glnxa64/install/include/autoware_planning_msgs/autoware_planning_msgs\n'}
[1.564239] (autoware_planning_msgs) StdoutLine: {'line': b'-- Up-to-date: /home/omer/custom_pure_pursuit/simulink_models/matlab_msg_gen/glnxa64/install/include/autoware_planning_msgs/autoware_planning_msgs/msg\n'}
[1.564390] (autoware_planning_msgs) StdoutLine: {'line': b'-- Up-to-date: /home/omer/custom_pure_pursuit/simulink_models/matlab_msg_gen/glnxa64/install/include/autoware_planning_msgs/autoware_planning_msgs/msg/detail\n'}
[1.564588] (autoware_planning_msgs) StdoutLine: {'line': b'-- Up-to-date: /home/omer/custom_pure_pursuit/simulink_models/matlab_msg_gen/glnxa64/install/include/autoware_planning_msgs/autoware_planning_msgs/msg/detail/path_point__description.c\n'}
[1.564732] (autoware_planning_msgs) StdoutLine: {'line': b'-- Up-to-date: /home/omer/custom_pure_pursuit/simulink_models/matlab_msg_gen/glnxa64/install/include/autoware_planning_msgs/autoware_planning_msgs/msg/detail/path_point__type_support.h\n'}
[1.564911] (autoware_planning_msgs) StdoutLine: {'line': b'-- Up-to-date: /home/omer/custom_pure_pursuit/simulink_models/matlab_msg_gen/glnxa64/install/include/autoware_planning_msgs/autoware_planning_msgs/msg/detail/path_point__struct.h\n'}
[1.565096] (autoware_planning_msgs) StdoutLine: {'line': b'-- Up-to-date: /home/omer/custom_pure_pursuit/simulink_models/matlab_msg_gen/glnxa64/install/include/autoware_planning_msgs/autoware_planning_msgs/msg/detail/path_point__type_support.c\n'}
[1.565216] (autoware_planning_msgs) StdoutLine: {'line': b'-- Up-to-date: /home/omer/custom_pure_pursuit/simulink_models/matlab_msg_gen/glnxa64/install/include/autoware_planning_msgs/autoware_planning_msgs/msg/detail/path__functions.h\n'}
[1.565349] (autoware_planning_msgs) StdoutLine: {'line': b'-- Up-to-date: /home/omer/custom_pure_pursuit/simulink_models/matlab_msg_gen/glnxa64/install/include/autoware_planning_msgs/autoware_planning_msgs/msg/detail/path__struct.h\n'}
[1.565563] (autoware_planning_msgs) StdoutLine: {'line': b'-- Up-to-date: /home/omer/custom_pure_pursuit/simulink_models/matlab_msg_gen/glnxa64/install/include/autoware_planning_msgs/autoware_planning_msgs/msg/detail/path__type_support.c\n'}
[1.565728] (autoware_planning_msgs) StdoutLine: {'line': b'-- Up-to-date: /home/omer/custom_pure_pursuit/simulink_models/matlab_msg_gen/glnxa64/install/include/autoware_planning_msgs/autoware_planning_msgs/msg/detail/path__description.c\n'}
[1.565916] (autoware_planning_msgs) StdoutLine: {'line': b'-- Up-to-date: /home/omer/custom_pure_pursuit/simulink_models/matlab_msg_gen/glnxa64/install/include/autoware_planning_msgs/autoware_planning_msgs/msg/detail/path_point__functions.c\n'}
[1.566090] (autoware_planning_msgs) StdoutLine: {'line': b'-- Up-to-date: /home/omer/custom_pure_pursuit/simulink_models/matlab_msg_gen/glnxa64/install/include/autoware_planning_msgs/autoware_planning_msgs/msg/detail/path_point__functions.h\n'}
[1.566194] (autoware_planning_msgs) StdoutLine: {'line': b'-- Up-to-date: /home/omer/custom_pure_pursuit/simulink_models/matlab_msg_gen/glnxa64/install/include/autoware_planning_msgs/autoware_planning_msgs/msg/detail/path__type_support.h\n'}
[1.566356] (autoware_planning_msgs) StdoutLine: {'line': b'-- Up-to-date: /home/omer/custom_pure_pursuit/simulink_models/matlab_msg_gen/glnxa64/install/include/autoware_planning_msgs/autoware_planning_msgs/msg/detail/path__functions.c\n'}
[1.566485] (autoware_planning_msgs) StdoutLine: {'line': b'-- Up-to-date: /home/omer/custom_pure_pursuit/simulink_models/matlab_msg_gen/glnxa64/install/include/autoware_planning_msgs/autoware_planning_msgs/msg/path.h\n'}
[1.566617] (autoware_planning_msgs) StdoutLine: {'line': b'-- Up-to-date: /home/omer/custom_pure_pursuit/simulink_models/matlab_msg_gen/glnxa64/install/include/autoware_planning_msgs/autoware_planning_msgs/msg/rosidl_generator_c__visibility_control.h\n'}
[1.566761] (autoware_planning_msgs) StdoutLine: {'line': b'-- Up-to-date: /home/omer/custom_pure_pursuit/simulink_models/matlab_msg_gen/glnxa64/install/include/autoware_planning_msgs/autoware_planning_msgs/msg/path_point.h\n'}
[1.566950] (autoware_planning_msgs) StdoutLine: {'line': b'-- Up-to-date: /home/omer/custom_pure_pursuit/simulink_models/matlab_msg_gen/glnxa64/install/share/autoware_planning_msgs/environment/library_path.sh\n'}
[1.567077] (autoware_planning_msgs) StdoutLine: {'line': b'-- Up-to-date: /home/omer/custom_pure_pursuit/simulink_models/matlab_msg_gen/glnxa64/install/share/autoware_planning_msgs/environment/library_path.dsv\n'}
[1.567203] (autoware_planning_msgs) StdoutLine: {'line': b'-- Up-to-date: /home/omer/custom_pure_pursuit/simulink_models/matlab_msg_gen/glnxa64/install/lib/libautoware_planning_msgs__rosidl_generator_c.so\n'}
[1.567363] (autoware_planning_msgs) StdoutLine: {'line': b'-- Up-to-date: /home/omer/custom_pure_pursuit/simulink_models/matlab_msg_gen/glnxa64/install/include/autoware_planning_msgs/autoware_planning_msgs\n'}
[1.567526] (autoware_planning_msgs) StdoutLine: {'line': b'-- Up-to-date: /home/omer/custom_pure_pursuit/simulink_models/matlab_msg_gen/glnxa64/install/include/autoware_planning_msgs/autoware_planning_msgs/msg\n'}
[1.567691] (autoware_planning_msgs) StdoutLine: {'line': b'-- Up-to-date: /home/omer/custom_pure_pursuit/simulink_models/matlab_msg_gen/glnxa64/install/include/autoware_planning_msgs/autoware_planning_msgs/msg/detail\n'}
[1.567857] (autoware_planning_msgs) StdoutLine: {'line': b'-- Up-to-date: /home/omer/custom_pure_pursuit/simulink_models/matlab_msg_gen/glnxa64/install/include/autoware_planning_msgs/autoware_planning_msgs/msg/detail/path_point__rosidl_typesupport_fastrtps_c.h\n'}
[1.568014] (autoware_planning_msgs) StdoutLine: {'line': b'-- Up-to-date: /home/omer/custom_pure_pursuit/simulink_models/matlab_msg_gen/glnxa64/install/include/autoware_planning_msgs/autoware_planning_msgs/msg/detail/path__rosidl_typesupport_fastrtps_c.h\n'}
[1.568130] (autoware_planning_msgs) StdoutLine: {'line': b'-- Up-to-date: /home/omer/custom_pure_pursuit/simulink_models/matlab_msg_gen/glnxa64/install/include/autoware_planning_msgs/autoware_planning_msgs/msg/rosidl_typesupport_fastrtps_c__visibility_control.h\n'}
[1.568254] (autoware_planning_msgs) StdoutLine: {'line': b'-- Up-to-date: /home/omer/custom_pure_pursuit/simulink_models/matlab_msg_gen/glnxa64/install/lib/libautoware_planning_msgs__rosidl_typesupport_fastrtps_c.so\n'}
[1.568378] (autoware_planning_msgs) StdoutLine: {'line': b'-- Up-to-date: /home/omer/custom_pure_pursuit/simulink_models/matlab_msg_gen/glnxa64/install/include/autoware_planning_msgs/autoware_planning_msgs\n'}
[1.568542] (autoware_planning_msgs) StdoutLine: {'line': b'-- Up-to-date: /home/omer/custom_pure_pursuit/simulink_models/matlab_msg_gen/glnxa64/install/include/autoware_planning_msgs/autoware_planning_msgs/msg\n'}
[1.568660] (autoware_planning_msgs) StdoutLine: {'line': b'-- Up-to-date: /home/omer/custom_pure_pursuit/simulink_models/matlab_msg_gen/glnxa64/install/include/autoware_planning_msgs/autoware_planning_msgs/msg/rosidl_typesupport_introspection_c__visibility_control.h\n'}
[1.568804] (autoware_planning_msgs) StdoutLine: {'line': b'-- Up-to-date: /home/omer/custom_pure_pursuit/simulink_models/matlab_msg_gen/glnxa64/install/include/autoware_planning_msgs/autoware_planning_msgs/msg/detail\n'}
[1.568927] (autoware_planning_msgs) StdoutLine: {'line': b'-- Up-to-date: /home/omer/custom_pure_pursuit/simulink_models/matlab_msg_gen/glnxa64/install/include/autoware_planning_msgs/autoware_planning_msgs/msg/detail/path__rosidl_typesupport_introspection_c.h\n'}
[1.569051] (autoware_planning_msgs) StdoutLine: {'line': b'-- Up-to-date: /home/omer/custom_pure_pursuit/simulink_models/matlab_msg_gen/glnxa64/install/include/autoware_planning_msgs/autoware_planning_msgs/msg/detail/path_point__type_support.c\n'}
[1.569173] (autoware_planning_msgs) StdoutLine: {'line': b'-- Up-to-date: /home/omer/custom_pure_pursuit/simulink_models/matlab_msg_gen/glnxa64/install/include/autoware_planning_msgs/autoware_planning_msgs/msg/detail/path__type_support.c\n'}
[1.569303] (autoware_planning_msgs) StdoutLine: {'line': b'-- Up-to-date: /home/omer/custom_pure_pursuit/simulink_models/matlab_msg_gen/glnxa64/install/include/autoware_planning_msgs/autoware_planning_msgs/msg/detail/path_point__rosidl_typesupport_introspection_c.h\n'}
[1.569434] (autoware_planning_msgs) StdoutLine: {'line': b'-- Up-to-date: /home/omer/custom_pure_pursuit/simulink_models/matlab_msg_gen/glnxa64/install/lib/libautoware_planning_msgs__rosidl_typesupport_introspection_c.so\n'}
[1.569551] (autoware_planning_msgs) StdoutLine: {'line': b'-- Up-to-date: /home/omer/custom_pure_pursuit/simulink_models/matlab_msg_gen/glnxa64/install/lib/libautoware_planning_msgs__rosidl_typesupport_c.so\n'}
[1.569725] (autoware_planning_msgs) StdoutLine: {'line': b'-- Up-to-date: /home/omer/custom_pure_pursuit/simulink_models/matlab_msg_gen/glnxa64/install/include/autoware_planning_msgs/autoware_planning_msgs\n'}
[1.569882] (autoware_planning_msgs) StdoutLine: {'line': b'-- Up-to-date: /home/omer/custom_pure_pursuit/simulink_models/matlab_msg_gen/glnxa64/install/include/autoware_planning_msgs/autoware_planning_msgs/msg\n'}
[1.570023] (autoware_planning_msgs) StdoutLine: {'line': b'-- Up-to-date: /home/omer/custom_pure_pursuit/simulink_models/matlab_msg_gen/glnxa64/install/include/autoware_planning_msgs/autoware_planning_msgs/msg/path.hpp\n'}
[1.570188] (autoware_planning_msgs) StdoutLine: {'line': b'-- Up-to-date: /home/omer/custom_pure_pursuit/simulink_models/matlab_msg_gen/glnxa64/install/include/autoware_planning_msgs/autoware_planning_msgs/msg/rosidl_generator_cpp__visibility_control.hpp\n'}
[1.570319] (autoware_planning_msgs) StdoutLine: {'line': b'-- Up-to-date: /home/omer/custom_pure_pursuit/simulink_models/matlab_msg_gen/glnxa64/install/include/autoware_planning_msgs/autoware_planning_msgs/msg/detail\n'}
[1.570426] (autoware_planning_msgs) StdoutLine: {'line': b'-- Up-to-date: /home/omer/custom_pure_pursuit/simulink_models/matlab_msg_gen/glnxa64/install/include/autoware_planning_msgs/autoware_planning_msgs/msg/detail/path_point__builder.hpp\n'}
[1.570524] (autoware_planning_msgs) StdoutLine: {'line': b'-- Up-to-date: /home/omer/custom_pure_pursuit/simulink_models/matlab_msg_gen/glnxa64/install/include/autoware_planning_msgs/autoware_planning_msgs/msg/detail/path__traits.hpp\n'}
[1.570614] (autoware_planning_msgs) StdoutLine: {'line': b'-- Up-to-date: /home/omer/custom_pure_pursuit/simulink_models/matlab_msg_gen/glnxa64/install/include/autoware_planning_msgs/autoware_planning_msgs/msg/detail/path__struct.hpp\n'}
[1.570703] (autoware_planning_msgs) StdoutLine: {'line': b'-- Up-to-date: /home/omer/custom_pure_pursuit/simulink_models/matlab_msg_gen/glnxa64/install/include/autoware_planning_msgs/autoware_planning_msgs/msg/detail/path__builder.hpp\n'}
[1.570798] (autoware_planning_msgs) StdoutLine: {'line': b'-- Up-to-date: /home/omer/custom_pure_pursuit/simulink_models/matlab_msg_gen/glnxa64/install/include/autoware_planning_msgs/autoware_planning_msgs/msg/detail/path_point__struct.hpp\n'}
[1.570898] (autoware_planning_msgs) StdoutLine: {'line': b'-- Up-to-date: /home/omer/custom_pure_pursuit/simulink_models/matlab_msg_gen/glnxa64/install/include/autoware_planning_msgs/autoware_planning_msgs/msg/detail/path_point__traits.hpp\n'}
[1.571012] (autoware_planning_msgs) StdoutLine: {'line': b'-- Up-to-date: /home/omer/custom_pure_pursuit/simulink_models/matlab_msg_gen/glnxa64/install/include/autoware_planning_msgs/autoware_planning_msgs/msg/detail/path__type_support.hpp\n'}
[1.571296] (autoware_planning_msgs) StdoutLine: {'line': b'-- Up-to-date: /home/omer/custom_pure_pursuit/simulink_models/matlab_msg_gen/glnxa64/install/include/autoware_planning_msgs/autoware_planning_msgs/msg/detail/path_point__type_support.hpp\n'}
[1.571468] (autoware_planning_msgs) StdoutLine: {'line': b'-- Up-to-date: /home/omer/custom_pure_pursuit/simulink_models/matlab_msg_gen/glnxa64/install/include/autoware_planning_msgs/autoware_planning_msgs/msg/path_point.hpp\n'}
[1.574095] (autoware_planning_msgs) StdoutLine: {'line': b'-- Up-to-date: /home/omer/custom_pure_pursuit/simulink_models/matlab_msg_gen/glnxa64/install/include/autoware_planning_msgs/autoware_planning_msgs\n'}
[1.574278] (autoware_planning_msgs) StdoutLine: {'line': b'-- Up-to-date: /home/omer/custom_pure_pursuit/simulink_models/matlab_msg_gen/glnxa64/install/include/autoware_planning_msgs/autoware_planning_msgs/msg\n'}
[1.574401] (autoware_planning_msgs) StdoutLine: {'line': b'-- Up-to-date: /home/omer/custom_pure_pursuit/simulink_models/matlab_msg_gen/glnxa64/install/include/autoware_planning_msgs/autoware_planning_msgs/msg/detail\n'}
[1.574518] (autoware_planning_msgs) StdoutLine: {'line': b'-- Up-to-date: /home/omer/custom_pure_pursuit/simulink_models/matlab_msg_gen/glnxa64/install/include/autoware_planning_msgs/autoware_planning_msgs/msg/detail/dds_fastrtps\n'}
[1.574701] (autoware_planning_msgs) StdoutLine: {'line': b'-- Up-to-date: /home/omer/custom_pure_pursuit/simulink_models/matlab_msg_gen/glnxa64/install/include/autoware_planning_msgs/autoware_planning_msgs/msg/detail/path__rosidl_typesupport_fastrtps_cpp.hpp\n'}
[1.574847] (autoware_planning_msgs) StdoutLine: {'line': b'-- Up-to-date: /home/omer/custom_pure_pursuit/simulink_models/matlab_msg_gen/glnxa64/install/include/autoware_planning_msgs/autoware_planning_msgs/msg/detail/path_point__rosidl_typesupport_fastrtps_cpp.hpp\n'}
[1.575034] (autoware_planning_msgs) StdoutLine: {'line': b'-- Up-to-date: /home/omer/custom_pure_pursuit/simulink_models/matlab_msg_gen/glnxa64/install/include/autoware_planning_msgs/autoware_planning_msgs/msg/rosidl_typesupport_fastrtps_cpp__visibility_control.h\n'}
[1.575169] (autoware_planning_msgs) StdoutLine: {'line': b'-- Up-to-date: /home/omer/custom_pure_pursuit/simulink_models/matlab_msg_gen/glnxa64/install/lib/libautoware_planning_msgs__rosidl_typesupport_fastrtps_cpp.so\n'}
[1.575284] (autoware_planning_msgs) StdoutLine: {'line': b'-- Up-to-date: /home/omer/custom_pure_pursuit/simulink_models/matlab_msg_gen/glnxa64/install/include/autoware_planning_msgs/autoware_planning_msgs\n'}
[1.577390] (autoware_planning_msgs) StdoutLine: {'line': b'-- Up-to-date: /home/omer/custom_pure_pursuit/simulink_models/matlab_msg_gen/glnxa64/install/include/autoware_planning_msgs/autoware_planning_msgs/msg\n'}
[1.577514] (autoware_planning_msgs) StdoutLine: {'line': b'-- Up-to-date: /home/omer/custom_pure_pursuit/simulink_models/matlab_msg_gen/glnxa64/install/include/autoware_planning_msgs/autoware_planning_msgs/msg/detail\n'}
[1.579264] (autoware_planning_msgs) StdoutLine: {'line': b'-- Up-to-date: /home/omer/custom_pure_pursuit/simulink_models/matlab_msg_gen/glnxa64/install/include/autoware_planning_msgs/autoware_planning_msgs/msg/detail/path__type_support.cpp\n'}
[1.579376] (autoware_planning_msgs) StdoutLine: {'line': b'-- Up-to-date: /home/omer/custom_pure_pursuit/simulink_models/matlab_msg_gen/glnxa64/install/include/autoware_planning_msgs/autoware_planning_msgs/msg/detail/path__rosidl_typesupport_introspection_cpp.hpp\n'}
[1.579586] (autoware_planning_msgs) StdoutLine: {'line': b'-- Up-to-date: /home/omer/custom_pure_pursuit/simulink_models/matlab_msg_gen/glnxa64/install/include/autoware_planning_msgs/autoware_planning_msgs/msg/detail/path_point__rosidl_typesupport_introspection_cpp.hpp\n'}
[1.579705] (autoware_planning_msgs) StdoutLine: {'line': b'-- Up-to-date: /home/omer/custom_pure_pursuit/simulink_models/matlab_msg_gen/glnxa64/install/include/autoware_planning_msgs/autoware_planning_msgs/msg/detail/path_point__type_support.cpp\n'}
[1.581502] (autoware_planning_msgs) StdoutLine: {'line': b'-- Up-to-date: /home/omer/custom_pure_pursuit/simulink_models/matlab_msg_gen/glnxa64/install/lib/libautoware_planning_msgs__rosidl_typesupport_introspection_cpp.so\n'}
[1.581637] (autoware_planning_msgs) StdoutLine: {'line': b'-- Up-to-date: /home/omer/custom_pure_pursuit/simulink_models/matlab_msg_gen/glnxa64/install/lib/libautoware_planning_msgs__rosidl_typesupport_cpp.so\n'}
[1.584147] (autoware_planning_msgs) StdoutLine: {'line': b'-- Up-to-date: /home/omer/custom_pure_pursuit/simulink_models/matlab_msg_gen/glnxa64/install/share/autoware_planning_msgs/msg/Path.idl\n'}
[1.584388] (autoware_planning_msgs) StdoutLine: {'line': b'-- Up-to-date: /home/omer/custom_pure_pursuit/simulink_models/matlab_msg_gen/glnxa64/install/share/autoware_planning_msgs/msg/PathPoint.idl\n'}
[1.584576] (autoware_planning_msgs) StdoutLine: {'line': b'-- Up-to-date: /home/omer/custom_pure_pursuit/simulink_models/matlab_msg_gen/glnxa64/install/share/autoware_planning_msgs/msg/Path.msg\n'}
[1.584698] (autoware_planning_msgs) StdoutLine: {'line': b'-- Up-to-date: /home/omer/custom_pure_pursuit/simulink_models/matlab_msg_gen/glnxa64/install/share/autoware_planning_msgs/msg/PathPoint.msg\n'}
[1.584845] (autoware_planning_msgs) StdoutLine: {'line': b'-- Up-to-date: /home/omer/custom_pure_pursuit/simulink_models/matlab_msg_gen/glnxa64/install/include\n'}
[1.585029] (autoware_planning_msgs) StdoutLine: {'line': b'-- Up-to-date: /home/omer/custom_pure_pursuit/simulink_models/matlab_msg_gen/glnxa64/install/include/autoware_planning_msgs\n'}
[1.585152] (autoware_planning_msgs) StdoutLine: {'line': b'-- Up-to-date: /home/omer/custom_pure_pursuit/simulink_models/matlab_msg_gen/glnxa64/install/include/autoware_planning_msgs/visibility_control.h\n'}
[1.585249] (autoware_planning_msgs) StdoutLine: {'line': b'-- Up-to-date: /home/omer/custom_pure_pursuit/simulink_models/matlab_msg_gen/glnxa64/install/lib/libautoware_planning_msgs_matlab.so\n'}
[1.585398] (autoware_planning_msgs) StdoutLine: {'line': b'-- Up-to-date: /home/omer/custom_pure_pursuit/simulink_models/matlab_msg_gen/glnxa64/install/m/\n'}
[1.585539] (autoware_planning_msgs) StdoutLine: {'line': b'-- Up-to-date: /home/omer/custom_pure_pursuit/simulink_models/matlab_msg_gen/glnxa64/install/m//+ros\n'}
[1.585639] (autoware_planning_msgs) StdoutLine: {'line': b'-- Up-to-date: /home/omer/custom_pure_pursuit/simulink_models/matlab_msg_gen/glnxa64/install/m//+ros/+internal\n'}
[1.585731] (autoware_planning_msgs) StdoutLine: {'line': b'-- Up-to-date: /home/omer/custom_pure_pursuit/simulink_models/matlab_msg_gen/glnxa64/install/m//+ros/+internal/+ros2\n'}
[1.585836] (autoware_planning_msgs) StdoutLine: {'line': b'-- Up-to-date: /home/omer/custom_pure_pursuit/simulink_models/matlab_msg_gen/glnxa64/install/m//+ros/+internal/+ros2/+custommessages\n'}
[1.586027] (autoware_planning_msgs) StdoutLine: {'line': b'-- Up-to-date: /home/omer/custom_pure_pursuit/simulink_models/matlab_msg_gen/glnxa64/install/m//+ros/+internal/+ros2/+custommessages/+autoware_planning_msgs\n'}
[1.586148] (autoware_planning_msgs) StdoutLine: {'line': b'-- Up-to-date: /home/omer/custom_pure_pursuit/simulink_models/matlab_msg_gen/glnxa64/install/m//+ros/+internal/+ros2/+custommessages/+autoware_planning_msgs/pathPoint.m\n'}
[1.588083] (autoware_planning_msgs) StdoutLine: {'line': b'-- Up-to-date: /home/omer/custom_pure_pursuit/simulink_models/matlab_msg_gen/glnxa64/install/m//+ros/+internal/+ros2/+custommessages/+autoware_planning_msgs/path.m\n'}
[1.588285] (autoware_planning_msgs) StdoutLine: {'line': b'-- Up-to-date: /home/omer/custom_pure_pursuit/simulink_models/matlab_msg_gen/glnxa64/install/share/ament_index/resource_index/package_run_dependencies/autoware_planning_msgs\n'}
[1.588390] (autoware_planning_msgs) StdoutLine: {'line': b'-- Up-to-date: /home/omer/custom_pure_pursuit/simulink_models/matlab_msg_gen/glnxa64/install/share/ament_index/resource_index/parent_prefix_path/autoware_planning_msgs\n'}
[1.588496] (autoware_planning_msgs) StdoutLine: {'line': b'-- Up-to-date: /home/omer/custom_pure_pursuit/simulink_models/matlab_msg_gen/glnxa64/install/share/autoware_planning_msgs/environment/ament_prefix_path.sh\n'}
[1.588610] (autoware_planning_msgs) StdoutLine: {'line': b'-- Up-to-date: /home/omer/custom_pure_pursuit/simulink_models/matlab_msg_gen/glnxa64/install/share/autoware_planning_msgs/environment/ament_prefix_path.dsv\n'}
[1.588707] (autoware_planning_msgs) StdoutLine: {'line': b'-- Up-to-date: /home/omer/custom_pure_pursuit/simulink_models/matlab_msg_gen/glnxa64/install/share/autoware_planning_msgs/environment/path.sh\n'}
[1.588866] (autoware_planning_msgs) StdoutLine: {'line': b'-- Up-to-date: /home/omer/custom_pure_pursuit/simulink_models/matlab_msg_gen/glnxa64/install/share/autoware_planning_msgs/environment/path.dsv\n'}
[1.589021] (autoware_planning_msgs) StdoutLine: {'line': b'-- Up-to-date: /home/omer/custom_pure_pursuit/simulink_models/matlab_msg_gen/glnxa64/install/share/autoware_planning_msgs/local_setup.bash\n'}
[1.589171] (autoware_planning_msgs) StdoutLine: {'line': b'-- Up-to-date: /home/omer/custom_pure_pursuit/simulink_models/matlab_msg_gen/glnxa64/install/share/autoware_planning_msgs/local_setup.sh\n'}
[1.589338] (autoware_planning_msgs) StdoutLine: {'line': b'-- Up-to-date: /home/omer/custom_pure_pursuit/simulink_models/matlab_msg_gen/glnxa64/install/share/autoware_planning_msgs/local_setup.zsh\n'}
[1.589463] (autoware_planning_msgs) StdoutLine: {'line': b'-- Up-to-date: /home/omer/custom_pure_pursuit/simulink_models/matlab_msg_gen/glnxa64/install/share/autoware_planning_msgs/local_setup.dsv\n'}
[1.589573] (autoware_planning_msgs) StdoutLine: {'line': b'-- Installing: /home/omer/custom_pure_pursuit/simulink_models/matlab_msg_gen/glnxa64/install/share/autoware_planning_msgs/package.dsv\n'}
[1.589763] (autoware_planning_msgs) StdoutLine: {'line': b'-- Up-to-date: /home/omer/custom_pure_pursuit/simulink_models/matlab_msg_gen/glnxa64/install/share/ament_index/resource_index/packages/autoware_planning_msgs\n'}
[1.589944] (autoware_planning_msgs) StdoutLine: {'line': b'-- Up-to-date: /home/omer/custom_pure_pursuit/simulink_models/matlab_msg_gen/glnxa64/install/share/autoware_planning_msgs/cmake/export_autoware_planning_msgs__rosidl_generator_cExport.cmake\n'}
[1.590101] (autoware_planning_msgs) StdoutLine: {'line': b'-- Up-to-date: /home/omer/custom_pure_pursuit/simulink_models/matlab_msg_gen/glnxa64/install/share/autoware_planning_msgs/cmake/export_autoware_planning_msgs__rosidl_generator_cExport-release.cmake\n'}
[1.590200] (autoware_planning_msgs) StdoutLine: {'line': b'-- Up-to-date: /home/omer/custom_pure_pursuit/simulink_models/matlab_msg_gen/glnxa64/install/share/autoware_planning_msgs/cmake/export_autoware_planning_msgs__rosidl_typesupport_fastrtps_cExport.cmake\n'}
[1.590300] (autoware_planning_msgs) StdoutLine: {'line': b'-- Up-to-date: /home/omer/custom_pure_pursuit/simulink_models/matlab_msg_gen/glnxa64/install/share/autoware_planning_msgs/cmake/export_autoware_planning_msgs__rosidl_typesupport_fastrtps_cExport-release.cmake\n'}
[1.590395] (autoware_planning_msgs) StdoutLine: {'line': b'-- Up-to-date: /home/omer/custom_pure_pursuit/simulink_models/matlab_msg_gen/glnxa64/install/share/autoware_planning_msgs/cmake/autoware_planning_msgs__rosidl_typesupport_introspection_cExport.cmake\n'}
[1.590487] (autoware_planning_msgs) StdoutLine: {'line': b'-- Up-to-date: /home/omer/custom_pure_pursuit/simulink_models/matlab_msg_gen/glnxa64/install/share/autoware_planning_msgs/cmake/autoware_planning_msgs__rosidl_typesupport_introspection_cExport-release.cmake\n'}
[1.590580] (autoware_planning_msgs) StdoutLine: {'line': b'-- Up-to-date: /home/omer/custom_pure_pursuit/simulink_models/matlab_msg_gen/glnxa64/install/share/autoware_planning_msgs/cmake/autoware_planning_msgs__rosidl_typesupport_cExport.cmake\n'}
[1.591371] (autoware_planning_msgs) StdoutLine: {'line': b'-- Up-to-date: /home/omer/custom_pure_pursuit/simulink_models/matlab_msg_gen/glnxa64/install/share/autoware_planning_msgs/cmake/autoware_planning_msgs__rosidl_typesupport_cExport-release.cmake\n'}
[1.591555] (autoware_planning_msgs) StdoutLine: {'line': b'-- Up-to-date: /home/omer/custom_pure_pursuit/simulink_models/matlab_msg_gen/glnxa64/install/share/autoware_planning_msgs/cmake/export_autoware_planning_msgs__rosidl_generator_cppExport.cmake\n'}
[1.591615] (autoware_planning_msgs) StdoutLine: {'line': b'-- Up-to-date: /home/omer/custom_pure_pursuit/simulink_models/matlab_msg_gen/glnxa64/install/share/autoware_planning_msgs/cmake/export_autoware_planning_msgs__rosidl_typesupport_fastrtps_cppExport.cmake\n'}
[1.591676] (autoware_planning_msgs) StdoutLine: {'line': b'-- Up-to-date: /home/omer/custom_pure_pursuit/simulink_models/matlab_msg_gen/glnxa64/install/share/autoware_planning_msgs/cmake/export_autoware_planning_msgs__rosidl_typesupport_fastrtps_cppExport-release.cmake\n'}
[1.591746] (autoware_planning_msgs) StdoutLine: {'line': b'-- Up-to-date: /home/omer/custom_pure_pursuit/simulink_models/matlab_msg_gen/glnxa64/install/share/autoware_planning_msgs/cmake/autoware_planning_msgs__rosidl_typesupport_introspection_cppExport.cmake\n'}
[1.591869] (autoware_planning_msgs) StdoutLine: {'line': b'-- Up-to-date: /home/omer/custom_pure_pursuit/simulink_models/matlab_msg_gen/glnxa64/install/share/autoware_planning_msgs/cmake/autoware_planning_msgs__rosidl_typesupport_introspection_cppExport-release.cmake\n'}
[1.591979] (autoware_planning_msgs) StdoutLine: {'line': b'-- Up-to-date: /home/omer/custom_pure_pursuit/simulink_models/matlab_msg_gen/glnxa64/install/share/autoware_planning_msgs/cmake/autoware_planning_msgs__rosidl_typesupport_cppExport.cmake\n'}
[1.592037] (autoware_planning_msgs) StdoutLine: {'line': b'-- Up-to-date: /home/omer/custom_pure_pursuit/simulink_models/matlab_msg_gen/glnxa64/install/share/autoware_planning_msgs/cmake/autoware_planning_msgs__rosidl_typesupport_cppExport-release.cmake\n'}
[1.592093] (autoware_planning_msgs) StdoutLine: {'line': b'-- Up-to-date: /home/omer/custom_pure_pursuit/simulink_models/matlab_msg_gen/glnxa64/install/share/autoware_planning_msgs/cmake/rosidl_cmake-extras.cmake\n'}
[1.592149] (autoware_planning_msgs) StdoutLine: {'line': b'-- Up-to-date: /home/omer/custom_pure_pursuit/simulink_models/matlab_msg_gen/glnxa64/install/share/autoware_planning_msgs/cmake/ament_cmake_export_dependencies-extras.cmake\n'}
[1.592204] (autoware_planning_msgs) StdoutLine: {'line': b'-- Up-to-date: /home/omer/custom_pure_pursuit/simulink_models/matlab_msg_gen/glnxa64/install/share/autoware_planning_msgs/cmake/ament_cmake_export_include_directories-extras.cmake\n'}
[1.592345] (autoware_planning_msgs) StdoutLine: {'line': b'-- Up-to-date: /home/omer/custom_pure_pursuit/simulink_models/matlab_msg_gen/glnxa64/install/share/autoware_planning_msgs/cmake/ament_cmake_export_libraries-extras.cmake\n'}
[1.592525] (autoware_planning_msgs) StdoutLine: {'line': b'-- Up-to-date: /home/omer/custom_pure_pursuit/simulink_models/matlab_msg_gen/glnxa64/install/share/autoware_planning_msgs/cmake/ament_cmake_export_targets-extras.cmake\n'}
[1.592671] (autoware_planning_msgs) StdoutLine: {'line': b'-- Up-to-date: /home/omer/custom_pure_pursuit/simulink_models/matlab_msg_gen/glnxa64/install/share/autoware_planning_msgs/cmake/rosidl_cmake_export_typesupport_targets-extras.cmake\n'}
[1.592812] (autoware_planning_msgs) StdoutLine: {'line': b'-- Up-to-date: /home/omer/custom_pure_pursuit/simulink_models/matlab_msg_gen/glnxa64/install/share/autoware_planning_msgs/cmake/rosidl_cmake_export_typesupport_libraries-extras.cmake\n'}
[1.592951] (autoware_planning_msgs) StdoutLine: {'line': b'-- Up-to-date: /home/omer/custom_pure_pursuit/simulink_models/matlab_msg_gen/glnxa64/install/share/autoware_planning_msgs/cmake/autoware_planning_msgsConfig.cmake\n'}
[1.593129] (autoware_planning_msgs) StdoutLine: {'line': b'-- Up-to-date: /home/omer/custom_pure_pursuit/simulink_models/matlab_msg_gen/glnxa64/install/share/autoware_planning_msgs/cmake/autoware_planning_msgsConfig-version.cmake\n'}
[1.593224] (autoware_planning_msgs) StdoutLine: {'line': b'-- Installing: /home/omer/custom_pure_pursuit/simulink_models/matlab_msg_gen/glnxa64/install/share/autoware_planning_msgs/package.xml\n'}
[1.593318] (autoware_planning_msgs) CommandEnded: {'returncode': 0}
[1.602219] (-) TimerEvent: {}
[1.706607] (-) TimerEvent: {}
[1.709779] (autoware_planning_msgs) JobEnded: {'identifier': 'autoware_planning_msgs', 'rc': 0}
[1.710468] (-) EventReactorShutdown: {}
